#
# There is insufficient memory for the Java Runtime Environment to continue.
# Native memory allocation (malloc) failed to allocate 930976 bytes. Error detail: Chunk::new
# Possible reasons:
#   The system is out of physical RAM or swap space
#   This process is running with CompressedOops enabled, and the Java Heap may be blocking the growth of the native heap
# Possible solutions:
#   Reduce memory load on the system
#   Increase physical memory or swap space
#   Check if swap backing store is full
#   Decrease Java heap size (-Xmx/-Xms)
#   Decrease number of Java threads
#   Decrease Java thread stack sizes (-Xss)
#   Set larger code cache with -XX:ReservedCodeCacheSize=
#   JVM is running with Unscaled Compressed Oops mode in which the Java heap is
#     placed in the first 4GB address space. The Java Heap base address is the
#     maximum limit for the native heap growth. Please use -XX:HeapBaseMinAddress
#     to set the Java Heap base and to place the Java Heap above 4GB virtual address.
# This output file may be truncated or incomplete.
#
#  Out of Memory Error (arena.cpp:168), pid=9936, tid=6196
#
# JRE version: OpenJDK Runtime Environment (21.0.7) (build 21.0.7+-13880790-b1038.58)
# Java VM: OpenJDK 64-Bit Server VM (21.0.7+-13880790-b1038.58, mixed mode, tiered, compressed oops, compressed class ptrs, g1 gc, windows-amd64)
# No core dump will be written. Minidumps are not enabled by default on client versions of Windows
#

---------------  S U M M A R Y ------------

Command Line: --add-opens=java.base/java.lang=ALL-UNNAMED --add-opens=java.base/java.lang.invoke=ALL-UNNAMED --add-opens=java.base/java.util=ALL-UNNAMED --add-opens=java.prefs/java.util.prefs=ALL-UNNAMED --add-exports=jdk.compiler/com.sun.tools.javac.api=ALL-UNNAMED --add-exports=jdk.compiler/com.sun.tools.javac.util=ALL-UNNAMED --add-opens=java.base/java.util=ALL-UNNAMED --add-opens=java.prefs/java.util.prefs=ALL-UNNAMED --add-opens=java.base/java.nio.charset=ALL-UNNAMED --add-opens=java.base/java.net=ALL-UNNAMED --add-opens=java.base/java.util.concurrent.atomic=ALL-UNNAMED --add-opens=java.xml/javax.xml.namespace=ALL-UNNAMED -Xmx2048m -Dfile.encoding=UTF-8 -Duser.country=US -Duser.language=en -Duser.variant -javaagent:C:\Users\Administrator\.gradle\wrapper\dists\gradle-8.13-bin\5xuhj0ry160q40clulazy9h7d\gradle-8.13\lib\agents\gradle-instrumentation-agent-8.13.jar org.gradle.launcher.daemon.bootstrap.GradleDaemon 8.13

Host: Intel Xeon E3-12xx v2 (Ivy Bridge, IBRS), 4 cores, 7G,  Windows 11 , 64 bit Build 26100 (10.0.26100.3323)
Time: Sun Sep 28 04:23:35 2025 Central Daylight Time elapsed time: 28.338271 seconds (0d 0h 0m 28s)

---------------  T H R E A D  ---------------

Current thread (0x0000014ef1172fa0):  JavaThread "C2 CompilerThread0" daemon [_thread_in_native, id=6196, stack(0x0000003339e00000,0x0000003339f00000) (1024K)]


Current CompileTask:
C2:28338 6009   !   4       sun.reflect.annotation.AnnotationParser::parseAnnotations (37 bytes)

Stack: [0x0000003339e00000,0x0000003339f00000]
Native frames: (J=compiled Java code, j=interpreted, Vv=VM code, C=native code)
V  [jvm.dll+0x6d25c9]
V  [jvm.dll+0x860923]
V  [jvm.dll+0x862e7e]
V  [jvm.dll+0x863563]
V  [jvm.dll+0x27f156]
V  [jvm.dll+0xc002d]
V  [jvm.dll+0xc0563]
V  [jvm.dll+0x2f31f0]
V  [jvm.dll+0x5fc309]
V  [jvm.dll+0x250f82]
V  [jvm.dll+0x25133f]
V  [jvm.dll+0x249ae5]
V  [jvm.dll+0x24733e]
V  [jvm.dll+0x1c5fb4]
V  [jvm.dll+0x256bac]
V  [jvm.dll+0x2550f6]
V  [jvm.dll+0x3f1d16]
V  [jvm.dll+0x808d08]
V  [jvm.dll+0x6d0e1d]
C  [ucrtbase.dll+0x37b0]
C  [KERNEL32.DLL+0x2e8d7]
C  [ntdll.dll+0xbbf6c]


---------------  P R O C E S S  ---------------

Threads class SMR info:
_java_thread_list=0x0000014ef88fbc00, length=47, elements={
0x0000014ed7c55ec0, 0x0000014ef1140340, 0x0000014ef1145200, 0x0000014ef115f130,
0x0000014ef1168e30, 0x0000014ef1169890, 0x0000014ef116f7a0, 0x0000014ef1170200,
0x0000014ef1172fa0, 0x0000014ef1175c90, 0x0000014ef14ed7a0, 0x0000014ef7170390,
0x0000014ef70bd920, 0x0000014ef62134b0, 0x0000014ef6507b00, 0x0000014ef651ee10,
0x0000014ef1577140, 0x0000014ef65a7780, 0x0000014ef70dcec0, 0x0000014ef70dc830,
0x0000014ef70dc1a0, 0x0000014ef70dd550, 0x0000014ef7296710, 0x0000014ef7298150,
0x0000014ef7297430, 0x0000014ef7296080, 0x0000014ef72987e0, 0x0000014ef7298e70,
0x0000014ef7296da0, 0x0000014ef729a8b0, 0x0000014ef7299b90, 0x0000014ef729a220,
0x0000014ef729b5d0, 0x0000014ef729d6a0, 0x0000014ef6ec0450, 0x0000014ef6ec1e90,
0x0000014ef6ec3240, 0x0000014ef6ebfdc0, 0x0000014ef6ec0ae0, 0x0000014ef6ec4c80,
0x0000014ef6ec38d0, 0x0000014ef6ec6d50, 0x0000014ef6ec6030, 0x0000014ef6ec3f60,
0x0000014ef6ec45f0, 0x0000014ef6ec66c0, 0x0000014ef6ec5310
}

Java Threads: ( => current thread )
  0x0000014ed7c55ec0 JavaThread "main"                              [_thread_blocked, id=8036, stack(0x0000003338f00000,0x0000003339000000) (1024K)]
  0x0000014ef1140340 JavaThread "Common-Cleaner"             daemon [_thread_blocked, id=2232, stack(0x0000003339700000,0x0000003339800000) (1024K)]
  0x0000014ef1145200 JavaThread "Reference Handler"          daemon [_thread_blocked, id=9800, stack(0x0000003339800000,0x0000003339900000) (1024K)]
  0x0000014ef115f130 JavaThread "Finalizer"                  daemon [_thread_blocked, id=10696, stack(0x0000003339900000,0x0000003339a00000) (1024K)]
  0x0000014ef1168e30 JavaThread "Signal Dispatcher"          daemon [_thread_blocked, id=5148, stack(0x0000003339a00000,0x0000003339b00000) (1024K)]
  0x0000014ef1169890 JavaThread "Attach Listener"            daemon [_thread_blocked, id=5100, stack(0x0000003339b00000,0x0000003339c00000) (1024K)]
  0x0000014ef116f7a0 JavaThread "Service Thread"             daemon [_thread_blocked, id=5828, stack(0x0000003339c00000,0x0000003339d00000) (1024K)]
  0x0000014ef1170200 JavaThread "Monitor Deflation Thread"   daemon [_thread_blocked, id=9740, stack(0x0000003339d00000,0x0000003339e00000) (1024K)]
=>0x0000014ef1172fa0 JavaThread "C2 CompilerThread0"         daemon [_thread_in_native, id=6196, stack(0x0000003339e00000,0x0000003339f00000) (1024K)]
  0x0000014ef1175c90 JavaThread "C1 CompilerThread0"         daemon [_thread_blocked, id=2992, stack(0x0000003339f00000,0x000000333a000000) (1024K)]
  0x0000014ef14ed7a0 JavaThread "Notification Thread"        daemon [_thread_blocked, id=9692, stack(0x000000333a000000,0x000000333a100000) (1024K)]
  0x0000014ef7170390 JavaThread "Daemon health stats"               [_thread_blocked, id=3892, stack(0x000000333a400000,0x000000333a500000) (1024K)]
  0x0000014ef70bd920 JavaThread "Incoming local TCP Connector on port 54128"        [_thread_in_native, id=4992, stack(0x000000333a500000,0x000000333a600000) (1024K)]
  0x0000014ef62134b0 JavaThread "Daemon periodic checks"            [_thread_blocked, id=4964, stack(0x000000333a600000,0x000000333a700000) (1024K)]
  0x0000014ef6507b00 JavaThread "Daemon"                            [_thread_blocked, id=9444, stack(0x000000333a700000,0x000000333a800000) (1024K)]
  0x0000014ef651ee10 JavaThread "Handler for socket connection from /127.0.0.1:54128 to /127.0.0.1:54129"        [_thread_in_native, id=3688, stack(0x000000333a800000,0x000000333a900000) (1024K)]
  0x0000014ef1577140 JavaThread "Cancel handler"                    [_thread_blocked, id=4552, stack(0x000000333a900000,0x000000333aa00000) (1024K)]
  0x0000014ef65a7780 JavaThread "Daemon worker"                     [_thread_blocked, id=6060, stack(0x000000333aa00000,0x000000333ab00000) (1024K)]
  0x0000014ef70dcec0 JavaThread "Asynchronous log dispatcher for DefaultDaemonConnection: socket connection from /127.0.0.1:54128 to /127.0.0.1:54129"        [_thread_blocked, id=9968, stack(0x000000333ab00000,0x000000333ac00000) (1024K)]
  0x0000014ef70dc830 JavaThread "Stdin handler"                     [_thread_blocked, id=11036, stack(0x000000333ac00000,0x000000333ad00000) (1024K)]
  0x0000014ef70dc1a0 JavaThread "Daemon client event forwarder"        [_thread_blocked, id=1752, stack(0x000000333ad00000,0x000000333ae00000) (1024K)]
  0x0000014ef70dd550 JavaThread "Cache worker for journal cache (C:\Users\Administrator\.gradle\caches\journal-1)"        [_thread_blocked, id=6688, stack(0x000000333ae00000,0x000000333af00000) (1024K)]
  0x0000014ef7296710 JavaThread "File lock request listener"        [_thread_in_native, id=7008, stack(0x000000333af00000,0x000000333b000000) (1024K)]
  0x0000014ef7298150 JavaThread "Cache worker for file hash cache (C:\Users\Administrator\.gradle\caches\8.13\fileHashes)"        [_thread_blocked, id=10892, stack(0x000000333b000000,0x000000333b100000) (1024K)]
  0x0000014ef7297430 JavaThread "Cache worker for file hash cache (C:\Users\Administrator\AndroidStudioProjects\SalesNote\.gradle\8.13\fileHashes)"        [_thread_blocked, id=10844, stack(0x000000333b100000,0x000000333b200000) (1024K)]
  0x0000014ef7296080 JavaThread "Cache worker for Build Output Cleanup Cache (C:\Users\Administrator\AndroidStudioProjects\SalesNote\.gradle\buildOutputCleanup)"        [_thread_blocked, id=1956, stack(0x000000333b200000,0x000000333b300000) (1024K)]
  0x0000014ef72987e0 JavaThread "File watcher server"        daemon [_thread_in_native, id=5512, stack(0x000000333b300000,0x000000333b400000) (1024K)]
  0x0000014ef7298e70 JavaThread "File watcher consumer"      daemon [_thread_blocked, id=11040, stack(0x000000333b400000,0x000000333b500000) (1024K)]
  0x0000014ef7296da0 JavaThread "jar transforms"                    [_thread_blocked, id=10848, stack(0x000000333b500000,0x000000333b600000) (1024K)]
  0x0000014ef729a8b0 JavaThread "jar transforms Thread 2"           [_thread_blocked, id=9256, stack(0x000000333b600000,0x000000333b700000) (1024K)]
  0x0000014ef7299b90 JavaThread "jar transforms Thread 3"           [_thread_blocked, id=11192, stack(0x000000333b700000,0x000000333b800000) (1024K)]
  0x0000014ef729a220 JavaThread "jar transforms Thread 4"           [_thread_blocked, id=1756, stack(0x000000333b800000,0x000000333b900000) (1024K)]
  0x0000014ef729b5d0 JavaThread "File lock release action executor"        [_thread_blocked, id=2264, stack(0x000000333b900000,0x000000333ba00000) (1024K)]
  0x0000014ef729d6a0 JavaThread "Cache worker for checksums cache (C:\Users\Administrator\AndroidStudioProjects\SalesNote\.gradle\8.13\checksums)"        [_thread_blocked, id=6084, stack(0x000000333ba00000,0x000000333bb00000) (1024K)]
  0x0000014ef6ec0450 JavaThread "Cache worker for file content cache (C:\Users\Administrator\.gradle\caches\8.13\fileContent)"        [_thread_blocked, id=10728, stack(0x000000333bb00000,0x000000333bc00000) (1024K)]
  0x0000014ef6ec1e90 JavaThread "Cache worker for cache directory md-supplier (C:\Users\Administrator\.gradle\caches\8.13\md-supplier)"        [_thread_blocked, id=8152, stack(0x000000333bc00000,0x000000333bd00000) (1024K)]
  0x0000014ef6ec3240 JavaThread "Cache worker for cache directory md-rule (C:\Users\Administrator\.gradle\caches\8.13\md-rule)"        [_thread_blocked, id=10188, stack(0x000000333bd00000,0x000000333be00000) (1024K)]
  0x0000014ef6ebfdc0 JavaThread "Unconstrained build operations"        [_thread_blocked, id=3272, stack(0x000000333be00000,0x000000333bf00000) (1024K)]
  0x0000014ef6ec0ae0 JavaThread "Unconstrained build operations Thread 2"        [_thread_blocked, id=6764, stack(0x000000333bf00000,0x000000333c000000) (1024K)]
  0x0000014ef6ec4c80 JavaThread "Unconstrained build operations Thread 3"        [_thread_blocked, id=4796, stack(0x000000333c000000,0x000000333c100000) (1024K)]
  0x0000014ef6ec38d0 JavaThread "Unconstrained build operations Thread 4"        [_thread_blocked, id=7732, stack(0x000000333c100000,0x000000333c200000) (1024K)]
  0x0000014ef6ec6d50 JavaThread "Unconstrained build operations Thread 5"        [_thread_blocked, id=10676, stack(0x000000333c200000,0x000000333c300000) (1024K)]
  0x0000014ef6ec6030 JavaThread "Unconstrained build operations Thread 6"        [_thread_blocked, id=10060, stack(0x000000333c300000,0x000000333c400000) (1024K)]
  0x0000014ef6ec3f60 JavaThread "Unconstrained build operations Thread 7"        [_thread_blocked, id=8424, stack(0x000000333c400000,0x000000333c500000) (1024K)]
  0x0000014ef6ec45f0 JavaThread "Unconstrained build operations Thread 8"        [_thread_blocked, id=10648, stack(0x000000333c500000,0x000000333c600000) (1024K)]
  0x0000014ef6ec66c0 JavaThread "Unconstrained build operations Thread 9"        [_thread_blocked, id=10596, stack(0x000000333c600000,0x000000333c700000) (1024K)]
  0x0000014ef6ec5310 JavaThread "Unconstrained build operations Thread 10"        [_thread_blocked, id=10744, stack(0x000000333c700000,0x000000333c800000) (1024K)]
Total: 47

Other Threads:
  0x0000014ef10f8070 VMThread "VM Thread"                           [id=10528, stack(0x0000003339600000,0x0000003339700000) (1024K)]
  0x0000014ef0f2de60 WatcherThread "VM Periodic Task Thread"        [id=7436, stack(0x0000003339500000,0x0000003339600000) (1024K)]
  0x0000014eda191f20 WorkerThread "GC Thread#0"                     [id=9604, stack(0x0000003339000000,0x0000003339100000) (1024K)]
  0x0000014ef15c2540 WorkerThread "GC Thread#1"                     [id=7928, stack(0x000000333a100000,0x000000333a200000) (1024K)]
  0x0000014ef155bbd0 WorkerThread "GC Thread#2"                     [id=9732, stack(0x000000333a200000,0x000000333a300000) (1024K)]
  0x0000014ef6167150 WorkerThread "GC Thread#3"                     [id=10852, stack(0x000000333a300000,0x000000333a400000) (1024K)]
  0x0000014eda1a2e10 ConcurrentGCThread "G1 Main Marker"            [id=6832, stack(0x0000003339100000,0x0000003339200000) (1024K)]
  0x0000014eda1a4660 WorkerThread "G1 Conc#0"                       [id=5956, stack(0x0000003339200000,0x0000003339300000) (1024K)]
  0x0000014eda1fe620 ConcurrentGCThread "G1 Refine#0"               [id=10464, stack(0x0000003339300000,0x0000003339400000) (1024K)]
  0x0000014ef0df20e0 ConcurrentGCThread "G1 Service"                [id=5844, stack(0x0000003339400000,0x0000003339500000) (1024K)]
Total: 10

Threads with active compile tasks:
C2 CompilerThread0  28404 6009   !   4       sun.reflect.annotation.AnnotationParser::parseAnnotations (37 bytes)
Total: 1

VM state: not at safepoint (normal execution)

VM Mutex/Monitor currently owned by a thread: None

Heap address: 0x0000000080000000, size: 2048 MB, Compressed Oops mode: 32-bit

CDS archive(s) not mapped
Compressed class space mapped at: 0x0000000100000000-0x0000000140000000, reserved size: 1073741824
Narrow klass base: 0x0000000000000000, Narrow klass shift: 3, Narrow klass range: 0x140000000

GC Precious Log:
 CardTable entry size: 512
 Card Set container configuration: InlinePtr #cards 5 size 8 Array Of Cards #cards 12 size 40 Howl #buckets 4 coarsen threshold 1843 Howl Bitmap #cards 512 size 80 coarsen threshold 460 Card regions per heap region 1 cards per card region 2048
 CPUs: 4 total, 4 available
 Memory: 8191M
 Large Page Support: Disabled
 NUMA Support: Disabled
 Compressed Oops: Enabled (32-bit)
 Heap Region Size: 1M
 Heap Min Capacity: 8M
 Heap Initial Capacity: 128M
 Heap Max Capacity: 2G
 Pre-touch: Disabled
 Parallel Workers: 4
 Concurrent Workers: 1
 Concurrent Refinement Workers: 4
 Periodic GC: Disabled

Heap:
 garbage-first heap   total 125952K, used 108702K [0x0000000080000000, 0x0000000100000000)
  region size 1024K, 18 young (18432K), 2 survivors (2048K)
 Metaspace       used 60214K, committed 61824K, reserved 1114112K
  class space    used 8221K, committed 9024K, reserved 1048576K

Heap Regions: E=young(eden), S=young(survivor), O=old, HS=humongous(starts), HC=humongous(continues), CS=collection set, F=free, TAMS=top-at-mark-start, PB=parsable bottom
|   0|0x0000000080000000, 0x0000000080100000, 0x0000000080100000|100%|HS|  |TAMS 0x0000000080000000| PB 0x0000000080000000| Complete 
|   1|0x0000000080100000, 0x0000000080200000, 0x0000000080200000|100%|HC|  |TAMS 0x0000000080100000| PB 0x0000000080100000| Complete 
|   2|0x0000000080200000, 0x0000000080300000, 0x0000000080300000|100%|HC|  |TAMS 0x0000000080200000| PB 0x0000000080200000| Complete 
|   3|0x0000000080300000, 0x0000000080400000, 0x0000000080400000|100%| O|  |TAMS 0x0000000080300000| PB 0x0000000080300000| Untracked 
|   4|0x0000000080400000, 0x0000000080500000, 0x0000000080500000|100%| O|  |TAMS 0x0000000080400000| PB 0x0000000080400000| Untracked 
|   5|0x0000000080500000, 0x0000000080600000, 0x0000000080600000|100%| O|  |TAMS 0x0000000080500000| PB 0x0000000080500000| Untracked 
|   6|0x0000000080600000, 0x0000000080700000, 0x0000000080700000|100%|HS|  |TAMS 0x0000000080600000| PB 0x0000000080600000| Complete 
|   7|0x0000000080700000, 0x0000000080800000, 0x0000000080800000|100%| O|  |TAMS 0x0000000080700000| PB 0x0000000080700000| Untracked 
|   8|0x0000000080800000, 0x0000000080900000, 0x0000000080900000|100%| O|  |TAMS 0x0000000080800000| PB 0x0000000080800000| Untracked 
|   9|0x0000000080900000, 0x0000000080a00000, 0x0000000080a00000|100%| O|  |TAMS 0x0000000080900000| PB 0x0000000080900000| Untracked 
|  10|0x0000000080a00000, 0x0000000080b00000, 0x0000000080b00000|100%| O|  |TAMS 0x0000000080a00000| PB 0x0000000080a00000| Untracked 
|  11|0x0000000080b00000, 0x0000000080c00000, 0x0000000080c00000|100%| O|  |TAMS 0x0000000080b00000| PB 0x0000000080b00000| Untracked 
|  12|0x0000000080c00000, 0x0000000080d00000, 0x0000000080d00000|100%| O|  |TAMS 0x0000000080c00000| PB 0x0000000080c00000| Untracked 
|  13|0x0000000080d00000, 0x0000000080e00000, 0x0000000080e00000|100%| O|  |TAMS 0x0000000080d00000| PB 0x0000000080d00000| Untracked 
|  14|0x0000000080e00000, 0x0000000080f00000, 0x0000000080f00000|100%| O|  |TAMS 0x0000000080e00000| PB 0x0000000080e00000| Untracked 
|  15|0x0000000080f00000, 0x0000000081000000, 0x0000000081000000|100%| O|  |TAMS 0x0000000080f00000| PB 0x0000000080f00000| Untracked 
|  16|0x0000000081000000, 0x0000000081100000, 0x0000000081100000|100%| O|  |TAMS 0x0000000081000000| PB 0x0000000081000000| Untracked 
|  17|0x0000000081100000, 0x0000000081200000, 0x0000000081200000|100%| O|  |TAMS 0x0000000081100000| PB 0x0000000081100000| Untracked 
|  18|0x0000000081200000, 0x0000000081300000, 0x0000000081300000|100%| O|  |TAMS 0x0000000081200000| PB 0x0000000081200000| Untracked 
|  19|0x0000000081300000, 0x0000000081400000, 0x0000000081400000|100%|HS|  |TAMS 0x0000000081300000| PB 0x0000000081300000| Complete 
|  20|0x0000000081400000, 0x0000000081500000, 0x0000000081500000|100%|HC|  |TAMS 0x0000000081400000| PB 0x0000000081400000| Complete 
|  21|0x0000000081500000, 0x0000000081600000, 0x0000000081600000|100%|HC|  |TAMS 0x0000000081500000| PB 0x0000000081500000| Complete 
|  22|0x0000000081600000, 0x0000000081700000, 0x0000000081700000|100%|HC|  |TAMS 0x0000000081600000| PB 0x0000000081600000| Complete 
|  23|0x0000000081700000, 0x0000000081800000, 0x0000000081800000|100%|HC|  |TAMS 0x0000000081700000| PB 0x0000000081700000| Complete 
|  24|0x0000000081800000, 0x0000000081900000, 0x0000000081900000|100%|HC|  |TAMS 0x0000000081800000| PB 0x0000000081800000| Complete 
|  25|0x0000000081900000, 0x0000000081a00000, 0x0000000081a00000|100%|HS|  |TAMS 0x0000000081900000| PB 0x0000000081900000| Complete 
|  26|0x0000000081a00000, 0x0000000081b00000, 0x0000000081b00000|100%| O|  |TAMS 0x0000000081a00000| PB 0x0000000081a00000| Untracked 
|  27|0x0000000081b00000, 0x0000000081c00000, 0x0000000081c00000|100%|HS|  |TAMS 0x0000000081b00000| PB 0x0000000081b00000| Complete 
|  28|0x0000000081c00000, 0x0000000081d00000, 0x0000000081d00000|100%|HC|  |TAMS 0x0000000081c00000| PB 0x0000000081c00000| Complete 
|  29|0x0000000081d00000, 0x0000000081e00000, 0x0000000081e00000|100%|HC|  |TAMS 0x0000000081d00000| PB 0x0000000081d00000| Complete 
|  30|0x0000000081e00000, 0x0000000081f00000, 0x0000000081f00000|100%|HC|  |TAMS 0x0000000081e00000| PB 0x0000000081e00000| Complete 
|  31|0x0000000081f00000, 0x0000000082000000, 0x0000000082000000|100%| O|  |TAMS 0x0000000081f00000| PB 0x0000000081f00000| Untracked 
|  32|0x0000000082000000, 0x0000000082100000, 0x0000000082100000|100%| O|  |TAMS 0x0000000082000000| PB 0x0000000082000000| Untracked 
|  33|0x0000000082100000, 0x0000000082200000, 0x0000000082200000|100%| O|  |TAMS 0x0000000082100000| PB 0x0000000082100000| Untracked 
|  34|0x0000000082200000, 0x0000000082300000, 0x0000000082300000|100%| O|  |TAMS 0x0000000082200000| PB 0x0000000082200000| Untracked 
|  35|0x0000000082300000, 0x0000000082400000, 0x0000000082400000|100%|HS|  |TAMS 0x0000000082300000| PB 0x0000000082300000| Complete 
|  36|0x0000000082400000, 0x0000000082500000, 0x0000000082500000|100%|HC|  |TAMS 0x0000000082400000| PB 0x0000000082400000| Complete 
|  37|0x0000000082500000, 0x0000000082600000, 0x0000000082600000|100%|HS|  |TAMS 0x0000000082500000| PB 0x0000000082500000| Complete 
|  38|0x0000000082600000, 0x0000000082700000, 0x0000000082700000|100%|HS|  |TAMS 0x0000000082600000| PB 0x0000000082600000| Complete 
|  39|0x0000000082700000, 0x0000000082800000, 0x0000000082800000|100%|HS|  |TAMS 0x0000000082700000| PB 0x0000000082700000| Complete 
|  40|0x0000000082800000, 0x0000000082900000, 0x0000000082900000|100%| O|  |TAMS 0x0000000082800000| PB 0x0000000082800000| Untracked 
|  41|0x0000000082900000, 0x0000000082a00000, 0x0000000082a00000|100%|HS|  |TAMS 0x0000000082900000| PB 0x0000000082900000| Complete 
|  42|0x0000000082a00000, 0x0000000082b00000, 0x0000000082b00000|100%|HC|  |TAMS 0x0000000082a00000| PB 0x0000000082a00000| Complete 
|  43|0x0000000082b00000, 0x0000000082c00000, 0x0000000082c00000|100%|HC|  |TAMS 0x0000000082b00000| PB 0x0000000082b00000| Complete 
|  44|0x0000000082c00000, 0x0000000082d00000, 0x0000000082d00000|100%|HC|  |TAMS 0x0000000082c00000| PB 0x0000000082c00000| Complete 
|  45|0x0000000082d00000, 0x0000000082e00000, 0x0000000082e00000|100%|HC|  |TAMS 0x0000000082d00000| PB 0x0000000082d00000| Complete 
|  46|0x0000000082e00000, 0x0000000082f00000, 0x0000000082f00000|100%|HC|  |TAMS 0x0000000082e00000| PB 0x0000000082e00000| Complete 
|  47|0x0000000082f00000, 0x0000000083000000, 0x0000000083000000|100%|HS|  |TAMS 0x0000000082f00000| PB 0x0000000082f00000| Complete 
|  48|0x0000000083000000, 0x0000000083100000, 0x0000000083100000|100%|HC|  |TAMS 0x0000000083000000| PB 0x0000000083000000| Complete 
|  49|0x0000000083100000, 0x0000000083200000, 0x0000000083200000|100%|HC|  |TAMS 0x0000000083100000| PB 0x0000000083100000| Complete 
|  50|0x0000000083200000, 0x0000000083300000, 0x0000000083300000|100%|HC|  |TAMS 0x0000000083200000| PB 0x0000000083200000| Complete 
|  51|0x0000000083300000, 0x0000000083400000, 0x0000000083400000|100%|HS|  |TAMS 0x0000000083300000| PB 0x0000000083300000| Complete 
|  52|0x0000000083400000, 0x0000000083500000, 0x0000000083500000|100%|HC|  |TAMS 0x0000000083400000| PB 0x0000000083400000| Complete 
|  53|0x0000000083500000, 0x0000000083600000, 0x0000000083600000|100%| O|  |TAMS 0x0000000083500000| PB 0x0000000083500000| Untracked 
|  54|0x0000000083600000, 0x0000000083700000, 0x0000000083700000|100%| O|  |TAMS 0x0000000083600000| PB 0x0000000083600000| Untracked 
|  55|0x0000000083700000, 0x0000000083800000, 0x0000000083800000|100%| O|  |TAMS 0x0000000083700000| PB 0x0000000083700000| Untracked 
|  56|0x0000000083800000, 0x0000000083900000, 0x0000000083900000|100%| O|  |TAMS 0x0000000083800000| PB 0x0000000083800000| Untracked 
|  57|0x0000000083900000, 0x0000000083a00000, 0x0000000083a00000|100%| O|  |TAMS 0x0000000083900000| PB 0x0000000083900000| Untracked 
|  58|0x0000000083a00000, 0x0000000083b00000, 0x0000000083b00000|100%| O|  |TAMS 0x0000000083a00000| PB 0x0000000083a00000| Untracked 
|  59|0x0000000083b00000, 0x0000000083c00000, 0x0000000083c00000|100%| O|  |TAMS 0x0000000083b00000| PB 0x0000000083b00000| Untracked 
|  60|0x0000000083c00000, 0x0000000083c00000, 0x0000000083d00000|  0%| F|  |TAMS 0x0000000083c00000| PB 0x0000000083c00000| Untracked 
|  61|0x0000000083d00000, 0x0000000083e00000, 0x0000000083e00000|100%| O|  |TAMS 0x0000000083d00000| PB 0x0000000083d00000| Untracked 
|  62|0x0000000083e00000, 0x0000000083f00000, 0x0000000083f00000|100%| O|  |TAMS 0x0000000083e00000| PB 0x0000000083e00000| Untracked 
|  63|0x0000000083f00000, 0x0000000084000000, 0x0000000084000000|100%| O|  |TAMS 0x0000000083f00000| PB 0x0000000083f00000| Untracked 
|  64|0x0000000084000000, 0x0000000084100000, 0x0000000084100000|100%| O|  |TAMS 0x0000000084000000| PB 0x0000000084000000| Untracked 
|  65|0x0000000084100000, 0x0000000084200000, 0x0000000084200000|100%|HS|  |TAMS 0x0000000084100000| PB 0x0000000084100000| Complete 
|  66|0x0000000084200000, 0x0000000084300000, 0x0000000084300000|100%|HC|  |TAMS 0x0000000084200000| PB 0x0000000084200000| Complete 
|  67|0x0000000084300000, 0x0000000084400000, 0x0000000084400000|100%|HS|  |TAMS 0x0000000084300000| PB 0x0000000084300000| Complete 
|  68|0x0000000084400000, 0x0000000084500000, 0x0000000084500000|100%|HC|  |TAMS 0x0000000084400000| PB 0x0000000084400000| Complete 
|  69|0x0000000084500000, 0x0000000084600000, 0x0000000084600000|100%|HC|  |TAMS 0x0000000084500000| PB 0x0000000084500000| Complete 
|  70|0x0000000084600000, 0x0000000084700000, 0x0000000084700000|100%|HC|  |TAMS 0x0000000084600000| PB 0x0000000084600000| Complete 
|  71|0x0000000084700000, 0x0000000084800000, 0x0000000084800000|100%|HC|  |TAMS 0x0000000084700000| PB 0x0000000084700000| Complete 
|  72|0x0000000084800000, 0x0000000084900000, 0x0000000084900000|100%|HC|  |TAMS 0x0000000084800000| PB 0x0000000084800000| Complete 
|  73|0x0000000084900000, 0x0000000084a00000, 0x0000000084a00000|100%|HS|  |TAMS 0x0000000084900000| PB 0x0000000084900000| Complete 
|  74|0x0000000084a00000, 0x0000000084b00000, 0x0000000084b00000|100%|HS|  |TAMS 0x0000000084a00000| PB 0x0000000084a00000| Complete 
|  75|0x0000000084b00000, 0x0000000084b00000, 0x0000000084c00000|  0%| F|  |TAMS 0x0000000084b00000| PB 0x0000000084b00000| Untracked 
|  76|0x0000000084c00000, 0x0000000084c00000, 0x0000000084d00000|  0%| F|  |TAMS 0x0000000084c00000| PB 0x0000000084c00000| Untracked 
|  77|0x0000000084d00000, 0x0000000084e00000, 0x0000000084e00000|100%| O|  |TAMS 0x0000000084d00000| PB 0x0000000084d00000| Untracked 
|  78|0x0000000084e00000, 0x0000000084f00000, 0x0000000084f00000|100%|HS|  |TAMS 0x0000000084e00000| PB 0x0000000084e00000| Complete 
|  79|0x0000000084f00000, 0x0000000085000000, 0x0000000085000000|100%|HC|  |TAMS 0x0000000084f00000| PB 0x0000000084f00000| Complete 
|  80|0x0000000085000000, 0x0000000085100000, 0x0000000085100000|100%|HC|  |TAMS 0x0000000085000000| PB 0x0000000085000000| Complete 
|  81|0x0000000085100000, 0x0000000085200000, 0x0000000085200000|100%|HC|  |TAMS 0x0000000085100000| PB 0x0000000085100000| Complete 
|  82|0x0000000085200000, 0x0000000085300000, 0x0000000085300000|100%|HC|  |TAMS 0x0000000085200000| PB 0x0000000085200000| Complete 
|  83|0x0000000085300000, 0x0000000085400000, 0x0000000085400000|100%|HC|  |TAMS 0x0000000085300000| PB 0x0000000085300000| Complete 
|  84|0x0000000085400000, 0x0000000085400000, 0x0000000085500000|  0%| F|  |TAMS 0x0000000085400000| PB 0x0000000085400000| Untracked 
|  85|0x0000000085500000, 0x0000000085500000, 0x0000000085600000|  0%| F|  |TAMS 0x0000000085500000| PB 0x0000000085500000| Untracked 
|  86|0x0000000085600000, 0x0000000085700000, 0x0000000085700000|100%| O|  |TAMS 0x0000000085600000| PB 0x0000000085600000| Untracked 
|  87|0x0000000085700000, 0x0000000085800000, 0x0000000085800000|100%| O|  |TAMS 0x0000000085700000| PB 0x0000000085700000| Untracked 
|  88|0x0000000085800000, 0x0000000085900000, 0x0000000085900000|100%| O|  |TAMS 0x0000000085800000| PB 0x0000000085800000| Untracked 
|  89|0x0000000085900000, 0x0000000085900000, 0x0000000085a00000|  0%| F|  |TAMS 0x0000000085900000| PB 0x0000000085900000| Untracked 
|  90|0x0000000085a00000, 0x0000000085a00000, 0x0000000085b00000|  0%| F|  |TAMS 0x0000000085a00000| PB 0x0000000085a00000| Untracked 
|  91|0x0000000085b00000, 0x0000000085b00000, 0x0000000085c00000|  0%| F|  |TAMS 0x0000000085b00000| PB 0x0000000085b00000| Untracked 
|  92|0x0000000085c00000, 0x0000000085c279e8, 0x0000000085d00000| 15%| S|CS|TAMS 0x0000000085c00000| PB 0x0000000085c00000| Complete 
|  93|0x0000000085d00000, 0x0000000085e00000, 0x0000000085e00000|100%| S|CS|TAMS 0x0000000085d00000| PB 0x0000000085d00000| Complete 
|  94|0x0000000085e00000, 0x0000000085e00000, 0x0000000085f00000|  0%| F|  |TAMS 0x0000000085e00000| PB 0x0000000085e00000| Untracked 
|  95|0x0000000085f00000, 0x0000000085f00000, 0x0000000086000000|  0%| F|  |TAMS 0x0000000085f00000| PB 0x0000000085f00000| Untracked 
|  96|0x0000000086000000, 0x0000000086000000, 0x0000000086100000|  0%| F|  |TAMS 0x0000000086000000| PB 0x0000000086000000| Untracked 
|  97|0x0000000086100000, 0x0000000086100000, 0x0000000086200000|  0%| F|  |TAMS 0x0000000086100000| PB 0x0000000086100000| Untracked 
|  98|0x0000000086200000, 0x0000000086200000, 0x0000000086300000|  0%| F|  |TAMS 0x0000000086200000| PB 0x0000000086200000| Untracked 
|  99|0x0000000086300000, 0x0000000086300000, 0x0000000086400000|  0%| F|  |TAMS 0x0000000086300000| PB 0x0000000086300000| Untracked 
| 100|0x0000000086400000, 0x0000000086400000, 0x0000000086500000|  0%| F|  |TAMS 0x0000000086400000| PB 0x0000000086400000| Untracked 
| 101|0x0000000086500000, 0x0000000086600000, 0x0000000086600000|100%| E|  |TAMS 0x0000000086500000| PB 0x0000000086500000| Complete 
| 102|0x0000000086600000, 0x0000000086700000, 0x0000000086700000|100%| E|CS|TAMS 0x0000000086600000| PB 0x0000000086600000| Complete 
| 103|0x0000000086700000, 0x0000000086800000, 0x0000000086800000|100%| E|CS|TAMS 0x0000000086700000| PB 0x0000000086700000| Complete 
| 104|0x0000000086800000, 0x0000000086900000, 0x0000000086900000|100%| E|CS|TAMS 0x0000000086800000| PB 0x0000000086800000| Complete 
| 105|0x0000000086900000, 0x0000000086a00000, 0x0000000086a00000|100%| E|CS|TAMS 0x0000000086900000| PB 0x0000000086900000| Complete 
| 106|0x0000000086a00000, 0x0000000086b00000, 0x0000000086b00000|100%| E|CS|TAMS 0x0000000086a00000| PB 0x0000000086a00000| Complete 
| 107|0x0000000086b00000, 0x0000000086c00000, 0x0000000086c00000|100%| E|CS|TAMS 0x0000000086b00000| PB 0x0000000086b00000| Complete 
| 108|0x0000000086c00000, 0x0000000086d00000, 0x0000000086d00000|100%| E|CS|TAMS 0x0000000086c00000| PB 0x0000000086c00000| Complete 
| 109|0x0000000086d00000, 0x0000000086e00000, 0x0000000086e00000|100%| E|CS|TAMS 0x0000000086d00000| PB 0x0000000086d00000| Complete 
| 110|0x0000000086e00000, 0x0000000086f00000, 0x0000000086f00000|100%| E|CS|TAMS 0x0000000086e00000| PB 0x0000000086e00000| Complete 
| 111|0x0000000086f00000, 0x0000000087000000, 0x0000000087000000|100%| E|CS|TAMS 0x0000000086f00000| PB 0x0000000086f00000| Complete 
| 112|0x0000000087000000, 0x0000000087100000, 0x0000000087100000|100%| E|CS|TAMS 0x0000000087000000| PB 0x0000000087000000| Complete 
| 113|0x0000000087100000, 0x0000000087200000, 0x0000000087200000|100%| E|CS|TAMS 0x0000000087100000| PB 0x0000000087100000| Complete 
| 114|0x0000000087200000, 0x0000000087300000, 0x0000000087300000|100%| E|CS|TAMS 0x0000000087200000| PB 0x0000000087200000| Complete 
| 127|0x0000000087f00000, 0x0000000088000000, 0x0000000088000000|100%| E|CS|TAMS 0x0000000087f00000| PB 0x0000000087f00000| Complete 
|2041|0x00000000ff900000, 0x00000000ffa00000, 0x00000000ffa00000|100%| O|  |TAMS 0x00000000ff900000| PB 0x00000000ff900000| Untracked 
|2042|0x00000000ffa00000, 0x00000000ffb00000, 0x00000000ffb00000|100%| O|  |TAMS 0x00000000ffa00000| PB 0x00000000ffa00000| Untracked 
|2043|0x00000000ffb00000, 0x00000000ffc00000, 0x00000000ffc00000|100%| O|  |TAMS 0x00000000ffb00000| PB 0x00000000ffb00000| Untracked 
|2044|0x00000000ffc00000, 0x00000000ffd00000, 0x00000000ffd00000|100%| O|  |TAMS 0x00000000ffc00000| PB 0x00000000ffc00000| Untracked 
|2045|0x00000000ffd00000, 0x00000000ffe00000, 0x00000000ffe00000|100%| O|  |TAMS 0x00000000ffd00000| PB 0x00000000ffd00000| Untracked 
|2046|0x00000000ffe00000, 0x00000000fff00000, 0x00000000fff00000|100%| O|  |TAMS 0x00000000ffe00000| PB 0x00000000ffe00000| Untracked 
|2047|0x00000000fff00000, 0x0000000100000000, 0x0000000100000000|100%| E|CS|TAMS 0x00000000fff00000| PB 0x00000000fff00000| Complete 

Card table byte_map: [0x0000014eec690000,0x0000014eeca90000] _byte_map_base: 0x0000014eec290000

Marking Bits: (CMBitMap*) 0x0000014eda192530
 Bits: [0x0000014eeca90000, 0x0000014eeea90000)

Polling page: 0x0000014ed7eb0000

Metaspace:

Usage:
  Non-class:     50.77 MB used.
      Class:      8.03 MB used.
       Both:     58.80 MB used.

Virtual space:
  Non-class space:       64.00 MB reserved,      51.56 MB ( 81%) committed,  1 nodes.
      Class space:        1.00 GB reserved,       8.81 MB ( <1%) committed,  1 nodes.
             Both:        1.06 GB reserved,      60.38 MB (  6%) committed. 

Chunk freelists:
   Non-Class:  12.00 MB
       Class:  7.20 MB
        Both:  19.20 MB

MaxMetaspaceSize: unlimited
CompressedClassSpaceSize: 1.00 GB
Initial GC threshold: 21.00 MB
Current GC threshold: 94.38 MB
CDS: off
 - commit_granule_bytes: 65536.
 - commit_granule_words: 8192.
 - virtual_space_node_default_size: 8388608.
 - enlarge_chunks_in_place: 1.
 - use_allocation_guard: 0.


Internal statistics:

num_allocs_failed_limit: 6.
num_arena_births: 2914.
num_arena_deaths: 0.
num_vsnodes_births: 2.
num_vsnodes_deaths: 0.
num_space_committed: 966.
num_space_uncommitted: 0.
num_chunks_returned_to_freelist: 6.
num_chunks_taken_from_freelist: 5417.
num_chunk_merges: 3.
num_chunk_splits: 3430.
num_chunks_enlarged: 2034.
num_inconsistent_stats: 0.

CodeHeap 'non-profiled nmethods': size=120000Kb used=2747Kb max_used=2747Kb free=117252Kb
 bounds [0x0000014ee4d60000, 0x0000014ee5010000, 0x0000014eec290000]
CodeHeap 'profiled nmethods': size=120000Kb used=10128Kb max_used=10128Kb free=109871Kb
 bounds [0x0000014edd290000, 0x0000014eddc80000, 0x0000014ee47c0000]
CodeHeap 'non-nmethods': size=5760Kb used=2711Kb max_used=2744Kb free=3048Kb
 bounds [0x0000014ee47c0000, 0x0000014ee4a80000, 0x0000014ee4d60000]
 total_blobs=6171 nmethods=5310 adapters=764
 compilation: enabled
              stopped_count=0, restarted_count=0
 full_count=0

Compilation events (20 events):
Event: 28.122 Thread 0x0000014ef1175c90 6025       3       sun.instrument.InstrumentationImpl::transform (73 bytes)
Event: 28.123 Thread 0x0000014ef1175c90 nmethod 6025 0x0000014eddc70d10 code [0x0000014eddc70ee0, 0x0000014eddc71248]
Event: 28.126 Thread 0x0000014ef1175c90 6026   !   3       sun.instrument.TransformerManager::transform (100 bytes)
Event: 28.127 Thread 0x0000014ef1175c90 nmethod 6026 0x0000014eddc71410 code [0x0000014eddc715e0, 0x0000014eddc71a48]
Event: 28.174 Thread 0x0000014ef1175c90 6027       3       sun.nio.ch.FileChannelImpl::beginBlocking (12 bytes)
Event: 28.175 Thread 0x0000014ef1175c90 nmethod 6027 0x0000014eddc71d10 code [0x0000014eddc71ec0, 0x0000014eddc72030]
Event: 28.175 Thread 0x0000014ef1175c90 6028       3       sun.nio.ch.FileChannelImpl::endBlocking (13 bytes)
Event: 28.175 Thread 0x0000014ef1175c90 nmethod 6028 0x0000014eddc72110 code [0x0000014eddc722c0, 0x0000014eddc72430]
Event: 28.198 Thread 0x0000014ef1175c90 6029       3       java.util.AbstractList$Itr::hasNext (20 bytes)
Event: 28.199 Thread 0x0000014ef1175c90 nmethod 6029 0x0000014eddc72510 code [0x0000014eddc726c0, 0x0000014eddc728e8]
Event: 28.253 Thread 0x0000014ef1175c90 6035       1       java.net.InetSocketAddress$InetSocketAddressHolder::getPort (5 bytes)
Event: 28.253 Thread 0x0000014ef1175c90 nmethod 6035 0x0000014ee500e190 code [0x0000014ee500e320, 0x0000014ee500e3e8]
Event: 28.253 Thread 0x0000014ef1175c90 6036       1       com.google.common.cache.LocalCache$StrongValueReference::isActive (2 bytes)
Event: 28.254 Thread 0x0000014ef1175c90 nmethod 6036 0x0000014ee500e490 code [0x0000014ee500e620, 0x0000014ee500e6e8]
Event: 28.254 Thread 0x0000014ef1175c90 6037       1       com.google.common.cache.RemovalCause$1::wasEvicted (2 bytes)
Event: 28.254 Thread 0x0000014ef1175c90 nmethod 6037 0x0000014ee500e790 code [0x0000014ee500e920, 0x0000014ee500e9e8]
Event: 28.264 Thread 0x0000014ef1175c90 6040       3       com.google.common.cache.LocalCache$Segment::enqueueNotification (67 bytes)
Event: 28.265 Thread 0x0000014ef1175c90 nmethod 6040 0x0000014eddc72990 code [0x0000014eddc72b80, 0x0000014eddc72fc8]
Event: 28.306 Thread 0x0000014ef1175c90 6041       3       jdk.internal.misc.Unsafe::putByte (8 bytes)
Event: 28.307 Thread 0x0000014ef1175c90 nmethod 6041 0x0000014eddc73190 code [0x0000014eddc73320, 0x0000014eddc73438]

GC Heap History (20 events):
Event: 18.638 GC heap before
{Heap before GC invocations=11 (full 0):
 garbage-first heap   total 72704K, used 62524K [0x0000000080000000, 0x0000000100000000)
  region size 1024K, 7 young (7168K), 3 survivors (3072K)
 Metaspace       used 36527K, committed 37376K, reserved 1114112K
  class space    used 5074K, committed 5504K, reserved 1048576K
}
Event: 18.643 GC heap after
{Heap after GC invocations=12 (full 0):
 garbage-first heap   total 72704K, used 59677K [0x0000000080000000, 0x0000000100000000)
  region size 1024K, 1 young (1024K), 1 survivors (1024K)
 Metaspace       used 36527K, committed 37376K, reserved 1114112K
  class space    used 5074K, committed 5504K, reserved 1048576K
}
Event: 19.089 GC heap before
{Heap before GC invocations=12 (full 0):
 garbage-first heap   total 72704K, used 65821K [0x0000000080000000, 0x0000000100000000)
  region size 1024K, 7 young (7168K), 1 survivors (1024K)
 Metaspace       used 37456K, committed 38336K, reserved 1114112K
  class space    used 5177K, committed 5632K, reserved 1048576K
}
Event: 19.091 GC heap after
{Heap after GC invocations=13 (full 0):
 garbage-first heap   total 88064K, used 59779K [0x0000000080000000, 0x0000000100000000)
  region size 1024K, 1 young (1024K), 1 survivors (1024K)
 Metaspace       used 37456K, committed 38336K, reserved 1114112K
  class space    used 5177K, committed 5632K, reserved 1048576K
}
Event: 20.001 GC heap before
{Heap before GC invocations=14 (full 0):
 garbage-first heap   total 101376K, used 75139K [0x0000000080000000, 0x0000000100000000)
  region size 1024K, 17 young (17408K), 1 survivors (1024K)
 Metaspace       used 39735K, committed 40640K, reserved 1114112K
  class space    used 5556K, committed 6016K, reserved 1048576K
}
Event: 20.005 GC heap after
{Heap after GC invocations=15 (full 0):
 garbage-first heap   total 101376K, used 60722K [0x0000000080000000, 0x0000000100000000)
  region size 1024K, 2 young (2048K), 2 survivors (2048K)
 Metaspace       used 39735K, committed 40640K, reserved 1114112K
  class space    used 5556K, committed 6016K, reserved 1048576K
}
Event: 21.924 GC heap before
{Heap before GC invocations=15 (full 0):
 garbage-first heap   total 101376K, used 85298K [0x0000000080000000, 0x0000000100000000)
  region size 1024K, 27 young (27648K), 2 survivors (2048K)
 Metaspace       used 45648K, committed 46656K, reserved 1114112K
  class space    used 6186K, committed 6656K, reserved 1048576K
}
Event: 21.935 GC heap after
{Heap after GC invocations=16 (full 0):
 garbage-first heap   total 101376K, used 63962K [0x0000000080000000, 0x0000000100000000)
  region size 1024K, 4 young (4096K), 4 survivors (4096K)
 Metaspace       used 45648K, committed 46656K, reserved 1114112K
  class space    used 6186K, committed 6656K, reserved 1048576K
}
Event: 22.488 GC heap before
{Heap before GC invocations=16 (full 0):
 garbage-first heap   total 101376K, used 87514K [0x0000000080000000, 0x0000000100000000)
  region size 1024K, 27 young (27648K), 4 survivors (4096K)
 Metaspace       used 46288K, committed 47296K, reserved 1114112K
  class space    used 6238K, committed 6720K, reserved 1048576K
}
Event: 22.496 GC heap after
{Heap after GC invocations=17 (full 0):
 garbage-first heap   total 101376K, used 65693K [0x0000000080000000, 0x0000000100000000)
  region size 1024K, 2 young (2048K), 2 survivors (2048K)
 Metaspace       used 46288K, committed 47296K, reserved 1114112K
  class space    used 6238K, committed 6720K, reserved 1048576K
}
Event: 23.540 GC heap before
{Heap before GC invocations=18 (full 0):
 garbage-first heap   total 111616K, used 93341K [0x0000000080000000, 0x0000000100000000)
  region size 1024K, 25 young (25600K), 2 survivors (2048K)
 Metaspace       used 49580K, committed 50688K, reserved 1114112K
  class space    used 6629K, committed 7168K, reserved 1048576K
}
Event: 23.547 GC heap after
{Heap after GC invocations=19 (full 0):
 garbage-first heap   total 111616K, used 67973K [0x0000000080000000, 0x0000000100000000)
  region size 1024K, 4 young (4096K), 4 survivors (4096K)
 Metaspace       used 49580K, committed 50688K, reserved 1114112K
  class space    used 6629K, committed 7168K, reserved 1048576K
}
Event: 24.610 GC heap before
{Heap before GC invocations=19 (full 0):
 garbage-first heap   total 111616K, used 97669K [0x0000000080000000, 0x0000000100000000)
  region size 1024K, 33 young (33792K), 4 survivors (4096K)
 Metaspace       used 52900K, committed 54272K, reserved 1114112K
  class space    used 7199K, committed 7872K, reserved 1048576K
}
Event: 24.625 GC heap after
{Heap after GC invocations=20 (full 0):
 garbage-first heap   total 111616K, used 69575K [0x0000000080000000, 0x0000000100000000)
  region size 1024K, 4 young (4096K), 4 survivors (4096K)
 Metaspace       used 52900K, committed 54272K, reserved 1114112K
  class space    used 7199K, committed 7872K, reserved 1048576K
}
Event: 25.682 GC heap before
{Heap before GC invocations=20 (full 0):
 garbage-first heap   total 111616K, used 99271K [0x0000000080000000, 0x0000000100000000)
  region size 1024K, 33 young (33792K), 4 survivors (4096K)
 Metaspace       used 56474K, committed 57984K, reserved 1114112K
  class space    used 7796K, committed 8512K, reserved 1048576K
}
Event: 25.696 GC heap after
{Heap after GC invocations=21 (full 0):
 garbage-first heap   total 111616K, used 70567K [0x0000000080000000, 0x0000000100000000)
  region size 1024K, 3 young (3072K), 3 survivors (3072K)
 Metaspace       used 56474K, committed 57984K, reserved 1114112K
  class space    used 7796K, committed 8512K, reserved 1048576K
}
Event: 27.689 GC heap before
{Heap before GC invocations=22 (full 0):
 garbage-first heap   total 119808K, used 115623K [0x0000000080000000, 0x0000000100000000)
  region size 1024K, 32 young (32768K), 3 survivors (3072K)
 Metaspace       used 57935K, committed 59584K, reserved 1114112K
  class space    used 8020K, committed 8832K, reserved 1048576K
}
Event: 27.703 GC heap after
{Heap after GC invocations=23 (full 0):
 garbage-first heap   total 125952K, used 92813K [0x0000000080000000, 0x0000000100000000)
  region size 1024K, 4 young (4096K), 4 survivors (4096K)
 Metaspace       used 57935K, committed 59584K, reserved 1114112K
  class space    used 8020K, committed 8832K, reserved 1048576K
}
Event: 28.267 GC heap before
{Heap before GC invocations=23 (full 0):
 garbage-first heap   total 125952K, used 115341K [0x0000000080000000, 0x0000000100000000)
  region size 1024K, 25 young (25600K), 4 survivors (4096K)
 Metaspace       used 60199K, committed 61824K, reserved 1114112K
  class space    used 8218K, committed 9024K, reserved 1048576K
}
Event: 28.275 GC heap after
{Heap after GC invocations=24 (full 0):
 garbage-first heap   total 125952K, used 93342K [0x0000000080000000, 0x0000000100000000)
  region size 1024K, 2 young (2048K), 2 survivors (2048K)
 Metaspace       used 60199K, committed 61824K, reserved 1114112K
  class space    used 8218K, committed 9024K, reserved 1048576K
}

Dll operation events (3 events):
Event: 0.082 Loaded shared library C:\Program Files\Android\Android Studio\jbr\bin\java.dll
Event: 0.123 Loaded shared library C:\Program Files\Android\Android Studio\jbr\bin\zip.dll
Event: 4.687 Loaded shared library C:\Program Files\Android\Android Studio\jbr\bin\verify.dll

Deoptimization events (20 events):
Event: 27.838 Thread 0x0000014ef65a7780 DEOPT PACKING pc=0x0000014ee4fff894 sp=0x000000333aaed590
Event: 27.838 Thread 0x0000014ef65a7780 DEOPT UNPACKING pc=0x0000014ee48146a2 sp=0x000000333aaed510 mode 2
Event: 27.842 Thread 0x0000014ef65a7780 Uncommon trap: trap_request=0xffffffbe fr.pc=0x0000014ee50002f0 relative=0x0000000000000310
Event: 27.842 Thread 0x0000014ef65a7780 Uncommon trap: reason=profile_predicate action=maybe_recompile pc=0x0000014ee50002f0 method=sun.instrument.TransformerManager.transform(Ljava/lang/Module;Ljava/lang/ClassLoader;Ljava/lang/String;Ljava/lang/Class;Ljava/security/ProtectionDomain;[B)[B @ 21 
Event: 27.842 Thread 0x0000014ef65a7780 DEOPT PACKING pc=0x0000014ee50002f0 sp=0x000000333aae5500
Event: 27.842 Thread 0x0000014ef65a7780 DEOPT UNPACKING pc=0x0000014ee48146a2 sp=0x000000333aae53d0 mode 2
Event: 27.972 Thread 0x0000014ef65a7780 Uncommon trap: trap_request=0xffffff45 fr.pc=0x0000014ee4e0e5c8 relative=0x0000000000000228
Event: 27.972 Thread 0x0000014ef65a7780 Uncommon trap: reason=unstable_if action=reinterpret pc=0x0000014ee4e0e5c8 method=java.util.HashMap.putVal(ILjava/lang/Object;Ljava/lang/Object;ZZ)Ljava/lang/Object; @ 162 c2
Event: 27.972 Thread 0x0000014ef65a7780 DEOPT PACKING pc=0x0000014ee4e0e5c8 sp=0x000000333aaf8ba0
Event: 27.972 Thread 0x0000014ef65a7780 DEOPT UNPACKING pc=0x0000014ee48146a2 sp=0x000000333aaf8ab0 mode 2
Event: 28.000 Thread 0x0000014ef65a7780 Uncommon trap: trap_request=0xffffffde fr.pc=0x0000014ee4dff590 relative=0x0000000000000070
Event: 28.000 Thread 0x0000014ef65a7780 Uncommon trap: reason=class_check action=maybe_recompile pc=0x0000014ee4dff590 method=java.util.stream.StreamOpFlag.fromCharacteristics(Ljava/util/Spliterator;)I @ 14 c2
Event: 28.000 Thread 0x0000014ef65a7780 DEOPT PACKING pc=0x0000014ee4dff590 sp=0x000000333aaf8a00
Event: 28.000 Thread 0x0000014ef65a7780 DEOPT UNPACKING pc=0x0000014ee48146a2 sp=0x000000333aaf8998 mode 2
Event: 28.082 Thread 0x0000014ef65a7780 DEOPT PACKING pc=0x0000014edd80bd0e sp=0x000000333aaf8590
Event: 28.082 Thread 0x0000014ef65a7780 DEOPT UNPACKING pc=0x0000014ee4814e42 sp=0x000000333aaf7a00 mode 0
Event: 28.212 Thread 0x0000014ef65a7780 DEOPT PACKING pc=0x0000014edd6e3cde sp=0x000000333aaf7910
Event: 28.212 Thread 0x0000014ef65a7780 DEOPT UNPACKING pc=0x0000014ee4814e42 sp=0x000000333aaf6df8 mode 0
Event: 28.233 Thread 0x0000014ef65a7780 DEOPT PACKING pc=0x0000014edd6e3cde sp=0x000000333aaf7770
Event: 28.233 Thread 0x0000014ef65a7780 DEOPT UNPACKING pc=0x0000014ee4814e42 sp=0x000000333aaf6c58 mode 0

Classes loaded (20 events):
Event: 27.382 Loading class java/lang/ClassBeanInfo
Event: 27.382 Loading class java/lang/ClassBeanInfo done
Event: 27.383 Loading class java/lang/ClassBeanInfo
Event: 27.383 Loading class java/lang/ClassBeanInfo done
Event: 27.383 Loading class java/lang/ClassCustomizer
Event: 27.383 Loading class java/lang/ClassCustomizer done
Event: 27.384 Loading class java/lang/ClassCustomizer
Event: 27.384 Loading class java/lang/ClassCustomizer done
Event: 27.385 Loading class sun/reflect/generics/tree/BooleanSignature
Event: 27.385 Loading class sun/reflect/generics/tree/BooleanSignature done
Event: 27.386 Loading class sun/reflect/generics/reflectiveObjects/GenericArrayTypeImpl
Event: 27.386 Loading class sun/reflect/generics/reflectiveObjects/GenericArrayTypeImpl done
Event: 27.402 Loading class jdk/internal/vm/annotation/ForceInline
Event: 27.402 Loading class jdk/internal/vm/annotation/ForceInline done
Event: 27.999 Loading class java/util/BitSet$1BitSetSpliterator
Event: 28.000 Loading class java/util/BitSet$1BitSetSpliterator done
Event: 28.044 Loading class java/util/Collections$SynchronizedRandomAccessList
Event: 28.044 Loading class java/util/Collections$SynchronizedList
Event: 28.044 Loading class java/util/Collections$SynchronizedList done
Event: 28.044 Loading class java/util/Collections$SynchronizedRandomAccessList done

Classes unloaded (0 events):
No events

Classes redefined (0 events):
No events

Internal exceptions (20 events):
Event: 27.419 Thread 0x0000014ef65a7780 Exception <a 'java/lang/ClassNotFoundException'{0x00000000859c9bd8}: org/gradle/tooling/provider/model/internal/DefaultToolingModelBuilderRegistryBeanInfo> (0x00000000859c9bd8) 
thrown [s\src\hotspot\share\classfile\systemDictionary.cpp, line 312]
Event: 27.421 Thread 0x0000014ef65a7780 Exception <a 'java/lang/ClassNotFoundException'{0x00000000859dfcc8}: org/gradle/tooling/provider/model/internal/DefaultToolingModelBuilderRegistryCustomizer> (0x00000000859dfcc8) 
thrown [s\src\hotspot\share\classfile\systemDictionary.cpp, line 312]
Event: 27.439 Thread 0x0000014ef65a7780 Exception <a 'java/lang/ClassNotFoundException'{0x000000008584bd18}: org/gradle/internal/service/ScopedServiceRegistryBeanInfo> (0x000000008584bd18) 
thrown [s\src\hotspot\share\classfile\systemDictionary.cpp, line 312]
Event: 27.454 Thread 0x0000014ef65a7780 Exception <a 'java/lang/ClassNotFoundException'{0x0000000085861480}: org/gradle/internal/service/DefaultServiceRegistryBeanInfo> (0x0000000085861480) 
thrown [s\src\hotspot\share\classfile\systemDictionary.cpp, line 312]
Event: 27.455 Thread 0x0000014ef65a7780 Exception <a 'java/lang/ClassNotFoundException'{0x0000000085876958}: org/gradle/internal/service/DefaultServiceRegistryCustomizer> (0x0000000085876958) 
thrown [s\src\hotspot\share\classfile\systemDictionary.cpp, line 312]
Event: 27.465 Thread 0x0000014ef65a7780 Exception <a 'java/lang/ClassNotFoundException'{0x0000000085899ba0}: org/gradle/internal/service/ScopedServiceRegistryCustomizer> (0x0000000085899ba0) 
thrown [s\src\hotspot\share\classfile\systemDictionary.cpp, line 312]
Event: 27.485 Thread 0x0000014ef65a7780 Exception <a 'java/lang/ClassNotFoundException'{0x00000000858e4fe0}: org/gradle/internal/extensibility/DefaultConventionBeanInfo> (0x00000000858e4fe0) 
thrown [s\src\hotspot\share\classfile\systemDictionary.cpp, line 312]
Event: 27.493 Thread 0x0000014ef65a7780 Exception <a 'java/lang/ClassNotFoundException'{0x00000000858f9a10}: org/gradle/internal/extensibility/DefaultConventionCustomizer> (0x00000000858f9a10) 
thrown [s\src\hotspot\share\classfile\systemDictionary.cpp, line 312]
Event: 27.622 Thread 0x0000014ef65a7780 Exception <a 'java/lang/ClassNotFoundException'{0x0000000085793db8}: com/intellij/gradle/toolingExtension/impl/modelBuilder/ExtraModelBuilderBeanInfo> (0x0000000085793db8) 
thrown [s\src\hotspot\share\classfile\systemDictionary.cpp, line 312]
Event: 27.623 Thread 0x0000014ef65a7780 Exception <a 'java/lang/ClassNotFoundException'{0x000000008579f858}: com/intellij/gradle/toolingExtension/impl/modelBuilder/ExtraModelBuilderCustomizer> (0x000000008579f858) 
thrown [s\src\hotspot\share\classfile\systemDictionary.cpp, line 312]
Event: 28.010 Thread 0x0000014ef65a7780 Exception <a 'java/lang/IncompatibleClassChangeError'{0x00000000869aa190}: Found class java.lang.Object, but interface was expected> (0x00000000869aa190) 
thrown [s\src\hotspot\share\interpreter\linkResolver.cpp, line 851]
Event: 28.018 Thread 0x0000014ef65a7780 Exception <a 'sun/nio/fs/WindowsException'{0x00000000869d9408}> (0x00000000869d9408) 
thrown [s\src\hotspot\share\prims\jni.cpp, line 537]
Event: 28.019 Thread 0x0000014ef65a7780 Exception <a 'sun/nio/fs/WindowsException'{0x00000000869dac80}> (0x00000000869dac80) 
thrown [s\src\hotspot\share\prims\jni.cpp, line 537]
Event: 28.020 Thread 0x0000014ef65a7780 Exception <a 'sun/nio/fs/WindowsException'{0x00000000869dc4b8}> (0x00000000869dc4b8) 
thrown [s\src\hotspot\share\prims\jni.cpp, line 537]
Event: 28.020 Thread 0x0000014ef65a7780 Exception <a 'sun/nio/fs/WindowsException'{0x00000000869dd8e8}> (0x00000000869dd8e8) 
thrown [s\src\hotspot\share\prims\jni.cpp, line 537]
Event: 28.025 Thread 0x0000014ef65a7780 Exception <a 'java/lang/NoSuchMethodError'{0x00000000869f2668}: 'java.lang.Object java.lang.invoke.Invokers$Holder.invoker(java.lang.Object, java.lang.Object, java.lang.Object, java.lang.Object, java.lang.Object, java.lang.Object)'> (0x00000000869f2668) 
thrown [s\src\hotspot\share\interpreter\linkResolver.cpp, line 784]
Event: 28.069 Thread 0x0000014ef65a7780 Exception <a 'java/lang/NoSuchMethodError'{0x0000000086701a68}: 'java.lang.Object java.lang.invoke.DirectMethodHandle$Holder.invokeSpecial(java.lang.Object, java.lang.Object, java.lang.Object, java.lang.Object, java.lang.Object, java.lang.Object, java.lang.Object, java.lang.Object, java.lang.Object, java.lang.Object, java.lang.Object, java.lang.Object, java.lang.Object, java.lang.Object, java.lang.Object, java.lang.Object, java.lang.Object, java.lang.Object, java.lang.Object, java.lang.Object, java.lang.Ob
Event: 28.069 Thread 0x0000014ef65a7780 Exception <a 'java/lang/NoSuchMethodError'{0x0000000086707db8}: 'java.lang.Object java.lang.invoke.DelegatingMethodHandle$Holder.reinvoke_L(java.lang.Object, java.lang.Object, java.lang.Object, java.lang.Object, java.lang.Object, java.lang.Object, java.lang.Object, java.lang.Object, java.lang.Object, java.lang.Object, java.lang.Object, java.lang.Object, java.lang.Object, java.lang.Object, java.lang.Object, java.lang.Object, java.lang.Object, java.lang.Object, java.lang.Object, java.lang.Object, java.lang.O
Event: 28.070 Thread 0x0000014ef65a7780 Exception <a 'java/lang/NoSuchMethodError'{0x00000000867131d0}: 'java.lang.Object java.lang.invoke.Invokers$Holder.invoker(java.lang.Object, java.lang.Object, java.lang.Object, java.lang.Object, java.lang.Object, java.lang.Object, java.lang.Object, java.lang.Object, java.lang.Object, java.lang.Object, java.lang.Object, java.lang.Object, java.lang.Object, java.lang.Object, java.lang.Object, java.lang.Object, java.lang.Object, java.lang.Object, java.lang.Object, java.lang.Object, java.lang.Object, java.lang.
Event: 28.070 Thread 0x0000014ef65a7780 Exception <a 'java/lang/NoSuchMethodError'{0x0000000086719dd0}: 'java.lang.Object java.lang.invoke.DelegatingMethodHandle$Holder.delegate(java.lang.Object, java.lang.Object, java.lang.Object, java.lang.Object, java.lang.Object, java.lang.Object, java.lang.Object, java.lang.Object, java.lang.Object, java.lang.Object, java.lang.Object, java.lang.Object, java.lang.Object, java.lang.Object, java.lang.Object, java.lang.Object, java.lang.Object, java.lang.Object, java.lang.Object, java.lang.Object, java.lang.Obj

ZGC Phase Switch (0 events):
No events

VM Operations (20 events):
Event: 24.762 Executing VM operation: HandshakeAllThreads (Deoptimize)
Event: 24.762 Executing VM operation: HandshakeAllThreads (Deoptimize) done
Event: 25.394 Executing VM operation: HandshakeAllThreads (Deoptimize)
Event: 25.394 Executing VM operation: HandshakeAllThreads (Deoptimize) done
Event: 25.682 Executing VM operation: G1CollectForAllocation (G1 Evacuation Pause)
Event: 25.696 Executing VM operation: G1CollectForAllocation (G1 Evacuation Pause) done
Event: 25.774 Executing VM operation: G1PauseRemark
Event: 25.794 Executing VM operation: G1PauseRemark done
Event: 25.827 Executing VM operation: G1PauseCleanup
Event: 25.827 Executing VM operation: G1PauseCleanup done
Event: 25.834 Executing VM operation: HandshakeAllThreads (Deoptimize)
Event: 25.834 Executing VM operation: HandshakeAllThreads (Deoptimize) done
Event: 26.848 Executing VM operation: Cleanup
Event: 26.848 Executing VM operation: Cleanup done
Event: 27.400 Executing VM operation: ICBufferFull
Event: 27.400 Executing VM operation: ICBufferFull done
Event: 27.689 Executing VM operation: G1CollectForAllocation (G1 Evacuation Pause)
Event: 27.703 Executing VM operation: G1CollectForAllocation (G1 Evacuation Pause) done
Event: 28.267 Executing VM operation: G1CollectForAllocation (G1 Evacuation Pause)
Event: 28.275 Executing VM operation: G1CollectForAllocation (G1 Evacuation Pause) done

Memory protections (0 events):
No events

Nmethod flushes (20 events):
Event: 25.792 Thread 0x0000014ef10f8070 flushing  nmethod 0x0000014edd477310
Event: 25.792 Thread 0x0000014ef10f8070 flushing  nmethod 0x0000014edd47ea90
Event: 25.792 Thread 0x0000014ef10f8070 flushing  nmethod 0x0000014edd48fa10
Event: 25.792 Thread 0x0000014ef10f8070 flushing  nmethod 0x0000014edd4e5b10
Event: 25.792 Thread 0x0000014ef10f8070 flushing  nmethod 0x0000014edd50c890
Event: 25.792 Thread 0x0000014ef10f8070 flushing  nmethod 0x0000014edd512310
Event: 25.792 Thread 0x0000014ef10f8070 flushing  nmethod 0x0000014edd516690
Event: 25.792 Thread 0x0000014ef10f8070 flushing  nmethod 0x0000014edd589710
Event: 25.792 Thread 0x0000014ef10f8070 flushing  nmethod 0x0000014edd5cf910
Event: 25.792 Thread 0x0000014ef10f8070 flushing  nmethod 0x0000014edd5d7a90
Event: 25.792 Thread 0x0000014ef10f8070 flushing  nmethod 0x0000014edd5dc610
Event: 25.792 Thread 0x0000014ef10f8070 flushing  nmethod 0x0000014edd6c4210
Event: 25.792 Thread 0x0000014ef10f8070 flushing  nmethod 0x0000014edd6c4710
Event: 25.792 Thread 0x0000014ef10f8070 flushing  nmethod 0x0000014edd71cf10
Event: 25.792 Thread 0x0000014ef10f8070 flushing  nmethod 0x0000014edd787610
Event: 25.792 Thread 0x0000014ef10f8070 flushing  nmethod 0x0000014edd954090
Event: 25.792 Thread 0x0000014ef10f8070 flushing  nmethod 0x0000014edd968d90
Event: 25.792 Thread 0x0000014ef10f8070 flushing  nmethod 0x0000014edd969590
Event: 25.792 Thread 0x0000014ef10f8070 flushing  nmethod 0x0000014edd96c290
Event: 25.792 Thread 0x0000014ef10f8070 flushing  nmethod 0x0000014edd981590

Events (20 events):
Event: 17.542 Thread 0x0000014ef65a7780 Thread added: 0x0000014ef7298e70
Event: 17.748 Thread 0x0000014ef65a7780 Thread added: 0x0000014ef7296da0
Event: 17.748 Thread 0x0000014ef65a7780 Thread added: 0x0000014ef729a8b0
Event: 17.748 Thread 0x0000014ef65a7780 Thread added: 0x0000014ef7299b90
Event: 17.749 Thread 0x0000014ef65a7780 Thread added: 0x0000014ef729a220
Event: 18.413 Thread 0x0000014ef7296710 Thread added: 0x0000014ef729b5d0
Event: 22.619 Thread 0x0000014ef65a7780 Thread added: 0x0000014ef729d6a0
Event: 22.683 Thread 0x0000014ef65a7780 Thread added: 0x0000014ef6ec0450
Event: 24.006 Thread 0x0000014ef65a7780 Thread added: 0x0000014ef6ec1e90
Event: 24.140 Thread 0x0000014ef65a7780 Thread added: 0x0000014ef6ec3240
Event: 26.050 Thread 0x0000014ef65a7780 Thread added: 0x0000014ef6ebfdc0
Event: 26.053 Thread 0x0000014ef65a7780 Thread added: 0x0000014ef6ec0ae0
Event: 26.338 Thread 0x0000014ef65a7780 Thread added: 0x0000014ef6ec4c80
Event: 26.345 Thread 0x0000014ef65a7780 Thread added: 0x0000014ef6ec38d0
Event: 26.855 Thread 0x0000014ef65a7780 Thread added: 0x0000014ef6ec6d50
Event: 26.856 Thread 0x0000014ef65a7780 Thread added: 0x0000014ef6ec6030
Event: 26.872 Thread 0x0000014ef65a7780 Thread added: 0x0000014ef6ec3f60
Event: 26.941 Thread 0x0000014ef65a7780 Thread added: 0x0000014ef6ec45f0
Event: 26.943 Thread 0x0000014ef65a7780 Thread added: 0x0000014ef6ec66c0
Event: 26.943 Thread 0x0000014ef65a7780 Thread added: 0x0000014ef6ec5310


Dynamic libraries:
0x00007ff7b3f90000 - 0x00007ff7b3f9a000 	C:\Program Files\Android\Android Studio\jbr\bin\java.exe
0x00007ffe03640000 - 0x00007ffe038a3000 	C:\WINDOWS\SYSTEM32\ntdll.dll
0x00007ffe01af0000 - 0x00007ffe01bb7000 	C:\WINDOWS\System32\KERNEL32.DLL
0x00007ffe00dd0000 - 0x00007ffe01199000 	C:\WINDOWS\System32\KERNELBASE.dll
0x00007ffe00840000 - 0x00007ffe0098c000 	C:\WINDOWS\System32\ucrtbase.dll
0x00007ffdd7f10000 - 0x00007ffdd7f28000 	C:\Program Files\Android\Android Studio\jbr\bin\jli.dll
0x00007ffe02dd0000 - 0x00007ffe02f9a000 	C:\WINDOWS\System32\USER32.dll
0x00007ffe00d10000 - 0x00007ffe00d37000 	C:\WINDOWS\System32\win32u.dll
0x00007ffe02440000 - 0x00007ffe0246a000 	C:\WINDOWS\System32\GDI32.dll
0x00007ffe011a0000 - 0x00007ffe012d1000 	C:\WINDOWS\System32\gdi32full.dll
0x00007ffe00990000 - 0x00007ffe00a33000 	C:\WINDOWS\System32\msvcp_win.dll
0x00007ffdf4df0000 - 0x00007ffdf4e0b000 	C:\Program Files\Android\Android Studio\jbr\bin\VCRUNTIME140.dll
0x00007ffde7b00000 - 0x00007ffde7d90000 	C:\WINDOWS\WinSxS\amd64_microsoft.windows.common-controls_6595b64144ccf1df_6.0.26100.3323_none_3e088096e3344490\COMCTL32.dll
0x00007ffe01c90000 - 0x00007ffe01d39000 	C:\WINDOWS\System32\msvcrt.dll
0x00007ffe018a0000 - 0x00007ffe018cf000 	C:\WINDOWS\System32\IMM32.DLL
0x00007ffdf8310000 - 0x00007ffdf831c000 	C:\Program Files\Android\Android Studio\jbr\bin\vcruntime140_1.dll
0x00007ffd9d880000 - 0x00007ffd9d90d000 	C:\Program Files\Android\Android Studio\jbr\bin\msvcp140.dll
0x00007ffda3c70000 - 0x00007ffda48fe000 	C:\Program Files\Android\Android Studio\jbr\bin\server\jvm.dll
0x00007ffe01bc0000 - 0x00007ffe01c72000 	C:\WINDOWS\System32\ADVAPI32.dll
0x00007ffe018e0000 - 0x00007ffe01986000 	C:\WINDOWS\System32\sechost.dll
0x00007ffe01460000 - 0x00007ffe01576000 	C:\WINDOWS\System32\RPCRT4.dll
0x00007ffe03390000 - 0x00007ffe03404000 	C:\WINDOWS\System32\WS2_32.dll
0x00007ffe006d0000 - 0x00007ffe0071e000 	C:\WINDOWS\SYSTEM32\POWRPROF.dll
0x00007ffdf0e90000 - 0x00007ffdf0e9b000 	C:\WINDOWS\SYSTEM32\VERSION.dll
0x00007ffdf7130000 - 0x00007ffdf7166000 	C:\WINDOWS\SYSTEM32\WINMM.dll
0x00007ffe006b0000 - 0x00007ffe006c4000 	C:\WINDOWS\SYSTEM32\UMPDC.dll
0x00007ffdff660000 - 0x00007ffdff67a000 	C:\WINDOWS\SYSTEM32\kernel.appcore.dll
0x00007ffdf63c0000 - 0x00007ffdf63ca000 	C:\Program Files\Android\Android Studio\jbr\bin\jimage.dll
0x00007ffde4170000 - 0x00007ffde43b1000 	C:\WINDOWS\SYSTEM32\DBGHELP.DLL
0x00007ffe02fa0000 - 0x00007ffe03322000 	C:\WINDOWS\System32\combase.dll
0x00007ffe03510000 - 0x00007ffe035e6000 	C:\WINDOWS\System32\OLEAUT32.dll
0x00007ffde3a20000 - 0x00007ffde3a59000 	C:\WINDOWS\SYSTEM32\dbgcore.DLL
0x00007ffe00c70000 - 0x00007ffe00d09000 	C:\WINDOWS\System32\bcryptPrimitives.dll
0x00007ffdeb2b0000 - 0x00007ffdeb2be000 	C:\Program Files\Android\Android Studio\jbr\bin\instrument.dll
0x00007ffdf4dd0000 - 0x00007ffdf4df0000 	C:\Program Files\Android\Android Studio\jbr\bin\java.dll
0x00007ffdef550000 - 0x00007ffdef568000 	C:\Program Files\Android\Android Studio\jbr\bin\zip.dll
0x00007ffe026b0000 - 0x00007ffe02dc5000 	C:\WINDOWS\System32\SHELL32.dll
0x00007ffe00a40000 - 0x00007ffe00ba8000 	C:\WINDOWS\System32\wintypes.dll
0x00007ffdfe560000 - 0x00007ffdfeda5000 	C:\WINDOWS\SYSTEM32\windows.storage.dll
0x00007ffe017b0000 - 0x00007ffe0189b000 	C:\WINDOWS\System32\SHCORE.dll
0x00007ffe03330000 - 0x00007ffe0338d000 	C:\WINDOWS\System32\shlwapi.dll
0x00007ffe00750000 - 0x00007ffe0077f000 	C:\WINDOWS\SYSTEM32\profapi.dll
0x00007ffdf6050000 - 0x00007ffdf6060000 	C:\Program Files\Android\Android Studio\jbr\bin\net.dll
0x00007ffdf9210000 - 0x00007ffdf932e000 	C:\WINDOWS\SYSTEM32\WINHTTP.dll
0x00007ffdffb80000 - 0x00007ffdffbea000 	C:\WINDOWS\system32\mswsock.dll
0x00007ffdecda0000 - 0x00007ffdecdb6000 	C:\Program Files\Android\Android Studio\jbr\bin\nio.dll
0x00007ffdefb90000 - 0x00007ffdefba0000 	C:\Program Files\Android\Android Studio\jbr\bin\verify.dll
0x00007ffdfb7c0000 - 0x00007ffdfb7e7000 	C:\Users\Administrator\.gradle\native\1def1411415f61bf3af743bc5b6707747c0891f09f0c88961ee8f79bc544acac\windows-amd64\native-platform.dll
0x00007ffd9d800000 - 0x00007ffd9d878000 	C:\Users\Administrator\.gradle\native\0.2.7\x86_64-windows-gnu\gradle-fileevents.dll
0x00007ffdf4d70000 - 0x00007ffdf4d79000 	C:\Program Files\Android\Android Studio\jbr\bin\management.dll
0x00007ffdf32c0000 - 0x00007ffdf32cb000 	C:\Program Files\Android\Android Studio\jbr\bin\management_ext.dll
0x00007ffe026a0000 - 0x00007ffe026a8000 	C:\WINDOWS\System32\PSAPI.DLL
0x00007ffdff0a0000 - 0x00007ffdff0d3000 	C:\WINDOWS\SYSTEM32\IPHLPAPI.DLL
0x00007ffe01c80000 - 0x00007ffe01c8a000 	C:\WINDOWS\System32\NSI.dll
0x00007ffdf4dc0000 - 0x00007ffdf4dc9000 	C:\Program Files\Android\Android Studio\jbr\bin\extnet.dll
0x00007ffdffe20000 - 0x00007ffdffe3c000 	C:\WINDOWS\SYSTEM32\CRYPTSP.dll
0x00007ffdff5c0000 - 0x00007ffdff5fa000 	C:\WINDOWS\system32\rsaenh.dll
0x00007ffdffc20000 - 0x00007ffdffc4b000 	C:\WINDOWS\SYSTEM32\USERENV.dll
0x00007ffe00060000 - 0x00007ffe00086000 	C:\WINDOWS\SYSTEM32\bcrypt.dll
0x00007ffdffe40000 - 0x00007ffdffe4c000 	C:\WINDOWS\SYSTEM32\CRYPTBASE.dll
0x00007ffdd3c90000 - 0x00007ffdd3c98000 	C:\WINDOWS\system32\wshunix.dll

dbghelp: loaded successfully - version: 4.0.5 - missing functions: none
symbol engine: initialized successfully - sym options: 0x614 - pdb path: .;C:\Program Files\Android\Android Studio\jbr\bin;C:\WINDOWS\SYSTEM32;C:\WINDOWS\WinSxS\amd64_microsoft.windows.common-controls_6595b64144ccf1df_6.0.26100.3323_none_3e088096e3344490;C:\Program Files\Android\Android Studio\jbr\bin\server;C:\Users\Administrator\.gradle\native\1def1411415f61bf3af743bc5b6707747c0891f09f0c88961ee8f79bc544acac\windows-amd64;C:\Users\Administrator\.gradle\native\0.2.7\x86_64-windows-gnu

VM Arguments:
jvm_args: --add-opens=java.base/java.lang=ALL-UNNAMED --add-opens=java.base/java.lang.invoke=ALL-UNNAMED --add-opens=java.base/java.util=ALL-UNNAMED --add-opens=java.prefs/java.util.prefs=ALL-UNNAMED --add-exports=jdk.compiler/com.sun.tools.javac.api=ALL-UNNAMED --add-exports=jdk.compiler/com.sun.tools.javac.util=ALL-UNNAMED --add-opens=java.base/java.util=ALL-UNNAMED --add-opens=java.prefs/java.util.prefs=ALL-UNNAMED --add-opens=java.base/java.nio.charset=ALL-UNNAMED --add-opens=java.base/java.net=ALL-UNNAMED --add-opens=java.base/java.util.concurrent.atomic=ALL-UNNAMED --add-opens=java.xml/javax.xml.namespace=ALL-UNNAMED -Xmx2048m -Dfile.encoding=UTF-8 -Duser.country=US -Duser.language=en -Duser.variant -javaagent:C:\Users\Administrator\.gradle\wrapper\dists\gradle-8.13-bin\5xuhj0ry160q40clulazy9h7d\gradle-8.13\lib\agents\gradle-instrumentation-agent-8.13.jar 
java_command: org.gradle.launcher.daemon.bootstrap.GradleDaemon 8.13
java_class_path (initial): C:\Users\Administrator\.gradle\wrapper\dists\gradle-8.13-bin\5xuhj0ry160q40clulazy9h7d\gradle-8.13\lib\gradle-daemon-main-8.13.jar
Launcher Type: SUN_STANDARD

[Global flags]
     intx CICompilerCount                          = 3                                         {product} {ergonomic}
     uint ConcGCThreads                            = 1                                         {product} {ergonomic}
     uint G1ConcRefinementThreads                  = 4                                         {product} {ergonomic}
   size_t G1HeapRegionSize                         = 1048576                                   {product} {ergonomic}
    uintx GCDrainStackTargetSize                   = 64                                        {product} {ergonomic}
   size_t InitialHeapSize                          = 134217728                                 {product} {ergonomic}
   size_t MarkStackSize                            = 4194304                                   {product} {ergonomic}
   size_t MaxHeapSize                              = 2147483648                                {product} {command line}
   size_t MaxNewSize                               = 1287651328                                {product} {ergonomic}
   size_t MinHeapDeltaBytes                        = 1048576                                   {product} {ergonomic}
   size_t MinHeapSize                              = 8388608                                   {product} {ergonomic}
    uintx NonNMethodCodeHeapSize                   = 5832780                                {pd product} {ergonomic}
    uintx NonProfiledCodeHeapSize                  = 122912730                              {pd product} {ergonomic}
    uintx ProfiledCodeHeapSize                     = 122912730                              {pd product} {ergonomic}
    uintx ReservedCodeCacheSize                    = 251658240                              {pd product} {ergonomic}
     bool SegmentedCodeCache                       = true                                      {product} {ergonomic}
   size_t SoftMaxHeapSize                          = 2147483648                             {manageable} {ergonomic}
     bool UseCompressedOops                        = true                           {product lp64_product} {ergonomic}
     bool UseG1GC                                  = true                                      {product} {ergonomic}
     bool UseLargePagesIndividualAllocation        = false                                  {pd product} {ergonomic}

Logging:
Log output configuration:
 #0: stdout all=warning uptime,level,tags foldmultilines=false
 #1: stderr all=off uptime,level,tags foldmultilines=false

Environment Variables:
PATH=C:\Program Files\Common Files\Oracle\Java\javapath;C:\WINDOWS\system32;C:\WINDOWS;C:\WINDOWS\System32\Wbem;C:\WINDOWS\System32\WindowsPowerShell\v1.0\;C:\WINDOWS\System32\OpenSSH\;C:\Users\Administrator\AppData\Local\Android\Sdk\platform-tools\;C:\Users\Administrator\AppData\Local\Microsoft\WindowsApps;
USERNAME=Administrator
OS=Windows_NT
PROCESSOR_IDENTIFIER=Intel64 Family 6 Model 58 Stepping 9, GenuineIntel
TMP=C:\Users\ADMINI~1\AppData\Local\Temp
TEMP=C:\Users\ADMINI~1\AppData\Local\Temp




Periodic native trim disabled

JNI global refs:
JNI global refs: 25, weak refs: 3

JNI global refs memory usage: 835, weak refs: 833

Process memory usage:
Resident Set Size: 276492K (3% of 8388068K total physical memory with 349356K free physical memory)

OOME stack traces (most recent first):
Classloader memory used:
Loader org.gradle.internal.classloader.VisitableURLClassLoader                         : 28712K
Loader bootstrap                                                                       : 22661K
Loader org.gradle.initialization.MixInLegacyTypesClassLoader                           : 6527K
Loader org.gradle.internal.classloader.VisitableURLClassLoader                         : 713K
Loader org.gradle.internal.classloader.VisitableURLClassLoader$InstrumentingVisitableURLClassLoader: 573K
Loader jdk.internal.loader.ClassLoaders$PlatformClassLoader                            : 508K
Loader jdk.internal.loader.ClassLoaders$AppClassLoader                                 : 235K
Loader jdk.internal.reflect.DelegatingClassLoader                                      : 158K
Loader org.gradle.groovy.scripts.internal.DefaultScriptCompilationHandler$ScriptClassLoader: 90640B
Loader org.codehaus.groovy.runtime.callsite.CallSiteClassLoader                        : 49768B

Classes loaded by more than one classloader:
Class org.gradle.api.GradleException                                                  : loaded 3 times (x 80B)
Class org.gradle.internal.classloader.FilteringClassLoader                            : loaded 2 times (x 103B)
Class org.gradle.internal.classloader.ClassLoaderHierarchy                            : loaded 2 times (x 68B)
Class org.gradle.api.internal.classpath.ManifestUtil                                  : loaded 2 times (x 69B)
Class org.gradle.internal.operations.MultipleBuildOperationFailures                   : loaded 2 times (x 93B)
Class org.gradle.internal.classloader.DefaultClassLoaderFactory                       : loaded 2 times (x 80B)
Class kotlin.collections.AbstractList$Companion                                       : loaded 2 times (x 69B)
Class org.gradle.internal.classloader.ClassLoaderVisitor                              : loaded 2 times (x 74B)
Class org.gradle.api.internal.classpath.EffectiveClassPath                            : loaded 2 times (x 88B)
Class org.gradle.api.internal.DefaultClassPathProvider                                : loaded 2 times (x 74B)
Class [Lorg.gradle.api.internal.ClassPathProvider;                                    : loaded 2 times (x 67B)
Class org.gradle.api.internal.ClassPathProvider                                       : loaded 2 times (x 68B)
Class org.gradle.internal.service.UnknownServiceException                             : loaded 2 times (x 81B)
Class org.gradle.internal.classpath.TransformedClassPath                              : loaded 2 times (x 94B)
Class org.gradle.internal.classloader.InstrumentingClassLoader                        : loaded 2 times (x 68B)
Class kotlin.enums.EnumEntriesList                                                    : loaded 2 times (x 221B)
Class org.gradle.internal.service.ServiceLocator                                      : loaded 2 times (x 68B)
Class org.gradle.internal.InternalTransformer                                         : loaded 2 times (x 68B)
Class org.gradle.internal.time.DefaultTimer                                           : loaded 2 times (x 78B)
Class org.gradle.internal.classloader.ClasspathUtil$1                                 : loaded 2 times (x 74B)
Class org.gradle.api.internal.classpath.DefaultModuleRegistry$DefaultModule           : loaded 2 times (x 84B)
Class ijInit3_d546crnyboij1tc9kfumfq4n5                                               : loaded 2 times (x 177B)
Class org.gradle.internal.time.DefaultCountdownTimer                                  : loaded 2 times (x 86B)
Class kotlin.Function                                                                 : loaded 2 times (x 68B)
Class org.gradle.api.internal.classpath.Module                                        : loaded 2 times (x 68B)
Class org.gradle.api.internal.classpath.UnknownModuleException                        : loaded 2 times (x 80B)
Class org.gradle.api.internal.DefaultClassPathRegistry                                : loaded 2 times (x 74B)
Class org.gradle.api.internal.ClassPathRegistry                                       : loaded 2 times (x 68B)
Class org.gradle.internal.classpath.DefaultClassPath$ImmutableUniqueList              : loaded 2 times (x 197B)
Class sync_studio_tooling128_8qnpor661nvqrqb8ktuxd0qg5                                : loaded 2 times (x 177B)
Class org.gradle.internal.classpath.ClassPath                                         : loaded 2 times (x 68B)
Class org.gradle.api.UncheckedIOException                                             : loaded 2 times (x 80B)
Class kotlin.UninitializedPropertyAccessException                                     : loaded 2 times (x 80B)
Class org.gradle.internal.installation.GradleInstallation$1                           : loaded 2 times (x 73B)
Class org.gradle.api.internal.classpath.ModuleRegistry                                : loaded 2 times (x 68B)
Class org.gradle.api.internal.classpath.DefaultModuleRegistry                         : loaded 2 times (x 84B)
Class org.gradle.internal.time.MonotonicClock                                         : loaded 2 times (x 75B)
Class org.gradle.internal.service.ServiceLookupException                              : loaded 2 times (x 80B)
Class org.gradle.internal.classloader.ClassLoaderFactory                              : loaded 2 times (x 68B)
Class org.gradle.internal.service.CachingServiceLocator                               : loaded 2 times (x 80B)
Class org.gradle.internal.time.TimeSource                                             : loaded 2 times (x 68B)
Class kotlin.enums.EnumEntries                                                        : loaded 2 times (x 68B)
Class org.gradle.internal.exceptions.ResolutionProvider                               : loaded 2 times (x 68B)
Class org.gradle.internal.classloader.ClasspathUtil                                   : loaded 2 times (x 69B)
Class org.gradle.internal.time.TimeSource$1                                           : loaded 2 times (x 75B)
Class org.gradle.api.specs.Spec                                                       : loaded 2 times (x 68B)
Class org.gradle.internal.time.Clock                                                  : loaded 2 times (x 68B)
Class kotlin.collections.AbstractList                                                 : loaded 2 times (x 195B)
Class kotlin.collections.AbstractCollection                                           : loaded 2 times (x 115B)
Class org.gradle.internal.classloader.VisitableURLClassLoader$InstrumentingVisitableURLClassLoader: loaded 2 times (x 121B)
Class org.gradle.internal.classloader.VisitableURLClassLoader$Spec                    : loaded 2 times (x 72B)
Class org.gradle.internal.classpath.DefaultClassPath                                  : loaded 2 times (x 88B)
Class org.gradle.internal.classloader.ClassLoaderSpec                                 : loaded 2 times (x 69B)
Class org.gradle.internal.classloader.VisitableURLClassLoader                         : loaded 2 times (x 115B)
Class org.gradle.internal.Cast                                                        : loaded 2 times (x 69B)
Class org.gradle.api.Action                                                           : loaded 2 times (x 68B)
Class kotlin.jvm.functions.Function1                                                  : loaded 2 times (x 68B)
Class org.gradle.internal.classpath.DefaultClassPath$ImmutableUniqueList$Builder      : loaded 2 times (x 73B)
Class kotlin.NotImplementedError                                                      : loaded 2 times (x 80B)
Class org.gradle.internal.exceptions.NonGradleCauseExceptionsHolder                   : loaded 2 times (x 68B)
Class org.jetbrains.plugins.gradle.tooling.ModelBuilderService$Parameter              : loaded 2 times (x 68B)
Class kotlin.enums.EnumEntriesKt                                                      : loaded 2 times (x 69B)
Class org.gradle.internal.IoActions                                                   : loaded 2 times (x 69B)
Class org.gradle.internal.classloader.SystemClassLoaderSpec                           : loaded 2 times (x 69B)
Class org.gradle.internal.exceptions.MultiCauseException                              : loaded 2 times (x 68B)
Class org.gradle.internal.time.CountdownTimer                                         : loaded 2 times (x 68B)
Class kotlin.jvm.internal.Intrinsics                                                  : loaded 2 times (x 69B)
Class org.gradle.tooling.model.ProjectModel                                           : loaded 2 times (x 68B)
Class kotlin.KotlinNullPointerException                                               : loaded 2 times (x 81B)
Class org.gradle.internal.exceptions.DefaultMultiCauseException                       : loaded 2 times (x 93B)
Class org.gradle.internal.time.Time                                                   : loaded 2 times (x 69B)
Class org.gradle.api.internal.classpath.GlobalCacheRootsProvider                      : loaded 2 times (x 68B)
Class org.gradle.internal.time.Timer                                                  : loaded 2 times (x 68B)
Class kotlin.jvm.internal.markers.KMappedMarker                                       : loaded 2 times (x 68B)
Class org.gradle.internal.installation.CurrentGradleInstallationLocator               : loaded 2 times (x 69B)
Class org.gradle.internal.service.DefaultServiceLocator                               : loaded 2 times (x 81B)
Class org.gradle.util.GradleVersion                                                   : loaded 2 times (x 77B)
Class org.gradle.internal.installation.CurrentGradleInstallation                      : loaded 2 times (x 71B)
Class org.gradle.util.internal.GUtil                                                  : loaded 2 times (x 69B)
Class org.gradle.internal.installation.GradleInstallation                             : loaded 2 times (x 73B)

---------------  S Y S T E M  ---------------

OS:
 Windows 11 , 64 bit Build 26100 (10.0.26100.3323)
OS uptime: 2 days 2:58 hours
KVM virtualization detected

CPU: total 4 (initial active 4) (4 cores per cpu, 1 threads per core) family 6 model 58 stepping 9 microcode 0x1, cx8, cmov, fxsr, mmx, sse, sse2, sse3, ssse3, sse4.1, sse4.2, popcnt, tsc, avx, aes, erms, clmul, vzeroupper, clflush, hv, rdtscp, f16c
Processor Information for the first 4 processors :
  Max Mhz: 2700, Current Mhz: 2700, Mhz Limit: 2700

Memory: 4k page, system-wide physical 8191M (339M free)
TotalPageFile size 11634M (AvailPageFile size 8M)
current process WorkingSet (physical memory assigned to process): 270M, peak: 270M
current process commit charge ("private bytes"): 324M, peak: 326M

vm_info: OpenJDK 64-Bit Server VM (21.0.7+-13880790-b1038.58) for windows-amd64 JRE (21.0.7+-13880790-b1038.58), built on 2025-08-04T20:56:21Z by "builder" with MS VC++ 16.10 / 16.11 (VS2019)

END.
