#
# There is insufficient memory for the Java Runtime Environment to continue.
# Native memory allocation (malloc) failed to allocate 1084896 bytes. Error detail: Chunk::new
# Possible reasons:
#   The system is out of physical RAM or swap space
#   This process is running with CompressedOops enabled, and the Java Heap may be blocking the growth of the native heap
# Possible solutions:
#   Reduce memory load on the system
#   Increase physical memory or swap space
#   Check if swap backing store is full
#   Decrease Java heap size (-Xmx/-Xms)
#   Decrease number of Java threads
#   Decrease Java thread stack sizes (-Xss)
#   Set larger code cache with -XX:ReservedCodeCacheSize=
#   JVM is running with Unscaled Compressed Oops mode in which the Java heap is
#     placed in the first 4GB address space. The Java Heap base address is the
#     maximum limit for the native heap growth. Please use -XX:HeapBaseMinAddress
#     to set the Java Heap base and to place the Java Heap above 4GB virtual address.
# This output file may be truncated or incomplete.
#
#  Out of Memory Error (arena.cpp:168), pid=11224, tid=6380
#
# JRE version: OpenJDK Runtime Environment (21.0.7) (build 21.0.7+-13880790-b1038.58)
# Java VM: OpenJDK 64-Bit Server VM (21.0.7+-13880790-b1038.58, mixed mode, tiered, compressed oops, compressed class ptrs, g1 gc, windows-amd64)
# No core dump will be written. Minidumps are not enabled by default on client versions of Windows
#

---------------  S U M M A R Y ------------

Command Line: --add-opens=java.base/java.lang=ALL-UNNAMED --add-opens=java.base/java.lang.invoke=ALL-UNNAMED --add-opens=java.base/java.util=ALL-UNNAMED --add-opens=java.prefs/java.util.prefs=ALL-UNNAMED --add-exports=jdk.compiler/com.sun.tools.javac.api=ALL-UNNAMED --add-exports=jdk.compiler/com.sun.tools.javac.util=ALL-UNNAMED --add-opens=java.base/java.util=ALL-UNNAMED --add-opens=java.prefs/java.util.prefs=ALL-UNNAMED --add-opens=java.base/java.nio.charset=ALL-UNNAMED --add-opens=java.base/java.net=ALL-UNNAMED --add-opens=java.base/java.util.concurrent.atomic=ALL-UNNAMED --add-opens=java.xml/javax.xml.namespace=ALL-UNNAMED -Xmx2048m -Dfile.encoding=UTF-8 -Duser.country=US -Duser.language=en -Duser.variant -javaagent:C:\Users\Administrator\.gradle\wrapper\dists\gradle-8.13-bin\5xuhj0ry160q40clulazy9h7d\gradle-8.13\lib\agents\gradle-instrumentation-agent-8.13.jar org.gradle.launcher.daemon.bootstrap.GradleDaemon 8.13

Host: Intel Xeon E3-12xx v2 (Ivy Bridge, IBRS), 4 cores, 7G,  Windows 11 , 64 bit Build 26100 (10.0.26100.3323)
Time: Sun Sep 28 04:26:32 2025 Central Daylight Time elapsed time: 17.342735 seconds (0d 0h 0m 17s)

---------------  T H R E A D  ---------------

Current thread (0x000002587e215ab0):  JavaThread "C2 CompilerThread0" daemon [_thread_in_native, id=6380, stack(0x0000006d60a00000,0x0000006d60b00000) (1024K)]


Current CompileTask:
C2:17342 5167       4       java.lang.invoke.MethodType::makeImpl (109 bytes)

Stack: [0x0000006d60a00000,0x0000006d60b00000]
Native frames: (J=compiled Java code, j=interpreted, Vv=VM code, C=native code)
V  [jvm.dll+0x6d25c9]
V  [jvm.dll+0x860923]
V  [jvm.dll+0x862e7e]
V  [jvm.dll+0x863563]
V  [jvm.dll+0x27f156]
V  [jvm.dll+0xc002d]
V  [jvm.dll+0xc0563]
V  [jvm.dll+0x2f31f0]
V  [jvm.dll+0x5fc309]
V  [jvm.dll+0x250f82]
V  [jvm.dll+0x2498ca]
V  [jvm.dll+0x24733e]
V  [jvm.dll+0x1c5fb4]
V  [jvm.dll+0x256bac]
V  [jvm.dll+0x2550f6]
V  [jvm.dll+0x3f1d16]
V  [jvm.dll+0x808d08]
V  [jvm.dll+0x6d0e1d]
C  [ucrtbase.dll+0x37b0]
C  [KERNEL32.DLL+0x2e8d7]
C  [ntdll.dll+0xbbf6c]


---------------  P R O C E S S  ---------------

Threads class SMR info:
_java_thread_list=0x0000025814c02380, length=40, elements={
0x000002587619c340, 0x000002587e1d6420, 0x000002587e1e4750, 0x000002587e1e5930,
0x000002587e20bb50, 0x000002587e2101d0, 0x000002587e2113b0, 0x000002587e2145a0,
0x000002587e215ab0, 0x000002587e21cd50, 0x000002587e58c5a0, 0x000002587e697330,
0x000002587fcf6a20, 0x000002587f17c7b0, 0x000002587f0ffcc0, 0x00000258130b72a0,
0x00000258130edfe0, 0x00000258130f64f0, 0x00000258130f4420, 0x00000258130f4ab0,
0x00000258130f3700, 0x00000258130f3d90, 0x00000258130f5140, 0x00000258130f57d0,
0x00000258130f5e60, 0x00000258151ec330, 0x00000258151ef120, 0x00000258151eea90,
0x00000258151ef7b0, 0x00000258151efe40, 0x00000258151edd70, 0x00000258151ec9c0,
0x00000258151f04d0, 0x00000258151ed050, 0x00000258151f0b60, 0x00000258151ed6e0,
0x00000258151f1880, 0x00000258151f1f10, 0x00000258151f2c30, 0x00000258151f32c0
}

Java Threads: ( => current thread )
  0x000002587619c340 JavaThread "main"                              [_thread_blocked, id=11012, stack(0x0000006d5fb00000,0x0000006d5fc00000) (1024K)]
  0x000002587e1d6420 JavaThread "Common-Cleaner"             daemon [_thread_blocked, id=10088, stack(0x0000006d60300000,0x0000006d60400000) (1024K)]
  0x000002587e1e4750 JavaThread "Reference Handler"          daemon [_thread_blocked, id=948, stack(0x0000006d60400000,0x0000006d60500000) (1024K)]
  0x000002587e1e5930 JavaThread "Finalizer"                  daemon [_thread_blocked, id=3164, stack(0x0000006d60500000,0x0000006d60600000) (1024K)]
  0x000002587e20bb50 JavaThread "Signal Dispatcher"          daemon [_thread_blocked, id=5748, stack(0x0000006d60600000,0x0000006d60700000) (1024K)]
  0x000002587e2101d0 JavaThread "Attach Listener"            daemon [_thread_blocked, id=2012, stack(0x0000006d60700000,0x0000006d60800000) (1024K)]
  0x000002587e2113b0 JavaThread "Service Thread"             daemon [_thread_blocked, id=2676, stack(0x0000006d60800000,0x0000006d60900000) (1024K)]
  0x000002587e2145a0 JavaThread "Monitor Deflation Thread"   daemon [_thread_blocked, id=6064, stack(0x0000006d60900000,0x0000006d60a00000) (1024K)]
=>0x000002587e215ab0 JavaThread "C2 CompilerThread0"         daemon [_thread_in_native, id=6380, stack(0x0000006d60a00000,0x0000006d60b00000) (1024K)]
  0x000002587e21cd50 JavaThread "C1 CompilerThread0"         daemon [_thread_in_native, id=8636, stack(0x0000006d60b00000,0x0000006d60c00000) (1024K)]
  0x000002587e58c5a0 JavaThread "Notification Thread"        daemon [_thread_blocked, id=10880, stack(0x0000006d60c00000,0x0000006d60d00000) (1024K)]
  0x000002587e697330 JavaThread "Daemon health stats"               [_thread_blocked, id=5316, stack(0x0000006d61000000,0x0000006d61100000) (1024K)]
  0x000002587fcf6a20 JavaThread "Incoming local TCP Connector on port 58581"        [_thread_in_native, id=2508, stack(0x0000006d61100000,0x0000006d61200000) (1024K)]
  0x000002587f17c7b0 JavaThread "Daemon periodic checks"            [_thread_blocked, id=9136, stack(0x0000006d61200000,0x0000006d61300000) (1024K)]
  0x000002587f0ffcc0 JavaThread "Daemon"                            [_thread_blocked, id=1436, stack(0x0000006d61300000,0x0000006d61400000) (1024K)]
  0x00000258130b72a0 JavaThread "Handler for socket connection from /127.0.0.1:58581 to /127.0.0.1:58582"        [_thread_in_native, id=7304, stack(0x0000006d61400000,0x0000006d61500000) (1024K)]
  0x00000258130edfe0 JavaThread "Cancel handler"                    [_thread_blocked, id=3724, stack(0x0000006d61500000,0x0000006d61600000) (1024K)]
  0x00000258130f64f0 JavaThread "Daemon worker"                     [_thread_in_Java, id=9676, stack(0x0000006d61600000,0x0000006d61700000) (1024K)]
  0x00000258130f4420 JavaThread "Asynchronous log dispatcher for DefaultDaemonConnection: socket connection from /127.0.0.1:58581 to /127.0.0.1:58582"        [_thread_blocked, id=1456, stack(0x0000006d61700000,0x0000006d61800000) (1024K)]
  0x00000258130f4ab0 JavaThread "Stdin handler"                     [_thread_blocked, id=4296, stack(0x0000006d61800000,0x0000006d61900000) (1024K)]
  0x00000258130f3700 JavaThread "Daemon client event forwarder"        [_thread_blocked, id=10424, stack(0x0000006d61900000,0x0000006d61a00000) (1024K)]
  0x00000258130f3d90 JavaThread "Cache worker for journal cache (C:\Users\Administrator\.gradle\caches\journal-1)"        [_thread_blocked, id=8148, stack(0x0000006d61a00000,0x0000006d61b00000) (1024K)]
  0x00000258130f5140 JavaThread "File lock request listener"        [_thread_in_native, id=3956, stack(0x0000006d61b00000,0x0000006d61c00000) (1024K)]
  0x00000258130f57d0 JavaThread "Cache worker for file hash cache (C:\Users\Administrator\.gradle\caches\8.13\fileHashes)"        [_thread_blocked, id=10368, stack(0x0000006d61c00000,0x0000006d61d00000) (1024K)]
  0x00000258130f5e60 JavaThread "Cache worker for file hash cache (C:\Users\Administrator\AndroidStudioProjects\SalesNote\.gradle\8.13\fileHashes)"        [_thread_blocked, id=4580, stack(0x0000006d61d00000,0x0000006d61e00000) (1024K)]
  0x00000258151ec330 JavaThread "Cache worker for Build Output Cleanup Cache (C:\Users\Administrator\AndroidStudioProjects\SalesNote\.gradle\buildOutputCleanup)"        [_thread_blocked, id=10540, stack(0x0000006d61e00000,0x0000006d61f00000) (1024K)]
  0x00000258151ef120 JavaThread "File watcher server"        daemon [_thread_in_native, id=10380, stack(0x0000006d61f00000,0x0000006d62000000) (1024K)]
  0x00000258151eea90 JavaThread "File watcher consumer"      daemon [_thread_blocked, id=10968, stack(0x0000006d62000000,0x0000006d62100000) (1024K)]
  0x00000258151ef7b0 JavaThread "jar transforms"                    [_thread_blocked, id=4104, stack(0x0000006d62100000,0x0000006d62200000) (1024K)]
  0x00000258151efe40 JavaThread "jar transforms Thread 2"           [_thread_blocked, id=11100, stack(0x0000006d62200000,0x0000006d62300000) (1024K)]
  0x00000258151edd70 JavaThread "jar transforms Thread 3"           [_thread_blocked, id=11008, stack(0x0000006d62300000,0x0000006d62400000) (1024K)]
  0x00000258151ec9c0 JavaThread "jar transforms Thread 4"           [_thread_blocked, id=1568, stack(0x0000006d62400000,0x0000006d62500000) (1024K)]
  0x00000258151f04d0 JavaThread "Cache worker for checksums cache (C:\Users\Administrator\AndroidStudioProjects\SalesNote\.gradle\8.13\checksums)"        [_thread_blocked, id=5420, stack(0x0000006d62500000,0x0000006d62600000) (1024K)]
  0x00000258151ed050 JavaThread "Cache worker for file content cache (C:\Users\Administrator\.gradle\caches\8.13\fileContent)"        [_thread_blocked, id=7652, stack(0x0000006d62600000,0x0000006d62700000) (1024K)]
  0x00000258151f0b60 JavaThread "Cache worker for cache directory md-supplier (C:\Users\Administrator\.gradle\caches\8.13\md-supplier)"        [_thread_blocked, id=10000, stack(0x0000006d62700000,0x0000006d62800000) (1024K)]
  0x00000258151ed6e0 JavaThread "Cache worker for cache directory md-rule (C:\Users\Administrator\.gradle\caches\8.13\md-rule)"        [_thread_blocked, id=10588, stack(0x0000006d62800000,0x0000006d62900000) (1024K)]
  0x00000258151f1880 JavaThread "Unconstrained build operations"        [_thread_blocked, id=10208, stack(0x0000006d62900000,0x0000006d62a00000) (1024K)]
  0x00000258151f1f10 JavaThread "Unconstrained build operations Thread 2"        [_thread_blocked, id=8384, stack(0x0000006d62a00000,0x0000006d62b00000) (1024K)]
  0x00000258151f2c30 JavaThread "Unconstrained build operations Thread 3"        [_thread_blocked, id=7992, stack(0x0000006d62b00000,0x0000006d62c00000) (1024K)]
  0x00000258151f32c0 JavaThread "Unconstrained build operations Thread 4"        [_thread_blocked, id=10416, stack(0x0000006d62c00000,0x0000006d62d00000) (1024K)]
Total: 40

Other Threads:
  0x000002587e01dc70 VMThread "VM Thread"                           [id=2664, stack(0x0000006d60200000,0x0000006d60300000) (1024K)]
  0x000002587dfc7e40 WatcherThread "VM Periodic Task Thread"        [id=7472, stack(0x0000006d60100000,0x0000006d60200000) (1024K)]
  0x00000258761f1520 WorkerThread "GC Thread#0"                     [id=5136, stack(0x0000006d5fc00000,0x0000006d5fd00000) (1024K)]
  0x000002587e679360 WorkerThread "GC Thread#1"                     [id=3012, stack(0x0000006d60d00000,0x0000006d60e00000) (1024K)]
  0x000002587e679700 WorkerThread "GC Thread#2"                     [id=6920, stack(0x0000006d60e00000,0x0000006d60f00000) (1024K)]
  0x000002587f2f1850 WorkerThread "GC Thread#3"                     [id=4020, stack(0x0000006d60f00000,0x0000006d61000000) (1024K)]
  0x0000025873fae7a0 ConcurrentGCThread "G1 Main Marker"            [id=5580, stack(0x0000006d5fd00000,0x0000006d5fe00000) (1024K)]
  0x0000025876204e00 WorkerThread "G1 Conc#0"                       [id=6632, stack(0x0000006d5fe00000,0x0000006d5ff00000) (1024K)]
  0x000002587de85200 ConcurrentGCThread "G1 Refine#0"               [id=8432, stack(0x0000006d5ff00000,0x0000006d60000000) (1024K)]
  0x000002587de86740 ConcurrentGCThread "G1 Service"                [id=2344, stack(0x0000006d60000000,0x0000006d60100000) (1024K)]
Total: 10

Threads with active compile tasks:
C2 CompilerThread0  17428 5167       4       java.lang.invoke.MethodType::makeImpl (109 bytes)
Total: 1

VM state: not at safepoint (normal execution)

VM Mutex/Monitor currently owned by a thread: None

Heap address: 0x0000000080000000, size: 2048 MB, Compressed Oops mode: 32-bit

CDS archive(s) not mapped
Compressed class space mapped at: 0x0000000100000000-0x0000000140000000, reserved size: 1073741824
Narrow klass base: 0x0000000000000000, Narrow klass shift: 3, Narrow klass range: 0x140000000

GC Precious Log:
 CardTable entry size: 512
 Card Set container configuration: InlinePtr #cards 5 size 8 Array Of Cards #cards 12 size 40 Howl #buckets 4 coarsen threshold 1843 Howl Bitmap #cards 512 size 80 coarsen threshold 460 Card regions per heap region 1 cards per card region 2048
 CPUs: 4 total, 4 available
 Memory: 8191M
 Large Page Support: Disabled
 NUMA Support: Disabled
 Compressed Oops: Enabled (32-bit)
 Heap Region Size: 1M
 Heap Min Capacity: 8M
 Heap Initial Capacity: 128M
 Heap Max Capacity: 2G
 Pre-touch: Disabled
 Parallel Workers: 4
 Concurrent Workers: 1
 Concurrent Refinement Workers: 4
 Periodic GC: Disabled

Heap:
 garbage-first heap   total 150528K, used 93834K [0x0000000080000000, 0x0000000100000000)
  region size 1024K, 25 young (25600K), 4 survivors (4096K)
 Metaspace       used 57395K, committed 58944K, reserved 1114112K
  class space    used 7973K, committed 8768K, reserved 1048576K

Heap Regions: E=young(eden), S=young(survivor), O=old, HS=humongous(starts), HC=humongous(continues), CS=collection set, F=free, TAMS=top-at-mark-start, PB=parsable bottom
|   0|0x0000000080000000, 0x0000000080100000, 0x0000000080100000|100%|HS|  |TAMS 0x0000000080000000| PB 0x0000000080000000| Complete 
|   1|0x0000000080100000, 0x0000000080200000, 0x0000000080200000|100%|HC|  |TAMS 0x0000000080100000| PB 0x0000000080100000| Complete 
|   2|0x0000000080200000, 0x0000000080300000, 0x0000000080300000|100%|HC|  |TAMS 0x0000000080200000| PB 0x0000000080200000| Complete 
|   3|0x0000000080300000, 0x0000000080400000, 0x0000000080400000|100%| O|  |TAMS 0x0000000080300000| PB 0x0000000080300000| Untracked 
|   4|0x0000000080400000, 0x0000000080500000, 0x0000000080500000|100%| O|  |TAMS 0x0000000080400000| PB 0x0000000080400000| Untracked 
|   5|0x0000000080500000, 0x0000000080600000, 0x0000000080600000|100%| O|  |TAMS 0x0000000080500000| PB 0x0000000080500000| Untracked 
|   6|0x0000000080600000, 0x0000000080700000, 0x0000000080700000|100%|HS|  |TAMS 0x0000000080600000| PB 0x0000000080600000| Complete 
|   7|0x0000000080700000, 0x0000000080800000, 0x0000000080800000|100%| O|  |TAMS 0x0000000080700000| PB 0x0000000080700000| Untracked 
|   8|0x0000000080800000, 0x0000000080900000, 0x0000000080900000|100%| O|  |TAMS 0x0000000080800000| PB 0x0000000080800000| Untracked 
|   9|0x0000000080900000, 0x0000000080a00000, 0x0000000080a00000|100%| O|  |TAMS 0x0000000080900000| PB 0x0000000080900000| Untracked 
|  10|0x0000000080a00000, 0x0000000080b00000, 0x0000000080b00000|100%| O|  |TAMS 0x0000000080a00000| PB 0x0000000080a00000| Untracked 
|  11|0x0000000080b00000, 0x0000000080c00000, 0x0000000080c00000|100%| O|  |TAMS 0x0000000080b00000| PB 0x0000000080b00000| Untracked 
|  12|0x0000000080c00000, 0x0000000080d00000, 0x0000000080d00000|100%| O|  |TAMS 0x0000000080c00000| PB 0x0000000080c00000| Untracked 
|  13|0x0000000080d00000, 0x0000000080e00000, 0x0000000080e00000|100%| O|  |TAMS 0x0000000080d00000| PB 0x0000000080d00000| Untracked 
|  14|0x0000000080e00000, 0x0000000080f00000, 0x0000000080f00000|100%| O|  |TAMS 0x0000000080e00000| PB 0x0000000080e00000| Untracked 
|  15|0x0000000080f00000, 0x0000000081000000, 0x0000000081000000|100%| O|  |TAMS 0x0000000080f00000| PB 0x0000000080f00000| Untracked 
|  16|0x0000000081000000, 0x0000000081100000, 0x0000000081100000|100%| O|  |TAMS 0x0000000081000000| PB 0x0000000081000000| Untracked 
|  17|0x0000000081100000, 0x0000000081200000, 0x0000000081200000|100%| O|  |TAMS 0x0000000081100000| PB 0x0000000081100000| Untracked 
|  18|0x0000000081200000, 0x0000000081300000, 0x0000000081300000|100%| O|  |TAMS 0x0000000081200000| PB 0x0000000081200000| Untracked 
|  19|0x0000000081300000, 0x0000000081400000, 0x0000000081400000|100%| O|  |TAMS 0x0000000081300000| PB 0x0000000081300000| Untracked 
|  20|0x0000000081400000, 0x0000000081500000, 0x0000000081500000|100%| O|  |TAMS 0x0000000081400000| PB 0x0000000081400000| Untracked 
|  21|0x0000000081500000, 0x0000000081600000, 0x0000000081600000|100%| O|  |TAMS 0x0000000081500000| PB 0x0000000081500000| Untracked 
|  22|0x0000000081600000, 0x0000000081700000, 0x0000000081700000|100%| O|  |TAMS 0x0000000081600000| PB 0x0000000081600000| Untracked 
|  23|0x0000000081700000, 0x0000000081800000, 0x0000000081800000|100%| O|  |TAMS 0x0000000081700000| PB 0x0000000081700000| Untracked 
|  24|0x0000000081800000, 0x0000000081900000, 0x0000000081900000|100%|HS|  |TAMS 0x0000000081800000| PB 0x0000000081800000| Complete 
|  25|0x0000000081900000, 0x0000000081a00000, 0x0000000081a00000|100%|HC|  |TAMS 0x0000000081900000| PB 0x0000000081900000| Complete 
|  26|0x0000000081a00000, 0x0000000081b00000, 0x0000000081b00000|100%|HC|  |TAMS 0x0000000081a00000| PB 0x0000000081a00000| Complete 
|  27|0x0000000081b00000, 0x0000000081c00000, 0x0000000081c00000|100%|HC|  |TAMS 0x0000000081b00000| PB 0x0000000081b00000| Complete 
|  28|0x0000000081c00000, 0x0000000081d00000, 0x0000000081d00000|100%|HC|  |TAMS 0x0000000081c00000| PB 0x0000000081c00000| Complete 
|  29|0x0000000081d00000, 0x0000000081e00000, 0x0000000081e00000|100%|HC|  |TAMS 0x0000000081d00000| PB 0x0000000081d00000| Complete 
|  30|0x0000000081e00000, 0x0000000081f00000, 0x0000000081f00000|100%|HS|  |TAMS 0x0000000081e00000| PB 0x0000000081e00000| Complete 
|  31|0x0000000081f00000, 0x0000000082000000, 0x0000000082000000|100%|HS|  |TAMS 0x0000000081f00000| PB 0x0000000081f00000| Complete 
|  32|0x0000000082000000, 0x0000000082100000, 0x0000000082100000|100%|HC|  |TAMS 0x0000000082000000| PB 0x0000000082000000| Complete 
|  33|0x0000000082100000, 0x0000000082200000, 0x0000000082200000|100%|HC|  |TAMS 0x0000000082100000| PB 0x0000000082100000| Complete 
|  34|0x0000000082200000, 0x0000000082300000, 0x0000000082300000|100%|HC|  |TAMS 0x0000000082200000| PB 0x0000000082200000| Complete 
|  35|0x0000000082300000, 0x0000000082400000, 0x0000000082400000|100%|HS|  |TAMS 0x0000000082300000| PB 0x0000000082300000| Complete 
|  36|0x0000000082400000, 0x0000000082500000, 0x0000000082500000|100%|HC|  |TAMS 0x0000000082400000| PB 0x0000000082400000| Complete 
|  37|0x0000000082500000, 0x0000000082600000, 0x0000000082600000|100%|HS|  |TAMS 0x0000000082500000| PB 0x0000000082500000| Complete 
|  38|0x0000000082600000, 0x0000000082700000, 0x0000000082700000|100%|HS|  |TAMS 0x0000000082600000| PB 0x0000000082600000| Complete 
|  39|0x0000000082700000, 0x0000000082800000, 0x0000000082800000|100%|HC|  |TAMS 0x0000000082700000| PB 0x0000000082700000| Complete 
|  40|0x0000000082800000, 0x0000000082900000, 0x0000000082900000|100%|HC|  |TAMS 0x0000000082800000| PB 0x0000000082800000| Complete 
|  41|0x0000000082900000, 0x0000000082a00000, 0x0000000082a00000|100%|HC|  |TAMS 0x0000000082900000| PB 0x0000000082900000| Complete 
|  42|0x0000000082a00000, 0x0000000082b00000, 0x0000000082b00000|100%|HC|  |TAMS 0x0000000082a00000| PB 0x0000000082a00000| Complete 
|  43|0x0000000082b00000, 0x0000000082c00000, 0x0000000082c00000|100%|HC|  |TAMS 0x0000000082b00000| PB 0x0000000082b00000| Complete 
|  44|0x0000000082c00000, 0x0000000082d00000, 0x0000000082d00000|100%|HS|  |TAMS 0x0000000082c00000| PB 0x0000000082c00000| Complete 
|  45|0x0000000082d00000, 0x0000000082e00000, 0x0000000082e00000|100%|HS|  |TAMS 0x0000000082d00000| PB 0x0000000082d00000| Complete 
|  46|0x0000000082e00000, 0x0000000082f00000, 0x0000000082f00000|100%|HC|  |TAMS 0x0000000082e00000| PB 0x0000000082e00000| Complete 
|  47|0x0000000082f00000, 0x0000000083000000, 0x0000000083000000|100%|HC|  |TAMS 0x0000000082f00000| PB 0x0000000082f00000| Complete 
|  48|0x0000000083000000, 0x0000000083100000, 0x0000000083100000|100%|HC|  |TAMS 0x0000000083000000| PB 0x0000000083000000| Complete 
|  49|0x0000000083100000, 0x0000000083200000, 0x0000000083200000|100%|HS|  |TAMS 0x0000000083100000| PB 0x0000000083100000| Complete 
|  50|0x0000000083200000, 0x0000000083300000, 0x0000000083300000|100%|HC|  |TAMS 0x0000000083200000| PB 0x0000000083200000| Complete 
|  51|0x0000000083300000, 0x0000000083400000, 0x0000000083400000|100%| O|  |TAMS 0x0000000083300000| PB 0x0000000083300000| Untracked 
|  52|0x0000000083400000, 0x0000000083500000, 0x0000000083500000|100%| O|  |TAMS 0x0000000083400000| PB 0x0000000083400000| Untracked 
|  53|0x0000000083500000, 0x0000000083600000, 0x0000000083600000|100%|HS|  |TAMS 0x0000000083500000| PB 0x0000000083500000| Complete 
|  54|0x0000000083600000, 0x0000000083700000, 0x0000000083700000|100%| O|  |TAMS 0x0000000083600000| PB 0x0000000083600000| Untracked 
|  55|0x0000000083700000, 0x0000000083800000, 0x0000000083800000|100%| O|  |TAMS 0x0000000083700000| PB 0x0000000083700000| Untracked 
|  56|0x0000000083800000, 0x0000000083900000, 0x0000000083900000|100%| O|  |TAMS 0x0000000083800000| PB 0x0000000083800000| Untracked 
|  57|0x0000000083900000, 0x0000000083a00000, 0x0000000083a00000|100%| O|  |TAMS 0x0000000083900000| PB 0x0000000083900000| Untracked 
|  58|0x0000000083a00000, 0x0000000083b00000, 0x0000000083b00000|100%| O|  |TAMS 0x0000000083a00000| PB 0x0000000083a00000| Untracked 
|  59|0x0000000083b00000, 0x0000000083c00000, 0x0000000083c00000|100%| O|  |TAMS 0x0000000083b00000| PB 0x0000000083b00000| Untracked 
|  60|0x0000000083c00000, 0x0000000083d00000, 0x0000000083d00000|100%| O|  |TAMS 0x0000000083c00000| PB 0x0000000083c00000| Untracked 
|  61|0x0000000083d00000, 0x0000000083dd8388, 0x0000000083e00000| 84%| O|  |TAMS 0x0000000083d00000| PB 0x0000000083d00000| Untracked 
|  62|0x0000000083e00000, 0x0000000083f00000, 0x0000000083f00000|100%|HS|  |TAMS 0x0000000083e00000| PB 0x0000000083e00000| Complete 
|  63|0x0000000083f00000, 0x0000000084000000, 0x0000000084000000|100%|HC|  |TAMS 0x0000000083f00000| PB 0x0000000083f00000| Complete 
|  64|0x0000000084000000, 0x0000000084000000, 0x0000000084100000|  0%| F|  |TAMS 0x0000000084000000| PB 0x0000000084000000| Untracked 
|  65|0x0000000084100000, 0x0000000084100000, 0x0000000084200000|  0%| F|  |TAMS 0x0000000084100000| PB 0x0000000084100000| Untracked 
|  66|0x0000000084200000, 0x0000000084300000, 0x0000000084300000|100%| O|  |TAMS 0x0000000084200000| PB 0x0000000084200000| Untracked 
|  67|0x0000000084300000, 0x0000000084400000, 0x0000000084400000|100%| O|  |TAMS 0x0000000084300000| PB 0x0000000084300000| Untracked 
|  68|0x0000000084400000, 0x0000000084400000, 0x0000000084500000|  0%| F|  |TAMS 0x0000000084400000| PB 0x0000000084400000| Untracked 
|  69|0x0000000084500000, 0x0000000084500000, 0x0000000084600000|  0%| F|  |TAMS 0x0000000084500000| PB 0x0000000084500000| Untracked 
|  70|0x0000000084600000, 0x0000000084600000, 0x0000000084700000|  0%| F|  |TAMS 0x0000000084600000| PB 0x0000000084600000| Untracked 
|  71|0x0000000084700000, 0x00000000847ca6c0, 0x0000000084800000| 79%| S|CS|TAMS 0x0000000084700000| PB 0x0000000084700000| Complete 
|  72|0x0000000084800000, 0x0000000084900000, 0x0000000084900000|100%| S|CS|TAMS 0x0000000084800000| PB 0x0000000084800000| Complete 
|  73|0x0000000084900000, 0x0000000084a00000, 0x0000000084a00000|100%| S|CS|TAMS 0x0000000084900000| PB 0x0000000084900000| Complete 
|  74|0x0000000084a00000, 0x0000000084b00000, 0x0000000084b00000|100%| S|CS|TAMS 0x0000000084a00000| PB 0x0000000084a00000| Complete 
|  75|0x0000000084b00000, 0x0000000084b00000, 0x0000000084c00000|  0%| F|  |TAMS 0x0000000084b00000| PB 0x0000000084b00000| Untracked 
|  76|0x0000000084c00000, 0x0000000084c00000, 0x0000000084d00000|  0%| F|  |TAMS 0x0000000084c00000| PB 0x0000000084c00000| Untracked 
|  77|0x0000000084d00000, 0x0000000084d00000, 0x0000000084e00000|  0%| F|  |TAMS 0x0000000084d00000| PB 0x0000000084d00000| Untracked 
|  78|0x0000000084e00000, 0x0000000084e00000, 0x0000000084f00000|  0%| F|  |TAMS 0x0000000084e00000| PB 0x0000000084e00000| Untracked 
|  79|0x0000000084f00000, 0x0000000084f00000, 0x0000000085000000|  0%| F|  |TAMS 0x0000000084f00000| PB 0x0000000084f00000| Untracked 
|  80|0x0000000085000000, 0x0000000085000000, 0x0000000085100000|  0%| F|  |TAMS 0x0000000085000000| PB 0x0000000085000000| Untracked 
|  81|0x0000000085100000, 0x0000000085100000, 0x0000000085200000|  0%| F|  |TAMS 0x0000000085100000| PB 0x0000000085100000| Untracked 
|  82|0x0000000085200000, 0x0000000085200000, 0x0000000085300000|  0%| F|  |TAMS 0x0000000085200000| PB 0x0000000085200000| Untracked 
|  83|0x0000000085300000, 0x0000000085300000, 0x0000000085400000|  0%| F|  |TAMS 0x0000000085300000| PB 0x0000000085300000| Untracked 
|  84|0x0000000085400000, 0x0000000085400000, 0x0000000085500000|  0%| F|  |TAMS 0x0000000085400000| PB 0x0000000085400000| Untracked 
|  85|0x0000000085500000, 0x0000000085500000, 0x0000000085600000|  0%| F|  |TAMS 0x0000000085500000| PB 0x0000000085500000| Untracked 
|  86|0x0000000085600000, 0x0000000085600000, 0x0000000085700000|  0%| F|  |TAMS 0x0000000085600000| PB 0x0000000085600000| Untracked 
|  87|0x0000000085700000, 0x0000000085700000, 0x0000000085800000|  0%| F|  |TAMS 0x0000000085700000| PB 0x0000000085700000| Untracked 
|  88|0x0000000085800000, 0x0000000085800000, 0x0000000085900000|  0%| F|  |TAMS 0x0000000085800000| PB 0x0000000085800000| Untracked 
|  89|0x0000000085900000, 0x0000000085900000, 0x0000000085a00000|  0%| F|  |TAMS 0x0000000085900000| PB 0x0000000085900000| Untracked 
|  90|0x0000000085a00000, 0x0000000085a00000, 0x0000000085b00000|  0%| F|  |TAMS 0x0000000085a00000| PB 0x0000000085a00000| Untracked 
|  91|0x0000000085b00000, 0x0000000085b00000, 0x0000000085c00000|  0%| F|  |TAMS 0x0000000085b00000| PB 0x0000000085b00000| Untracked 
|  92|0x0000000085c00000, 0x0000000085c00000, 0x0000000085d00000|  0%| F|  |TAMS 0x0000000085c00000| PB 0x0000000085c00000| Untracked 
|  93|0x0000000085d00000, 0x0000000085d00000, 0x0000000085e00000|  0%| F|  |TAMS 0x0000000085d00000| PB 0x0000000085d00000| Untracked 
|  94|0x0000000085e00000, 0x0000000085e00000, 0x0000000085f00000|  0%| F|  |TAMS 0x0000000085e00000| PB 0x0000000085e00000| Untracked 
|  95|0x0000000085f00000, 0x0000000085f00000, 0x0000000086000000|  0%| F|  |TAMS 0x0000000085f00000| PB 0x0000000085f00000| Untracked 
|  96|0x0000000086000000, 0x0000000086000000, 0x0000000086100000|  0%| F|  |TAMS 0x0000000086000000| PB 0x0000000086000000| Untracked 
|  97|0x0000000086100000, 0x0000000086100000, 0x0000000086200000|  0%| F|  |TAMS 0x0000000086100000| PB 0x0000000086100000| Untracked 
|  98|0x0000000086200000, 0x0000000086200000, 0x0000000086300000|  0%| F|  |TAMS 0x0000000086200000| PB 0x0000000086200000| Untracked 
|  99|0x0000000086300000, 0x0000000086300000, 0x0000000086400000|  0%| F|  |TAMS 0x0000000086300000| PB 0x0000000086300000| Untracked 
| 100|0x0000000086400000, 0x0000000086400000, 0x0000000086500000|  0%| F|  |TAMS 0x0000000086400000| PB 0x0000000086400000| Untracked 
| 101|0x0000000086500000, 0x0000000086500000, 0x0000000086600000|  0%| F|  |TAMS 0x0000000086500000| PB 0x0000000086500000| Untracked 
| 102|0x0000000086600000, 0x0000000086600000, 0x0000000086700000|  0%| F|  |TAMS 0x0000000086600000| PB 0x0000000086600000| Untracked 
| 103|0x0000000086700000, 0x0000000086700000, 0x0000000086800000|  0%| F|  |TAMS 0x0000000086700000| PB 0x0000000086700000| Untracked 
| 104|0x0000000086800000, 0x0000000086800000, 0x0000000086900000|  0%| F|  |TAMS 0x0000000086800000| PB 0x0000000086800000| Untracked 
| 105|0x0000000086900000, 0x0000000086900000, 0x0000000086a00000|  0%| F|  |TAMS 0x0000000086900000| PB 0x0000000086900000| Untracked 
| 106|0x0000000086a00000, 0x0000000086a00000, 0x0000000086b00000|  0%| F|  |TAMS 0x0000000086a00000| PB 0x0000000086a00000| Untracked 
| 107|0x0000000086b00000, 0x0000000086b00000, 0x0000000086c00000|  0%| F|  |TAMS 0x0000000086b00000| PB 0x0000000086b00000| Untracked 
| 108|0x0000000086c00000, 0x0000000086c00000, 0x0000000086d00000|  0%| F|  |TAMS 0x0000000086c00000| PB 0x0000000086c00000| Untracked 
| 109|0x0000000086d00000, 0x0000000086d00000, 0x0000000086e00000|  0%| F|  |TAMS 0x0000000086d00000| PB 0x0000000086d00000| Untracked 
| 110|0x0000000086e00000, 0x0000000086e00000, 0x0000000086f00000|  0%| F|  |TAMS 0x0000000086e00000| PB 0x0000000086e00000| Untracked 
| 111|0x0000000086f00000, 0x0000000086f00000, 0x0000000087000000|  0%| F|  |TAMS 0x0000000086f00000| PB 0x0000000086f00000| Untracked 
| 112|0x0000000087000000, 0x0000000087000000, 0x0000000087100000|  0%| F|  |TAMS 0x0000000087000000| PB 0x0000000087000000| Untracked 
| 113|0x0000000087100000, 0x0000000087100000, 0x0000000087200000|  0%| F|  |TAMS 0x0000000087100000| PB 0x0000000087100000| Untracked 
| 114|0x0000000087200000, 0x0000000087200000, 0x0000000087300000|  0%| F|  |TAMS 0x0000000087200000| PB 0x0000000087200000| Untracked 
| 115|0x0000000087300000, 0x0000000087300000, 0x0000000087400000|  0%| F|  |TAMS 0x0000000087300000| PB 0x0000000087300000| Untracked 
| 116|0x0000000087400000, 0x0000000087400000, 0x0000000087500000|  0%| F|  |TAMS 0x0000000087400000| PB 0x0000000087400000| Untracked 
| 117|0x0000000087500000, 0x0000000087500000, 0x0000000087600000|  0%| F|  |TAMS 0x0000000087500000| PB 0x0000000087500000| Untracked 
| 118|0x0000000087600000, 0x0000000087600000, 0x0000000087700000|  0%| F|  |TAMS 0x0000000087600000| PB 0x0000000087600000| Untracked 
| 119|0x0000000087700000, 0x0000000087700000, 0x0000000087800000|  0%| F|  |TAMS 0x0000000087700000| PB 0x0000000087700000| Untracked 
| 120|0x0000000087800000, 0x0000000087800000, 0x0000000087900000|  0%| F|  |TAMS 0x0000000087800000| PB 0x0000000087800000| Untracked 
| 121|0x0000000087900000, 0x0000000087900000, 0x0000000087a00000|  0%| F|  |TAMS 0x0000000087900000| PB 0x0000000087900000| Untracked 
| 122|0x0000000087a00000, 0x0000000087a00000, 0x0000000087b00000|  0%| F|  |TAMS 0x0000000087a00000| PB 0x0000000087a00000| Untracked 
| 123|0x0000000087b00000, 0x0000000087b00000, 0x0000000087c00000|  0%| F|  |TAMS 0x0000000087b00000| PB 0x0000000087b00000| Untracked 
| 124|0x0000000087c00000, 0x0000000087c927d8, 0x0000000087d00000| 57%| E|  |TAMS 0x0000000087c00000| PB 0x0000000087c00000| Complete 
| 125|0x0000000087d00000, 0x0000000087e00000, 0x0000000087e00000|100%| E|CS|TAMS 0x0000000087d00000| PB 0x0000000087d00000| Complete 
| 126|0x0000000087e00000, 0x0000000087f00000, 0x0000000087f00000|100%| E|CS|TAMS 0x0000000087e00000| PB 0x0000000087e00000| Complete 
| 127|0x0000000087f00000, 0x0000000088000000, 0x0000000088000000|100%| E|CS|TAMS 0x0000000087f00000| PB 0x0000000087f00000| Complete 
| 128|0x0000000088000000, 0x0000000088100000, 0x0000000088100000|100%| E|CS|TAMS 0x0000000088000000| PB 0x0000000088000000| Complete 
| 129|0x0000000088100000, 0x0000000088200000, 0x0000000088200000|100%| E|CS|TAMS 0x0000000088100000| PB 0x0000000088100000| Complete 
| 130|0x0000000088200000, 0x0000000088300000, 0x0000000088300000|100%| E|CS|TAMS 0x0000000088200000| PB 0x0000000088200000| Complete 
| 131|0x0000000088300000, 0x0000000088400000, 0x0000000088400000|100%| E|CS|TAMS 0x0000000088300000| PB 0x0000000088300000| Complete 
| 132|0x0000000088400000, 0x0000000088500000, 0x0000000088500000|100%| E|CS|TAMS 0x0000000088400000| PB 0x0000000088400000| Complete 
| 133|0x0000000088500000, 0x0000000088600000, 0x0000000088600000|100%| E|CS|TAMS 0x0000000088500000| PB 0x0000000088500000| Complete 
| 134|0x0000000088600000, 0x0000000088700000, 0x0000000088700000|100%| E|CS|TAMS 0x0000000088600000| PB 0x0000000088600000| Complete 
| 135|0x0000000088700000, 0x0000000088800000, 0x0000000088800000|100%| E|CS|TAMS 0x0000000088700000| PB 0x0000000088700000| Complete 
| 136|0x0000000088800000, 0x0000000088900000, 0x0000000088900000|100%| E|CS|TAMS 0x0000000088800000| PB 0x0000000088800000| Complete 
| 137|0x0000000088900000, 0x0000000088a00000, 0x0000000088a00000|100%| E|CS|TAMS 0x0000000088900000| PB 0x0000000088900000| Complete 
| 138|0x0000000088a00000, 0x0000000088b00000, 0x0000000088b00000|100%| E|CS|TAMS 0x0000000088a00000| PB 0x0000000088a00000| Complete 
| 139|0x0000000088b00000, 0x0000000088c00000, 0x0000000088c00000|100%| E|CS|TAMS 0x0000000088b00000| PB 0x0000000088b00000| Complete 
| 140|0x0000000088c00000, 0x0000000088d00000, 0x0000000088d00000|100%| E|CS|TAMS 0x0000000088c00000| PB 0x0000000088c00000| Complete 
| 141|0x0000000088d00000, 0x0000000088e00000, 0x0000000088e00000|100%| E|CS|TAMS 0x0000000088d00000| PB 0x0000000088d00000| Complete 
| 142|0x0000000088e00000, 0x0000000088f00000, 0x0000000088f00000|100%| E|CS|TAMS 0x0000000088e00000| PB 0x0000000088e00000| Complete 
| 143|0x0000000088f00000, 0x0000000089000000, 0x0000000089000000|100%| E|CS|TAMS 0x0000000088f00000| PB 0x0000000088f00000| Complete 
|2045|0x00000000ffd00000, 0x00000000ffe00000, 0x00000000ffe00000|100%| O|  |TAMS 0x00000000ffd00000| PB 0x00000000ffd00000| Untracked 
|2046|0x00000000ffe00000, 0x00000000fff00000, 0x00000000fff00000|100%| E|CS|TAMS 0x00000000ffe00000| PB 0x00000000ffe00000| Complete 
|2047|0x00000000fff00000, 0x0000000100000000, 0x0000000100000000|100%| O|  |TAMS 0x00000000fff00000| PB 0x00000000fff00000| Untracked 

Card table byte_map: [0x00000258796f0000,0x0000025879af0000] _byte_map_base: 0x00000258792f0000

Marking Bits: (CMBitMap*) 0x0000025873fadfd0
 Bits: [0x0000025879af0000, 0x000002587baf0000)

Polling page: 0x0000025873e80000

Metaspace:

Usage:
  Non-class:     48.27 MB used.
      Class:      7.79 MB used.
       Both:     56.06 MB used.

Virtual space:
  Non-class space:       64.00 MB reserved,      49.00 MB ( 77%) committed,  1 nodes.
      Class space:        1.00 GB reserved,       8.56 MB ( <1%) committed,  1 nodes.
             Both:        1.06 GB reserved,      57.56 MB (  5%) committed. 

Chunk freelists:
   Non-Class:  14.95 MB
       Class:  7.48 MB
        Both:  22.43 MB

MaxMetaspaceSize: unlimited
CompressedClassSpaceSize: 1.00 GB
Initial GC threshold: 21.00 MB
Current GC threshold: 79.62 MB
CDS: off
 - commit_granule_bytes: 65536.
 - commit_granule_words: 8192.
 - virtual_space_node_default_size: 8388608.
 - enlarge_chunks_in_place: 1.
 - use_allocation_guard: 0.


Internal statistics:

num_allocs_failed_limit: 6.
num_arena_births: 2822.
num_arena_deaths: 0.
num_vsnodes_births: 2.
num_vsnodes_deaths: 0.
num_space_committed: 921.
num_space_uncommitted: 0.
num_chunks_returned_to_freelist: 6.
num_chunks_taken_from_freelist: 5170.
num_chunk_merges: 3.
num_chunk_splits: 3276.
num_chunks_enlarged: 1946.
num_inconsistent_stats: 0.

CodeHeap 'non-profiled nmethods': size=120000Kb used=2500Kb max_used=2500Kb free=117499Kb
 bounds [0x0000025807ad0000, 0x0000025807d50000, 0x000002580f000000]
CodeHeap 'profiled nmethods': size=120000Kb used=9107Kb max_used=9107Kb free=110892Kb
 bounds [0x0000025800000000, 0x00000258008f0000, 0x0000025807530000]
CodeHeap 'non-nmethods': size=5760Kb used=2696Kb max_used=2720Kb free=3063Kb
 bounds [0x0000025807530000, 0x00000258077e0000, 0x0000025807ad0000]
 total_blobs=5598 nmethods=4748 adapters=754
 compilation: enabled
              stopped_count=0, restarted_count=0
 full_count=0

Compilation events (20 events):
Event: 17.244 Thread 0x000002587e21cd50 nmethod 5299 0x00000258008c8410 code [0x00000258008c85e0, 0x00000258008c88c0]
Event: 17.244 Thread 0x000002587e21cd50 5301       3       java.io.BufferedOutputStream::implWrite (71 bytes)
Event: 17.245 Thread 0x000002587e21cd50 nmethod 5301 0x00000258008c8a10 code [0x00000258008c8c20, 0x00000258008c92b8]
Event: 17.245 Thread 0x000002587e21cd50 5302   !   3       java.io.BufferedOutputStream::write (73 bytes)
Event: 17.246 Thread 0x000002587e21cd50 nmethod 5302 0x00000258008c9510 code [0x00000258008c97a0, 0x00000258008ca3f0]
Event: 17.246 Thread 0x000002587e21cd50 5300       2       java.security.ProtectionDomain::<init> (98 bytes)
Event: 17.247 Thread 0x000002587e21cd50 nmethod 5300 0x00000258008ca890 code [0x00000258008caa60, 0x00000258008caf60]
Event: 17.247 Thread 0x000002587e21cd50 5303       1       com.google.common.collect.MapMakerInternalMap$AbstractStrongKeyEntry::getHash (5 bytes)
Event: 17.247 Thread 0x000002587e21cd50 nmethod 5303 0x0000025807d40010 code [0x0000025807d401a0, 0x0000025807d40268]
Event: 17.252 Thread 0x000002587e21cd50 5305       1       org.codehaus.groovy.reflection.stdclasses.ObjectCachedClass::isAssignableFrom (2 bytes)
Event: 17.253 Thread 0x000002587e21cd50 nmethod 5305 0x0000025807d40310 code [0x0000025807d404a0, 0x0000025807d40568]
Event: 17.257 Thread 0x000002587e21cd50 5306       2       java.util.AbstractList::listIterator (6 bytes)
Event: 17.257 Thread 0x000002587e21cd50 nmethod 5306 0x00000258008cb110 code [0x00000258008cb2c0, 0x00000258008cb3f8]
Event: 17.257 Thread 0x000002587e21cd50 5307       2       org.codehaus.groovy.reflection.CachedClass::getMethods (11 bytes)
Event: 17.257 Thread 0x000002587e21cd50 nmethod 5307 0x00000258008cb490 code [0x00000258008cb640, 0x00000258008cb7a8]
Event: 17.257 Thread 0x000002587e21cd50 5308       2       org.codehaus.groovy.runtime.metaclass.MetaMethodIndex::getMethods (82 bytes)
Event: 17.258 Thread 0x000002587e21cd50 nmethod 5308 0x00000258008cb890 code [0x00000258008cba60, 0x00000258008cbd98]
Event: 17.258 Thread 0x000002587e21cd50 5311   !   3       java.util.concurrent.ConcurrentHashMap::computeIfAbsent (576 bytes)
Event: 17.331 Thread 0x000002587e21cd50 nmethod 5311 0x00000258008cbf90 code [0x00000258008cc3e0, 0x00000258008ce610]
Event: 17.331 Thread 0x000002587e21cd50 5312       3       org.codehaus.groovy.util.FastArray::add (71 bytes)

GC Heap History (20 events):
Event: 9.895 GC heap before
{Heap before GC invocations=6 (full 0):
 garbage-first heap   total 71680K, used 57514K [0x0000000080000000, 0x0000000100000000)
  region size 1024K, 40 young (40960K), 4 survivors (4096K)
 Metaspace       used 32645K, committed 33344K, reserved 1114112K
  class space    used 4393K, committed 4736K, reserved 1048576K
}
Event: 9.907 GC heap after
{Heap after GC invocations=7 (full 0):
 garbage-first heap   total 71680K, used 24359K [0x0000000080000000, 0x0000000100000000)
  region size 1024K, 5 young (5120K), 5 survivors (5120K)
 Metaspace       used 32645K, committed 33344K, reserved 1114112K
  class space    used 4393K, committed 4736K, reserved 1048576K
}
Event: 10.453 GC heap before
{Heap before GC invocations=7 (full 0):
 garbage-first heap   total 71680K, used 40743K [0x0000000080000000, 0x0000000100000000)
  region size 1024K, 22 young (22528K), 5 survivors (5120K)
 Metaspace       used 35115K, committed 35968K, reserved 1114112K
  class space    used 4833K, committed 5248K, reserved 1048576K
}
Event: 10.464 GC heap after
{Heap after GC invocations=8 (full 0):
 garbage-first heap   total 71680K, used 25664K [0x0000000080000000, 0x0000000100000000)
  region size 1024K, 2 young (2048K), 2 survivors (2048K)
 Metaspace       used 35115K, committed 35968K, reserved 1114112K
  class space    used 4833K, committed 5248K, reserved 1048576K
}
Event: 11.172 GC heap before
{Heap before GC invocations=9 (full 0):
 garbage-first heap   total 71680K, used 69696K [0x0000000080000000, 0x0000000100000000)
  region size 1024K, 18 young (18432K), 2 survivors (2048K)
 Metaspace       used 36384K, committed 37312K, reserved 1114112K
  class space    used 5050K, committed 5504K, reserved 1048576K
}
Event: 11.181 GC heap after
{Heap after GC invocations=10 (full 0):
 garbage-first heap   total 79872K, used 60605K [0x0000000080000000, 0x0000000100000000)
  region size 1024K, 5 young (5120K), 5 survivors (5120K)
 Metaspace       used 36384K, committed 37312K, reserved 1114112K
  class space    used 5050K, committed 5504K, reserved 1048576K
}
Event: 11.427 GC heap before
{Heap before GC invocations=10 (full 0):
 garbage-first heap   total 79872K, used 68797K [0x0000000080000000, 0x0000000100000000)
  region size 1024K, 13 young (13312K), 5 survivors (5120K)
 Metaspace       used 37543K, committed 38464K, reserved 1114112K
  class space    used 5189K, committed 5632K, reserved 1048576K
}
Event: 11.434 GC heap after
{Heap after GC invocations=11 (full 0):
 garbage-first heap   total 79872K, used 60097K [0x0000000080000000, 0x0000000100000000)
  region size 1024K, 1 young (1024K), 1 survivors (1024K)
 Metaspace       used 37543K, committed 38464K, reserved 1114112K
  class space    used 5189K, committed 5632K, reserved 1048576K
}
Event: 11.821 GC heap before
{Heap before GC invocations=11 (full 0):
 garbage-first heap   total 79872K, used 72385K [0x0000000080000000, 0x0000000100000000)
  region size 1024K, 13 young (13312K), 1 survivors (1024K)
 Metaspace       used 39192K, committed 40128K, reserved 1114112K
  class space    used 5463K, committed 5888K, reserved 1048576K
}
Event: 11.828 GC heap after
{Heap after GC invocations=12 (full 0):
 garbage-first heap   total 79872K, used 60549K [0x0000000080000000, 0x0000000100000000)
  region size 1024K, 1 young (1024K), 1 survivors (1024K)
 Metaspace       used 39192K, committed 40128K, reserved 1114112K
  class space    used 5463K, committed 5888K, reserved 1048576K
}
Event: 12.956 GC heap before
{Heap before GC invocations=13 (full 0):
 garbage-first heap   total 102400K, used 72837K [0x0000000080000000, 0x0000000100000000)
  region size 1024K, 13 young (13312K), 1 survivors (1024K)
 Metaspace       used 40980K, committed 41920K, reserved 1114112K
  class space    used 5740K, committed 6144K, reserved 1048576K
}
Event: 12.964 GC heap after
{Heap after GC invocations=14 (full 0):
 garbage-first heap   total 102400K, used 61736K [0x0000000080000000, 0x0000000100000000)
  region size 1024K, 2 young (2048K), 2 survivors (2048K)
 Metaspace       used 40980K, committed 41920K, reserved 1114112K
  class space    used 5740K, committed 6144K, reserved 1048576K
}
Event: 13.781 GC heap before
{Heap before GC invocations=14 (full 0):
 garbage-first heap   total 102400K, used 90408K [0x0000000080000000, 0x0000000100000000)
  region size 1024K, 31 young (31744K), 2 survivors (2048K)
 Metaspace       used 46119K, committed 47104K, reserved 1114112K
  class space    used 6229K, committed 6720K, reserved 1048576K
}
Event: 13.791 GC heap after
{Heap after GC invocations=15 (full 0):
 garbage-first heap   total 102400K, used 64984K [0x0000000080000000, 0x0000000100000000)
  region size 1024K, 4 young (4096K), 4 survivors (4096K)
 Metaspace       used 46119K, committed 47104K, reserved 1114112K
  class space    used 6229K, committed 6720K, reserved 1048576K
}
Event: 14.190 GC heap before
{Heap before GC invocations=15 (full 0):
 garbage-first heap   total 102400K, used 84440K [0x0000000080000000, 0x0000000100000000)
  region size 1024K, 24 young (24576K), 4 survivors (4096K)
 Metaspace       used 47174K, committed 48192K, reserved 1114112K
  class space    used 6379K, committed 6912K, reserved 1048576K
}
Event: 14.200 GC heap after
{Heap after GC invocations=16 (full 0):
 garbage-first heap   total 102400K, used 68674K [0x0000000080000000, 0x0000000100000000)
  region size 1024K, 4 young (4096K), 4 survivors (4096K)
 Metaspace       used 47174K, committed 48192K, reserved 1114112K
  class space    used 6379K, committed 6912K, reserved 1048576K
}
Event: 14.997 GC heap before
{Heap before GC invocations=17 (full 0):
 garbage-first heap   total 124928K, used 94274K [0x0000000080000000, 0x0000000100000000)
  region size 1024K, 25 young (25600K), 4 survivors (4096K)
 Metaspace       used 50276K, committed 51392K, reserved 1114112K
  class space    used 6756K, committed 7296K, reserved 1048576K
}
Event: 15.008 GC heap after
{Heap after GC invocations=18 (full 0):
 garbage-first heap   total 124928K, used 69322K [0x0000000080000000, 0x0000000100000000)
  region size 1024K, 2 young (2048K), 2 survivors (2048K)
 Metaspace       used 50276K, committed 51392K, reserved 1114112K
  class space    used 6756K, committed 7296K, reserved 1048576K
}
Event: 16.362 GC heap before
{Heap before GC invocations=18 (full 0):
 garbage-first heap   total 124928K, used 112330K [0x0000000080000000, 0x0000000100000000)
  region size 1024K, 44 young (45056K), 2 survivors (2048K)
 Metaspace       used 55347K, committed 56832K, reserved 1114112K
  class space    used 7623K, committed 8320K, reserved 1048576K
}
Event: 16.372 GC heap after
{Heap after GC invocations=19 (full 0):
 garbage-first heap   total 150528K, used 71306K [0x0000000080000000, 0x0000000100000000)
  region size 1024K, 4 young (4096K), 4 survivors (4096K)
 Metaspace       used 55347K, committed 56832K, reserved 1114112K
  class space    used 7623K, committed 8320K, reserved 1048576K
}

Dll operation events (3 events):
Event: 0.029 Loaded shared library C:\Program Files\Android\Android Studio\jbr\bin\java.dll
Event: 0.052 Loaded shared library C:\Program Files\Android\Android Studio\jbr\bin\zip.dll
Event: 2.253 Loaded shared library C:\Program Files\Android\Android Studio\jbr\bin\verify.dll

Deoptimization events (20 events):
Event: 17.058 Thread 0x00000258130f64f0 Uncommon trap: trap_request=0xffffff45 fr.pc=0x0000025807c1de34 relative=0x0000000000000b34
Event: 17.058 Thread 0x00000258130f64f0 Uncommon trap: reason=unstable_if action=reinterpret pc=0x0000025807c1de34 method=java.util.concurrent.ConcurrentHashMap.addCount(JI)V @ 7 c2
Event: 17.058 Thread 0x00000258130f64f0 DEOPT PACKING pc=0x0000025807c1de34 sp=0x0000006d616f6e80
Event: 17.058 Thread 0x00000258130f64f0 DEOPT UNPACKING pc=0x00000258075846a2 sp=0x0000006d616f6d40 mode 2
Event: 17.087 Thread 0x00000258130f64f0 Uncommon trap: trap_request=0xffffff45 fr.pc=0x0000025807c18654 relative=0x0000000000000294
Event: 17.087 Thread 0x00000258130f64f0 Uncommon trap: reason=unstable_if action=reinterpret pc=0x0000025807c18654 method=java.util.concurrent.ConcurrentHashMap.get(Ljava/lang/Object;)Ljava/lang/Object; @ 86 c2
Event: 17.087 Thread 0x00000258130f64f0 DEOPT PACKING pc=0x0000025807c18654 sp=0x0000006d616f70f0
Event: 17.087 Thread 0x00000258130f64f0 DEOPT UNPACKING pc=0x00000258075846a2 sp=0x0000006d616f7068 mode 2
Event: 17.098 Thread 0x00000258130f64f0 Uncommon trap: trap_request=0xffffff45 fr.pc=0x0000025807cb9a60 relative=0x0000000000001120
Event: 17.098 Thread 0x00000258130f64f0 Uncommon trap: reason=unstable_if action=reinterpret pc=0x0000025807cb9a60 method=java.util.concurrent.ConcurrentHashMap.computeIfAbsent(Ljava/lang/Object;Ljava/util/function/Function;)Ljava/lang/Object; @ 279 c2
Event: 17.099 Thread 0x00000258130f64f0 DEOPT PACKING pc=0x0000025807cb9a60 sp=0x0000006d616f7140
Event: 17.099 Thread 0x00000258130f64f0 DEOPT UNPACKING pc=0x00000258075846a2 sp=0x0000006d616f70b8 mode 2
Event: 17.162 Thread 0x00000258130f64f0 Uncommon trap: trap_request=0xffffffde fr.pc=0x0000025807bc5a8c relative=0x00000000000002cc
Event: 17.162 Thread 0x00000258130f64f0 Uncommon trap: reason=class_check action=maybe_recompile pc=0x0000025807bc5a8c method=java.util.Collections$SetFromMap.remove(Ljava/lang/Object;)Z @ 5 c2
Event: 17.162 Thread 0x00000258130f64f0 DEOPT PACKING pc=0x0000025807bc5a8c sp=0x0000006d616f80c0
Event: 17.162 Thread 0x00000258130f64f0 DEOPT UNPACKING pc=0x00000258075846a2 sp=0x0000006d616f80a8 mode 2
Event: 17.215 Thread 0x00000258151edd70 Uncommon trap: trap_request=0xffffffcc fr.pc=0x0000025807d1a1b4 relative=0x0000000000000274
Event: 17.215 Thread 0x00000258151edd70 Uncommon trap: reason=intrinsic_or_type_checked_inlining action=make_not_entrant pc=0x0000025807d1a1b4 method=java.util.Arrays.copyOfRange([Ljava/lang/Object;IILjava/lang/Class;)[Ljava/lang/Object; @ 84 c2
Event: 17.215 Thread 0x00000258151edd70 DEOPT PACKING pc=0x0000025807d1a1b4 sp=0x0000006d623fdf00
Event: 17.216 Thread 0x00000258151edd70 DEOPT UNPACKING pc=0x00000258075846a2 sp=0x0000006d623fdea0 mode 2

Classes loaded (20 events):
Event: 16.902 Loading class java/util/stream/DistinctOps
Event: 16.903 Loading class java/util/stream/DistinctOps done
Event: 16.903 Loading class java/util/stream/DistinctOps$1
Event: 16.903 Loading class java/util/stream/ReferencePipeline$StatefulOp
Event: 16.903 Loading class java/util/stream/ReferencePipeline$StatefulOp done
Event: 16.904 Loading class java/util/stream/DistinctOps$1 done
Event: 16.905 Loading class java/util/stream/DistinctOps$1$2
Event: 16.906 Loading class java/util/stream/DistinctOps$1$2 done
Event: 16.943 Loading class sun/reflect/ReflectionFactory
Event: 16.944 Loading class sun/reflect/ReflectionFactory done
Event: 16.944 Loading class sun/reflect/ReflectionFactory$1
Event: 16.944 Loading class sun/reflect/ReflectionFactory$1 done
Event: 17.166 Loading class java/util/stream/SortedOps
Event: 17.167 Loading class java/util/stream/SortedOps done
Event: 17.167 Loading class java/util/stream/SortedOps$OfRef
Event: 17.168 Loading class java/util/stream/SortedOps$OfRef done
Event: 17.171 Loading class java/util/stream/SortedOps$SizedRefSortingSink
Event: 17.171 Loading class java/util/stream/SortedOps$AbstractRefSortingSink
Event: 17.172 Loading class java/util/stream/SortedOps$AbstractRefSortingSink done
Event: 17.172 Loading class java/util/stream/SortedOps$SizedRefSortingSink done

Classes unloaded (0 events):
No events

Classes redefined (0 events):
No events

Internal exceptions (20 events):
Event: 16.013 Thread 0x00000258130f64f0 Implicit null exception at 0x0000025807ca41fc to 0x0000025807ca42ac
Event: 16.052 Thread 0x00000258130f64f0 Exception <a 'java/lang/ClassNotFoundException'{0x00000000852f5728}: org/gradle/api/internal/artifacts/dsl/dependencies/DefaultDependencyHandler_DecoratedBeanInfo> (0x00000000852f5728) 
thrown [s\src\hotspot\share\classfile\systemDictionary.cpp, line 312]
Event: 16.054 Thread 0x00000258130f64f0 Exception <a 'java/lang/ClassNotFoundException'{0x000000008510b708}: org/gradle/api/internal/artifacts/dsl/dependencies/DefaultDependencyHandlerBeanInfo> (0x000000008510b708) 
thrown [s\src\hotspot\share\classfile\systemDictionary.cpp, line 312]
Event: 16.056 Thread 0x00000258130f64f0 Exception <a 'java/lang/ClassNotFoundException'{0x00000000851213f8}: org/gradle/api/internal/artifacts/dsl/dependencies/DefaultDependencyHandlerCustomizer> (0x00000000851213f8) 
thrown [s\src\hotspot\share\classfile\systemDictionary.cpp, line 312]
Event: 16.081 Thread 0x00000258130f64f0 Exception <a 'java/lang/ClassNotFoundException'{0x000000008516c498}: org/gradle/api/internal/artifacts/dsl/dependencies/DefaultDependencyHandler_DecoratedCustomizer> (0x000000008516c498) 
thrown [s\src\hotspot\share\classfile\systemDictionary.cpp, line 312]
Event: 16.091 Thread 0x00000258130f64f0 Exception <a 'java/lang/ClassNotFoundException'{0x00000000851add40}: sync_studio_tooling60_4kxhrr9kq5s7jcezhgep48htg$_run_closure1BeanInfo> (0x00000000851add40) 
thrown [s\src\hotspot\share\classfile\systemDictionary.cpp, line 312]
Event: 16.093 Thread 0x00000258130f64f0 Exception <a 'java/lang/ClassNotFoundException'{0x00000000851b5f30}: sync_studio_tooling60_4kxhrr9kq5s7jcezhgep48htg$_run_closure1Customizer> (0x00000000851b5f30) 
thrown [s\src\hotspot\share\classfile\systemDictionary.cpp, line 312]
Event: 16.211 Thread 0x00000258130f64f0 Exception <a 'java/lang/NoSuchMethodError'{0x0000000084e79200}: 'java.lang.Object java.lang.invoke.DirectMethodHandle$Holder.newInvokeSpecial(java.lang.Object, int, java.lang.Object)'> (0x0000000084e79200) 
thrown [s\src\hotspot\share\interpreter\linkResolver.cpp, line 784]
Event: 16.702 Thread 0x00000258130f64f0 Exception <a 'java/lang/NoSuchMethodError'{0x0000000088b8aa40}: 'java.lang.Object java.lang.invoke.DirectMethodHandle$Holder.invokeSpecial(java.lang.Object, java.lang.Object, long, java.lang.Object, java.lang.Object)'> (0x0000000088b8aa40) 
thrown [s\src\hotspot\share\interpreter\linkResolver.cpp, line 784]
Event: 16.895 Thread 0x00000258130f64f0 Exception <a 'java/lang/NoSuchMethodError'{0x00000000887a7860}: 'int java.lang.invoke.DirectMethodHandle$Holder.invokeInterface(java.lang.Object, java.lang.Object, java.lang.Object, java.lang.Object, java.lang.Object)'> (0x00000000887a7860) 
thrown [s\src\hotspot\share\interpreter\linkResolver.cpp, line 784]
Event: 16.954 Thread 0x00000258130f64f0 Exception <a 'java/lang/NoSuchMethodError'{0x00000000886d5fd8}: 'java.lang.Object java.lang.invoke.DirectMethodHandle$Holder.newInvokeSpecial(java.lang.Object, java.lang.Object, java.lang.Object, java.lang.Object, int, java.lang.Object)'> (0x00000000886d5fd8) 
thrown [s\src\hotspot\share\interpreter\linkResolver.cpp, line 784]
Event: 16.955 Thread 0x00000258130f64f0 Exception <a 'java/lang/NoSuchMethodError'{0x00000000886de918}: 'java.lang.Object java.lang.invoke.Invokers$Holder.linkToTargetMethod(java.lang.Object, java.lang.Object, java.lang.Object, int, java.lang.Object, java.lang.Object)'> (0x00000000886de918) 
thrown [s\src\hotspot\share\interpreter\linkResolver.cpp, line 784]
Event: 17.082 Thread 0x00000258130f64f0 Exception <a 'java/lang/NoSuchMethodError'{0x00000000882d1a28}: 'java.lang.Object java.lang.invoke.DirectMethodHandle$Holder.invokeSpecialIFC(java.lang.Object, java.lang.Object, java.lang.Object)'> (0x00000000882d1a28) 
thrown [s\src\hotspot\share\interpreter\linkResolver.cpp, line 784]
Event: 17.225 Thread 0x00000258151edd70 Exception <a 'sun/nio/fs/WindowsException'{0x0000000087e1ac40}> (0x0000000087e1ac40) 
thrown [s\src\hotspot\share\prims\jni.cpp, line 537]
Event: 17.226 Thread 0x00000258151edd70 Exception <a 'sun/nio/fs/WindowsException'{0x0000000087e1b3b8}> (0x0000000087e1b3b8) 
thrown [s\src\hotspot\share\prims\jni.cpp, line 537]
Event: 17.230 Thread 0x00000258151edd70 Exception <a 'sun/nio/fs/WindowsException'{0x0000000087e2b190}> (0x0000000087e2b190) 
thrown [s\src\hotspot\share\prims\jni.cpp, line 537]
Event: 17.233 Thread 0x00000258151edd70 Exception <a 'sun/nio/fs/WindowsException'{0x0000000087e3b100}> (0x0000000087e3b100) 
thrown [s\src\hotspot\share\prims\jni.cpp, line 537]
Event: 17.238 Thread 0x00000258151edd70 Exception <a 'sun/nio/fs/WindowsException'{0x0000000087e48fb0}> (0x0000000087e48fb0) 
thrown [s\src\hotspot\share\prims\jni.cpp, line 537]
Event: 17.255 Thread 0x00000258130f64f0 Exception <a 'java/lang/ClassNotFoundException'{0x0000000087e676b8}: sync_studio_tooling60_4kxhrr9kq5s7jcezhgep48htgBeanInfo> (0x0000000087e676b8) 
thrown [s\src\hotspot\share\classfile\systemDictionary.cpp, line 312]
Event: 17.255 Thread 0x00000258130f64f0 Exception <a 'java/lang/ClassNotFoundException'{0x0000000087e6f278}: sync_studio_tooling60_4kxhrr9kq5s7jcezhgep48htgCustomizer> (0x0000000087e6f278) 
thrown [s\src\hotspot\share\classfile\systemDictionary.cpp, line 312]

ZGC Phase Switch (0 events):
No events

VM Operations (20 events):
Event: 14.190 Executing VM operation: G1TryInitiateConcMark (G1 Humongous Allocation)
Event: 14.200 Executing VM operation: G1TryInitiateConcMark (G1 Humongous Allocation) done
Event: 14.265 Executing VM operation: G1PauseRemark
Event: 14.271 Executing VM operation: G1PauseRemark done
Event: 14.298 Executing VM operation: G1PauseCleanup
Event: 14.298 Executing VM operation: G1PauseCleanup done
Event: 14.688 Executing VM operation: HandshakeAllThreads (Deoptimize)
Event: 14.689 Executing VM operation: HandshakeAllThreads (Deoptimize) done
Event: 14.997 Executing VM operation: G1CollectForAllocation (G1 Evacuation Pause)
Event: 15.009 Executing VM operation: G1CollectForAllocation (G1 Evacuation Pause) done
Event: 15.563 Executing VM operation: HandshakeAllThreads (Deoptimize)
Event: 15.563 Executing VM operation: HandshakeAllThreads (Deoptimize) done
Event: 15.701 Executing VM operation: HandshakeAllThreads (Deoptimize)
Event: 15.702 Executing VM operation: HandshakeAllThreads (Deoptimize) done
Event: 16.362 Executing VM operation: G1CollectForAllocation (G1 Evacuation Pause)
Event: 16.372 Executing VM operation: G1CollectForAllocation (G1 Evacuation Pause) done
Event: 16.604 Executing VM operation: HandshakeAllThreads (Deoptimize)
Event: 16.605 Executing VM operation: HandshakeAllThreads (Deoptimize) done
Event: 16.905 Executing VM operation: HandshakeAllThreads (Deoptimize)
Event: 16.905 Executing VM operation: HandshakeAllThreads (Deoptimize) done

Memory protections (0 events):
No events

Nmethod flushes (20 events):
Event: 14.269 Thread 0x000002587e01dc70 flushing  nmethod 0x000002580050d010
Event: 14.269 Thread 0x000002587e01dc70 flushing  nmethod 0x0000025800616210
Event: 14.269 Thread 0x000002587e01dc70 flushing  nmethod 0x000002580068ff90
Event: 14.269 Thread 0x000002587e01dc70 flushing  nmethod 0x0000025807c3c610
Event: 14.269 Thread 0x000002587e01dc70 flushing  nmethod 0x0000025800008c90
Event: 14.269 Thread 0x000002587e01dc70 flushing  nmethod 0x000002580006fe10
Event: 14.269 Thread 0x000002587e01dc70 flushing  nmethod 0x0000025800098510
Event: 14.269 Thread 0x000002587e01dc70 flushing  nmethod 0x0000025800148a10
Event: 14.269 Thread 0x000002587e01dc70 flushing  nmethod 0x00000258001b0210
Event: 14.269 Thread 0x000002587e01dc70 flushing  nmethod 0x00000258001b3090
Event: 14.269 Thread 0x000002587e01dc70 flushing  nmethod 0x00000258001ce710
Event: 14.269 Thread 0x000002587e01dc70 flushing  nmethod 0x00000258001f5210
Event: 14.269 Thread 0x000002587e01dc70 flushing  nmethod 0x00000258001f7790
Event: 14.269 Thread 0x000002587e01dc70 flushing  nmethod 0x0000025800319590
Event: 14.269 Thread 0x000002587e01dc70 flushing  nmethod 0x0000025800398d10
Event: 14.269 Thread 0x000002587e01dc70 flushing  nmethod 0x00000258003bf490
Event: 14.269 Thread 0x000002587e01dc70 flushing  nmethod 0x00000258003e0810
Event: 14.269 Thread 0x000002587e01dc70 flushing  nmethod 0x000002580046a010
Event: 14.269 Thread 0x000002587e01dc70 flushing  nmethod 0x0000025800622d90
Event: 14.269 Thread 0x000002587e01dc70 flushing  nmethod 0x0000025800669490

Events (20 events):
Event: 6.970 Thread 0x00000258130f64f0 Thread added: 0x00000258130f3700
Event: 7.937 Thread 0x00000258130f64f0 Thread added: 0x00000258130f3d90
Event: 7.957 Thread 0x00000258130f64f0 Thread added: 0x00000258130f5140
Event: 8.035 Thread 0x00000258130f64f0 Thread added: 0x00000258130f57d0
Event: 9.839 Thread 0x00000258130f64f0 Thread added: 0x00000258130f5e60
Event: 9.862 Thread 0x00000258130f64f0 Thread added: 0x00000258151ec330
Event: 10.241 Thread 0x00000258130f64f0 Thread added: 0x00000258151ef120
Event: 10.252 Thread 0x00000258130f64f0 Thread added: 0x00000258151eea90
Event: 10.442 Thread 0x00000258130f64f0 Thread added: 0x00000258151ef7b0
Event: 10.442 Thread 0x00000258130f64f0 Thread added: 0x00000258151efe40
Event: 10.443 Thread 0x00000258130f64f0 Thread added: 0x00000258151edd70
Event: 10.443 Thread 0x00000258130f64f0 Thread added: 0x00000258151ec9c0
Event: 13.989 Thread 0x00000258130f64f0 Thread added: 0x00000258151f04d0
Event: 14.039 Thread 0x00000258130f64f0 Thread added: 0x00000258151ed050
Event: 15.112 Thread 0x00000258130f64f0 Thread added: 0x00000258151f0b60
Event: 15.221 Thread 0x00000258130f64f0 Thread added: 0x00000258151ed6e0
Event: 17.000 Thread 0x00000258130f64f0 Thread added: 0x00000258151f1880
Event: 17.002 Thread 0x00000258130f64f0 Thread added: 0x00000258151f1f10
Event: 17.084 Thread 0x00000258130f64f0 Thread added: 0x00000258151f2c30
Event: 17.087 Thread 0x00000258130f64f0 Thread added: 0x00000258151f32c0


Dynamic libraries:
0x00007ff7b3f90000 - 0x00007ff7b3f9a000 	C:\Program Files\Android\Android Studio\jbr\bin\java.exe
0x00007ffe03640000 - 0x00007ffe038a3000 	C:\WINDOWS\SYSTEM32\ntdll.dll
0x00007ffe01af0000 - 0x00007ffe01bb7000 	C:\WINDOWS\System32\KERNEL32.DLL
0x00007ffe00dd0000 - 0x00007ffe01199000 	C:\WINDOWS\System32\KERNELBASE.dll
0x00007ffe00840000 - 0x00007ffe0098c000 	C:\WINDOWS\System32\ucrtbase.dll
0x00007ffdf4df0000 - 0x00007ffdf4e0b000 	C:\Program Files\Android\Android Studio\jbr\bin\VCRUNTIME140.dll
0x00007ffdd7f10000 - 0x00007ffdd7f28000 	C:\Program Files\Android\Android Studio\jbr\bin\jli.dll
0x00007ffe02dd0000 - 0x00007ffe02f9a000 	C:\WINDOWS\System32\USER32.dll
0x00007ffe00d10000 - 0x00007ffe00d37000 	C:\WINDOWS\System32\win32u.dll
0x00007ffde7b00000 - 0x00007ffde7d90000 	C:\WINDOWS\WinSxS\amd64_microsoft.windows.common-controls_6595b64144ccf1df_6.0.26100.3323_none_3e088096e3344490\COMCTL32.dll
0x00007ffe01c90000 - 0x00007ffe01d39000 	C:\WINDOWS\System32\msvcrt.dll
0x00007ffe02440000 - 0x00007ffe0246a000 	C:\WINDOWS\System32\GDI32.dll
0x00007ffe011a0000 - 0x00007ffe012d1000 	C:\WINDOWS\System32\gdi32full.dll
0x00007ffe00990000 - 0x00007ffe00a33000 	C:\WINDOWS\System32\msvcp_win.dll
0x00007ffe018a0000 - 0x00007ffe018cf000 	C:\WINDOWS\System32\IMM32.DLL
0x00007ffdf8310000 - 0x00007ffdf831c000 	C:\Program Files\Android\Android Studio\jbr\bin\vcruntime140_1.dll
0x00007ffd9d880000 - 0x00007ffd9d90d000 	C:\Program Files\Android\Android Studio\jbr\bin\msvcp140.dll
0x00007ffda3c70000 - 0x00007ffda48fe000 	C:\Program Files\Android\Android Studio\jbr\bin\server\jvm.dll
0x00007ffe01bc0000 - 0x00007ffe01c72000 	C:\WINDOWS\System32\ADVAPI32.dll
0x00007ffe018e0000 - 0x00007ffe01986000 	C:\WINDOWS\System32\sechost.dll
0x00007ffe01460000 - 0x00007ffe01576000 	C:\WINDOWS\System32\RPCRT4.dll
0x00007ffe03390000 - 0x00007ffe03404000 	C:\WINDOWS\System32\WS2_32.dll
0x00007ffe006d0000 - 0x00007ffe0071e000 	C:\WINDOWS\SYSTEM32\POWRPROF.dll
0x00007ffdf7130000 - 0x00007ffdf7166000 	C:\WINDOWS\SYSTEM32\WINMM.dll
0x00007ffdf0e90000 - 0x00007ffdf0e9b000 	C:\WINDOWS\SYSTEM32\VERSION.dll
0x00007ffe006b0000 - 0x00007ffe006c4000 	C:\WINDOWS\SYSTEM32\UMPDC.dll
0x00007ffdff660000 - 0x00007ffdff67a000 	C:\WINDOWS\SYSTEM32\kernel.appcore.dll
0x00007ffdf63c0000 - 0x00007ffdf63ca000 	C:\Program Files\Android\Android Studio\jbr\bin\jimage.dll
0x00007ffde4170000 - 0x00007ffde43b1000 	C:\WINDOWS\SYSTEM32\DBGHELP.DLL
0x00007ffe02fa0000 - 0x00007ffe03322000 	C:\WINDOWS\System32\combase.dll
0x00007ffe03510000 - 0x00007ffe035e6000 	C:\WINDOWS\System32\OLEAUT32.dll
0x00007ffde3a20000 - 0x00007ffde3a59000 	C:\WINDOWS\SYSTEM32\dbgcore.DLL
0x00007ffe00c70000 - 0x00007ffe00d09000 	C:\WINDOWS\System32\bcryptPrimitives.dll
0x00007ffdeb2b0000 - 0x00007ffdeb2be000 	C:\Program Files\Android\Android Studio\jbr\bin\instrument.dll
0x00007ffdf4dd0000 - 0x00007ffdf4df0000 	C:\Program Files\Android\Android Studio\jbr\bin\java.dll
0x00007ffdef550000 - 0x00007ffdef568000 	C:\Program Files\Android\Android Studio\jbr\bin\zip.dll
0x00007ffe026b0000 - 0x00007ffe02dc5000 	C:\WINDOWS\System32\SHELL32.dll
0x00007ffe00a40000 - 0x00007ffe00ba8000 	C:\WINDOWS\System32\wintypes.dll
0x00007ffdfe560000 - 0x00007ffdfeda5000 	C:\WINDOWS\SYSTEM32\windows.storage.dll
0x00007ffe017b0000 - 0x00007ffe0189b000 	C:\WINDOWS\System32\SHCORE.dll
0x00007ffe03330000 - 0x00007ffe0338d000 	C:\WINDOWS\System32\shlwapi.dll
0x00007ffe00750000 - 0x00007ffe0077f000 	C:\WINDOWS\SYSTEM32\profapi.dll
0x00007ffdf6050000 - 0x00007ffdf6060000 	C:\Program Files\Android\Android Studio\jbr\bin\net.dll
0x00007ffdf9210000 - 0x00007ffdf932e000 	C:\WINDOWS\SYSTEM32\WINHTTP.dll
0x00007ffdffb80000 - 0x00007ffdffbea000 	C:\WINDOWS\system32\mswsock.dll
0x00007ffdecda0000 - 0x00007ffdecdb6000 	C:\Program Files\Android\Android Studio\jbr\bin\nio.dll
0x00007ffdefb90000 - 0x00007ffdefba0000 	C:\Program Files\Android\Android Studio\jbr\bin\verify.dll
0x00007ffdfb7c0000 - 0x00007ffdfb7e7000 	C:\Users\Administrator\.gradle\native\1def1411415f61bf3af743bc5b6707747c0891f09f0c88961ee8f79bc544acac\windows-amd64\native-platform.dll
0x00007ffd9d800000 - 0x00007ffd9d878000 	C:\Users\Administrator\.gradle\native\0.2.7\x86_64-windows-gnu\gradle-fileevents.dll
0x00007ffdf4d70000 - 0x00007ffdf4d79000 	C:\Program Files\Android\Android Studio\jbr\bin\management.dll
0x00007ffdf32c0000 - 0x00007ffdf32cb000 	C:\Program Files\Android\Android Studio\jbr\bin\management_ext.dll
0x00007ffe026a0000 - 0x00007ffe026a8000 	C:\WINDOWS\System32\PSAPI.DLL
0x00007ffdff0a0000 - 0x00007ffdff0d3000 	C:\WINDOWS\SYSTEM32\IPHLPAPI.DLL
0x00007ffe01c80000 - 0x00007ffe01c8a000 	C:\WINDOWS\System32\NSI.dll
0x00007ffdf4dc0000 - 0x00007ffdf4dc9000 	C:\Program Files\Android\Android Studio\jbr\bin\extnet.dll
0x00007ffdffe20000 - 0x00007ffdffe3c000 	C:\WINDOWS\SYSTEM32\CRYPTSP.dll
0x00007ffdff5c0000 - 0x00007ffdff5fa000 	C:\WINDOWS\system32\rsaenh.dll
0x00007ffdffc20000 - 0x00007ffdffc4b000 	C:\WINDOWS\SYSTEM32\USERENV.dll
0x00007ffe00060000 - 0x00007ffe00086000 	C:\WINDOWS\SYSTEM32\bcrypt.dll
0x00007ffdffe40000 - 0x00007ffdffe4c000 	C:\WINDOWS\SYSTEM32\CRYPTBASE.dll
0x00007ffdd3c90000 - 0x00007ffdd3c98000 	C:\WINDOWS\system32\wshunix.dll

dbghelp: loaded successfully - version: 4.0.5 - missing functions: none
symbol engine: initialized successfully - sym options: 0x614 - pdb path: .;C:\Program Files\Android\Android Studio\jbr\bin;C:\WINDOWS\SYSTEM32;C:\WINDOWS\WinSxS\amd64_microsoft.windows.common-controls_6595b64144ccf1df_6.0.26100.3323_none_3e088096e3344490;C:\Program Files\Android\Android Studio\jbr\bin\server;C:\Users\Administrator\.gradle\native\1def1411415f61bf3af743bc5b6707747c0891f09f0c88961ee8f79bc544acac\windows-amd64;C:\Users\Administrator\.gradle\native\0.2.7\x86_64-windows-gnu

VM Arguments:
jvm_args: --add-opens=java.base/java.lang=ALL-UNNAMED --add-opens=java.base/java.lang.invoke=ALL-UNNAMED --add-opens=java.base/java.util=ALL-UNNAMED --add-opens=java.prefs/java.util.prefs=ALL-UNNAMED --add-exports=jdk.compiler/com.sun.tools.javac.api=ALL-UNNAMED --add-exports=jdk.compiler/com.sun.tools.javac.util=ALL-UNNAMED --add-opens=java.base/java.util=ALL-UNNAMED --add-opens=java.prefs/java.util.prefs=ALL-UNNAMED --add-opens=java.base/java.nio.charset=ALL-UNNAMED --add-opens=java.base/java.net=ALL-UNNAMED --add-opens=java.base/java.util.concurrent.atomic=ALL-UNNAMED --add-opens=java.xml/javax.xml.namespace=ALL-UNNAMED -Xmx2048m -Dfile.encoding=UTF-8 -Duser.country=US -Duser.language=en -Duser.variant -javaagent:C:\Users\Administrator\.gradle\wrapper\dists\gradle-8.13-bin\5xuhj0ry160q40clulazy9h7d\gradle-8.13\lib\agents\gradle-instrumentation-agent-8.13.jar 
java_command: org.gradle.launcher.daemon.bootstrap.GradleDaemon 8.13
java_class_path (initial): C:\Users\Administrator\.gradle\wrapper\dists\gradle-8.13-bin\5xuhj0ry160q40clulazy9h7d\gradle-8.13\lib\gradle-daemon-main-8.13.jar
Launcher Type: SUN_STANDARD

[Global flags]
     intx CICompilerCount                          = 3                                         {product} {ergonomic}
     uint ConcGCThreads                            = 1                                         {product} {ergonomic}
     uint G1ConcRefinementThreads                  = 4                                         {product} {ergonomic}
   size_t G1HeapRegionSize                         = 1048576                                   {product} {ergonomic}
    uintx GCDrainStackTargetSize                   = 64                                        {product} {ergonomic}
   size_t InitialHeapSize                          = 134217728                                 {product} {ergonomic}
   size_t MarkStackSize                            = 4194304                                   {product} {ergonomic}
   size_t MaxHeapSize                              = 2147483648                                {product} {command line}
   size_t MaxNewSize                               = 1287651328                                {product} {ergonomic}
   size_t MinHeapDeltaBytes                        = 1048576                                   {product} {ergonomic}
   size_t MinHeapSize                              = 8388608                                   {product} {ergonomic}
    uintx NonNMethodCodeHeapSize                   = 5832780                                {pd product} {ergonomic}
    uintx NonProfiledCodeHeapSize                  = 122912730                              {pd product} {ergonomic}
    uintx ProfiledCodeHeapSize                     = 122912730                              {pd product} {ergonomic}
    uintx ReservedCodeCacheSize                    = 251658240                              {pd product} {ergonomic}
     bool SegmentedCodeCache                       = true                                      {product} {ergonomic}
   size_t SoftMaxHeapSize                          = 2147483648                             {manageable} {ergonomic}
     bool UseCompressedOops                        = true                           {product lp64_product} {ergonomic}
     bool UseG1GC                                  = true                                      {product} {ergonomic}
     bool UseLargePagesIndividualAllocation        = false                                  {pd product} {ergonomic}

Logging:
Log output configuration:
 #0: stdout all=warning uptime,level,tags foldmultilines=false
 #1: stderr all=off uptime,level,tags foldmultilines=false

Environment Variables:
PATH=C:\Program Files\Common Files\Oracle\Java\javapath;C:\WINDOWS\system32;C:\WINDOWS;C:\WINDOWS\System32\Wbem;C:\WINDOWS\System32\WindowsPowerShell\v1.0\;C:\WINDOWS\System32\OpenSSH\;C:\Users\Administrator\AppData\Local\Android\Sdk\platform-tools\;C:\Users\Administrator\AppData\Local\Microsoft\WindowsApps;
USERNAME=Administrator
OS=Windows_NT
PROCESSOR_IDENTIFIER=Intel64 Family 6 Model 58 Stepping 9, GenuineIntel
TMP=C:\Users\ADMINI~1\AppData\Local\Temp
TEMP=C:\Users\ADMINI~1\AppData\Local\Temp




Periodic native trim disabled

JNI global refs:
JNI global refs: 25, weak refs: 4

JNI global refs memory usage: 835, weak refs: 833

Process memory usage:
Resident Set Size: 300216K (3% of 8388068K total physical memory with 312280K free physical memory)

OOME stack traces (most recent first):
Classloader memory used:
Loader org.gradle.internal.classloader.VisitableURLClassLoader                         : 26791K
Loader bootstrap                                                                       : 22386K
Loader org.gradle.initialization.MixInLegacyTypesClassLoader                           : 6527K
Loader org.gradle.internal.classloader.VisitableURLClassLoader                         : 734K
Loader jdk.internal.loader.ClassLoaders$PlatformClassLoader                            : 501K
Loader jdk.internal.loader.ClassLoaders$AppClassLoader                                 : 235K
Loader jdk.internal.reflect.DelegatingClassLoader                                      : 168K
Loader org.gradle.groovy.scripts.internal.DefaultScriptCompilationHandler$ScriptClassLoader: 57712B
Loader org.codehaus.groovy.runtime.callsite.CallSiteClassLoader                        : 18536B

Classes loaded by more than one classloader:
Class org.gradle.api.GradleException                                                  : loaded 3 times (x 80B)
Class org.gradle.internal.classloader.FilteringClassLoader                            : loaded 2 times (x 103B)
Class org.gradle.internal.classloader.ClassLoaderHierarchy                            : loaded 2 times (x 68B)
Class org.gradle.api.internal.classpath.ManifestUtil                                  : loaded 2 times (x 69B)
Class org.gradle.internal.operations.MultipleBuildOperationFailures                   : loaded 2 times (x 93B)
Class org.gradle.internal.classloader.DefaultClassLoaderFactory                       : loaded 2 times (x 80B)
Class sync_studio_tooling60_4kxhrr9kq5s7jcezhgep48htg                                 : loaded 2 times (x 177B)
Class kotlin.collections.AbstractList$Companion                                       : loaded 2 times (x 69B)
Class org.gradle.internal.classloader.ClassLoaderVisitor                              : loaded 2 times (x 74B)
Class org.gradle.api.internal.classpath.EffectiveClassPath                            : loaded 2 times (x 88B)
Class org.gradle.api.internal.DefaultClassPathProvider                                : loaded 2 times (x 74B)
Class [Lorg.gradle.api.internal.ClassPathProvider;                                    : loaded 2 times (x 67B)
Class org.gradle.api.internal.ClassPathProvider                                       : loaded 2 times (x 68B)
Class org.gradle.internal.service.UnknownServiceException                             : loaded 2 times (x 81B)
Class org.gradle.internal.classpath.TransformedClassPath                              : loaded 2 times (x 94B)
Class org.gradle.internal.classloader.InstrumentingClassLoader                        : loaded 2 times (x 68B)
Class kotlin.enums.EnumEntriesList                                                    : loaded 2 times (x 221B)
Class org.gradle.internal.service.ServiceLocator                                      : loaded 2 times (x 68B)
Class org.gradle.internal.InternalTransformer                                         : loaded 2 times (x 68B)
Class org.gradle.internal.time.DefaultTimer                                           : loaded 2 times (x 78B)
Class org.gradle.internal.classloader.ClasspathUtil$1                                 : loaded 2 times (x 74B)
Class org.gradle.api.internal.classpath.DefaultModuleRegistry$DefaultModule           : loaded 2 times (x 84B)
Class org.gradle.internal.time.DefaultCountdownTimer                                  : loaded 2 times (x 86B)
Class kotlin.Function                                                                 : loaded 2 times (x 68B)
Class org.gradle.api.internal.classpath.Module                                        : loaded 2 times (x 68B)
Class org.gradle.api.internal.classpath.UnknownModuleException                        : loaded 2 times (x 80B)
Class org.gradle.api.internal.DefaultClassPathRegistry                                : loaded 2 times (x 74B)
Class org.gradle.api.internal.ClassPathRegistry                                       : loaded 2 times (x 68B)
Class org.gradle.internal.classpath.DefaultClassPath$ImmutableUniqueList              : loaded 2 times (x 197B)
Class org.gradle.internal.classpath.ClassPath                                         : loaded 2 times (x 68B)
Class org.gradle.api.UncheckedIOException                                             : loaded 2 times (x 80B)
Class kotlin.UninitializedPropertyAccessException                                     : loaded 2 times (x 80B)
Class org.gradle.internal.installation.GradleInstallation$1                           : loaded 2 times (x 73B)
Class org.gradle.api.internal.classpath.ModuleRegistry                                : loaded 2 times (x 68B)
Class org.gradle.api.internal.classpath.DefaultModuleRegistry                         : loaded 2 times (x 84B)
Class org.gradle.internal.time.MonotonicClock                                         : loaded 2 times (x 75B)
Class org.gradle.internal.service.ServiceLookupException                              : loaded 2 times (x 80B)
Class org.gradle.internal.classloader.ClassLoaderFactory                              : loaded 2 times (x 68B)
Class org.gradle.internal.service.CachingServiceLocator                               : loaded 2 times (x 80B)
Class org.gradle.internal.time.TimeSource                                             : loaded 2 times (x 68B)
Class kotlin.enums.EnumEntries                                                        : loaded 2 times (x 68B)
Class org.gradle.internal.exceptions.ResolutionProvider                               : loaded 2 times (x 68B)
Class org.gradle.internal.classloader.ClasspathUtil                                   : loaded 2 times (x 69B)
Class org.gradle.internal.time.TimeSource$1                                           : loaded 2 times (x 75B)
Class org.gradle.api.specs.Spec                                                       : loaded 2 times (x 68B)
Class org.gradle.internal.time.Clock                                                  : loaded 2 times (x 68B)
Class kotlin.collections.AbstractList                                                 : loaded 2 times (x 195B)
Class kotlin.collections.AbstractCollection                                           : loaded 2 times (x 115B)
Class org.gradle.internal.classloader.VisitableURLClassLoader$InstrumentingVisitableURLClassLoader: loaded 2 times (x 121B)
Class org.gradle.internal.classloader.VisitableURLClassLoader$Spec                    : loaded 2 times (x 72B)
Class org.gradle.internal.classpath.DefaultClassPath                                  : loaded 2 times (x 88B)
Class org.gradle.internal.classloader.ClassLoaderSpec                                 : loaded 2 times (x 69B)
Class org.gradle.internal.classloader.VisitableURLClassLoader                         : loaded 2 times (x 115B)
Class org.gradle.internal.Cast                                                        : loaded 2 times (x 69B)
Class org.gradle.api.Action                                                           : loaded 2 times (x 68B)
Class kotlin.jvm.functions.Function1                                                  : loaded 2 times (x 68B)
Class org.gradle.internal.classpath.DefaultClassPath$ImmutableUniqueList$Builder      : loaded 2 times (x 73B)
Class kotlin.NotImplementedError                                                      : loaded 2 times (x 80B)
Class org.gradle.internal.exceptions.NonGradleCauseExceptionsHolder                   : loaded 2 times (x 68B)
Class kotlin.enums.EnumEntriesKt                                                      : loaded 2 times (x 69B)
Class org.gradle.internal.IoActions                                                   : loaded 2 times (x 69B)
Class org.gradle.internal.classloader.SystemClassLoaderSpec                           : loaded 2 times (x 69B)
Class org.gradle.internal.exceptions.MultiCauseException                              : loaded 2 times (x 68B)
Class org.gradle.internal.time.CountdownTimer                                         : loaded 2 times (x 68B)
Class kotlin.jvm.internal.Intrinsics                                                  : loaded 2 times (x 69B)
Class org.gradle.tooling.model.ProjectModel                                           : loaded 2 times (x 68B)
Class kotlin.KotlinNullPointerException                                               : loaded 2 times (x 81B)
Class org.gradle.internal.exceptions.DefaultMultiCauseException                       : loaded 2 times (x 93B)
Class org.gradle.internal.time.Time                                                   : loaded 2 times (x 69B)
Class org.gradle.api.internal.classpath.GlobalCacheRootsProvider                      : loaded 2 times (x 68B)
Class org.gradle.internal.time.Timer                                                  : loaded 2 times (x 68B)
Class kotlin.jvm.internal.markers.KMappedMarker                                       : loaded 2 times (x 68B)
Class org.gradle.internal.installation.CurrentGradleInstallationLocator               : loaded 2 times (x 69B)
Class org.gradle.internal.service.DefaultServiceLocator                               : loaded 2 times (x 81B)
Class org.gradle.util.GradleVersion                                                   : loaded 2 times (x 77B)
Class org.gradle.internal.installation.CurrentGradleInstallation                      : loaded 2 times (x 71B)
Class org.gradle.util.internal.GUtil                                                  : loaded 2 times (x 69B)
Class org.gradle.internal.installation.GradleInstallation                             : loaded 2 times (x 73B)

---------------  S Y S T E M  ---------------

OS:
 Windows 11 , 64 bit Build 26100 (10.0.26100.3323)
OS uptime: 2 days 3:01 hours
KVM virtualization detected

CPU: total 4 (initial active 4) (4 cores per cpu, 1 threads per core) family 6 model 58 stepping 9 microcode 0x1, cx8, cmov, fxsr, mmx, sse, sse2, sse3, ssse3, sse4.1, sse4.2, popcnt, tsc, avx, aes, erms, clmul, vzeroupper, clflush, hv, rdtscp, f16c
Processor Information for the first 4 processors :
  Max Mhz: 2700, Current Mhz: 2700, Mhz Limit: 2700

Memory: 4k page, system-wide physical 8191M (302M free)
TotalPageFile size 11634M (AvailPageFile size 7M)
current process WorkingSet (physical memory assigned to process): 293M, peak: 293M
current process commit charge ("private bytes"): 341M, peak: 343M

vm_info: OpenJDK 64-Bit Server VM (21.0.7+-13880790-b1038.58) for windows-amd64 JRE (21.0.7+-13880790-b1038.58), built on 2025-08-04T20:56:21Z by "builder" with MS VC++ 16.10 / 16.11 (VS2019)

END.
