#
# There is insufficient memory for the Java Runtime Environment to continue.
# Native memory allocation (mmap) failed to map 350224384 bytes for G1 virtual space
# Possible reasons:
#   The system is out of physical RAM or swap space
#   The process is running with CompressedOops enabled, and the Java Heap may be blocking the growth of the native heap
# Possible solutions:
#   Reduce memory load on the system
#   Increase physical memory or swap space
#   Check if swap backing store is full
#   Decrease Java heap size (-Xmx/-Xms)
#   Decrease number of Java threads
#   Decrease Java thread stack sizes (-Xss)
#   Set larger code cache with -XX:ReservedCodeCacheSize=
#   JVM is running with Unscaled Compressed Oops mode in which the Java heap is
#     placed in the first 4GB address space. The Java Heap base address is the
#     maximum limit for the native heap growth. Please use -XX:HeapBaseMinAddress
#     to set the Java Heap base and to place the Java Heap above 4GB virtual address.
# This output file may be truncated or incomplete.
#
#  Out of Memory Error (os_windows.cpp:3548), pid=10136, tid=6844
#
# JRE version: Java(TM) SE Runtime Environment (17.0.13+10) (build 17.0.13+10-LTS-268)
# Java VM: Java HotSpot(TM) 64-Bit Server VM (17.0.13+10-LTS-268, mixed mode, sharing, tiered, compressed oops, compressed class ptrs, g1 gc, windows-amd64)
# No core dump will be written. Minidumps are not enabled by default on client versions of Windows
#

---------------  S U M M A R Y ------------

Command Line: org.jetbrains.kotlin.cli.jvm.K2JVMCompiler @C:\Users\Administrator\AndroidStudioProjects\SalesNote\app\build\20250929_15656493492148866439.compiler.options

Host: Intel Xeon E3-12xx v2 (Ivy Bridge, IBRS), 4 cores, 7G,  Windows 11 , 64 bit Build 26100 (10.0.26100.3323)
Time: Mon Sep 29 01:17:23 2025 Central Daylight Time elapsed time: 37.321576 seconds (0d 0h 0m 37s)

---------------  T H R E A D  ---------------

Current thread (0x0000026efc8f2260):  VMThread "VM Thread" [stack: 0x000000bb39500000,0x000000bb39600000] [id=6844]

Stack: [0x000000bb39500000,0x000000bb39600000]
Native frames: (J=compiled Java code, j=interpreted, Vv=VM code, C=native code)
V  [jvm.dll+0x67a23a]
V  [jvm.dll+0x7da96d]
V  [jvm.dll+0x7dc2b3]
V  [jvm.dll+0x7dc923]
V  [jvm.dll+0x2450ef]
V  [jvm.dll+0x677279]
V  [jvm.dll+0x66bf22]
V  [jvm.dll+0x302006]
V  [jvm.dll+0x3095a6]
V  [jvm.dll+0x359e9e]
V  [jvm.dll+0x35a0cf]
V  [jvm.dll+0x2d90d8]
V  [jvm.dll+0x2d750d]
V  [jvm.dll+0x2d6b5c]
V  [jvm.dll+0x31a6bb]
V  [jvm.dll+0x7e121b]
V  [jvm.dll+0x7e1f54]
V  [jvm.dll+0x7e246d]
V  [jvm.dll+0x7e2844]
V  [jvm.dll+0x7e2910]
V  [jvm.dll+0x78af1a]
V  [jvm.dll+0x679125]
C  [ucrtbase.dll+0x37b0]
C  [KERNEL32.DLL+0x2e8d7]
C  [ntdll.dll+0xbbf6c]

VM_Operation (0x000000bb38ffc360): G1CollectForAllocation, mode: safepoint, requested by thread 0x0000026edef5d6d0


---------------  P R O C E S S  ---------------

Threads class SMR info:
_java_thread_list=0x0000026ec9d1f460, length=13, elements={
0x0000026edef5d6d0, 0x0000026efc8f64a0, 0x0000026efc8f7060, 0x0000026efc90fe00,
0x0000026efc9127d0, 0x0000026efc9141a0, 0x0000026efc914b60, 0x0000026efc915900,
0x0000026efcaa2440, 0x0000026efcaa4970, 0x0000026efcb6b790, 0x0000026efcb748f0,
0x0000026ec6ed6ff0
}

Java Threads: ( => current thread )
  0x0000026edef5d6d0 JavaThread "main" [_thread_blocked, id=9384, stack(0x000000bb38f00000,0x000000bb39000000)]
  0x0000026efc8f64a0 JavaThread "Reference Handler" daemon [_thread_blocked, id=10560, stack(0x000000bb39600000,0x000000bb39700000)]
  0x0000026efc8f7060 JavaThread "Finalizer" daemon [_thread_blocked, id=11104, stack(0x000000bb39700000,0x000000bb39800000)]
  0x0000026efc90fe00 JavaThread "Signal Dispatcher" daemon [_thread_blocked, id=3936, stack(0x000000bb39800000,0x000000bb39900000)]
  0x0000026efc9127d0 JavaThread "Attach Listener" daemon [_thread_blocked, id=6008, stack(0x000000bb39900000,0x000000bb39a00000)]
  0x0000026efc9141a0 JavaThread "Service Thread" daemon [_thread_blocked, id=10796, stack(0x000000bb39a00000,0x000000bb39b00000)]
  0x0000026efc914b60 JavaThread "Monitor Deflation Thread" daemon [_thread_blocked, id=11116, stack(0x000000bb39b00000,0x000000bb39c00000)]
  0x0000026efc915900 JavaThread "C2 CompilerThread0" daemon [_thread_blocked, id=8444, stack(0x000000bb39c00000,0x000000bb39d00000)]
  0x0000026efcaa2440 JavaThread "C1 CompilerThread0" daemon [_thread_blocked, id=7360, stack(0x000000bb39d00000,0x000000bb39e00000)]
  0x0000026efcaa4970 JavaThread "Sweeper thread" daemon [_thread_blocked, id=2804, stack(0x000000bb39e00000,0x000000bb39f00000)]
  0x0000026efcb6b790 JavaThread "Notification Thread" daemon [_thread_blocked, id=6612, stack(0x000000bb39f00000,0x000000bb3a000000)]
  0x0000026efcb748f0 JavaThread "Common-Cleaner" daemon [_thread_blocked, id=9292, stack(0x000000bb3a100000,0x000000bb3a200000)]
  0x0000026ec6ed6ff0 JavaThread "C2 CompilerThread1" daemon [_thread_blocked, id=3060, stack(0x000000bb38c00000,0x000000bb38d00000)]

Other Threads:
=>0x0000026efc8f2260 VMThread "VM Thread" [stack: 0x000000bb39500000,0x000000bb39600000] [id=6844]
  0x0000026efcb740a0 WatcherThread [stack: 0x000000bb3a000000,0x000000bb3a100000] [id=10788]
  0x0000026edefb91b0 GCTaskThread "GC Thread#0" [stack: 0x000000bb39000000,0x000000bb39100000] [id=6640]
  0x0000026efcf5e5d0 GCTaskThread "GC Thread#1" [stack: 0x000000bb3a200000,0x000000bb3a300000] [id=9820]
  0x0000026efcf68c80 GCTaskThread "GC Thread#2" [stack: 0x000000bb3a300000,0x000000bb3a400000] [id=10524]
  0x0000026efcf8ee90 GCTaskThread "GC Thread#3" [stack: 0x000000bb3a400000,0x000000bb3a500000] [id=10596]
  0x0000026edf008010 ConcurrentGCThread "G1 Main Marker" [stack: 0x000000bb39100000,0x000000bb39200000] [id=8984]
  0x0000026edf010b90 ConcurrentGCThread "G1 Conc#0" [stack: 0x000000bb39200000,0x000000bb39300000] [id=10316]
  0x0000026edf02d8d0 ConcurrentGCThread "G1 Refine#0" [stack: 0x000000bb39300000,0x000000bb39400000] [id=2988]
  0x0000026efd32e030 ConcurrentGCThread "G1 Refine#1" [stack: 0x000000bb3a500000,0x000000bb3a600000] [id=10700]
  0x0000026edf02e460 ConcurrentGCThread "G1 Service" [stack: 0x000000bb39400000,0x000000bb39500000] [id=10816]

Threads with active compile tasks:
C2 CompilerThread0    37361 11970       4       org.jetbrains.kotlin.fir.java.scopes.JavaClassStaticEnhancementScope::processPropertiesByName (29 bytes)
C2 CompilerThread1    37361 11971       4       org.jetbrains.kotlin.fir.java.scopes.JavaClassStaticUseSiteScope::processPropertiesByName (117 bytes)

VM state: at safepoint (normal execution)

VM Mutex/Monitor currently owned by a thread:  ([mutex/lock_event])
[0x0000026edef5a480] Threads_lock - owner thread: 0x0000026efc8f2260
[0x0000026edef599d0] Heap_lock - owner thread: 0x0000026edef5d6d0

Heap address: 0x0000000080000000, size: 2048 MB, Compressed Oops mode: 32-bit

CDS archive(s) mapped at: [0x0000026e80000000-0x0000026e80bd0000-0x0000026e80bd0000), size 12386304, SharedBaseAddress: 0x0000026e80000000, ArchiveRelocationMode: 1.
Compressed class space mapped at: 0x0000026e81000000-0x0000026ec1000000, reserved size: 1073741824
Narrow klass base: 0x0000026e80000000, Narrow klass shift: 0, Narrow klass range: 0x100000000

GC Precious Log:
 CPUs: 4 total, 4 available
 Memory: 8191M
 Large Page Support: Disabled
 NUMA Support: Disabled
 Compressed Oops: Enabled (32-bit)
 Heap Region Size: 1M
 Heap Min Capacity: 8M
 Heap Initial Capacity: 128M
 Heap Max Capacity: 2G
 Pre-touch: Disabled
 Parallel Workers: 4
 Concurrent Workers: 1
 Concurrent Refinement Workers: 4
 Periodic GC: Disabled

Heap:
 garbage-first heap   total 208896K, used 127875K [0x0000000080000000, 0x0000000100000000)
  region size 1024K, 6 young (6144K), 6 survivors (6144K)
 Metaspace       used 60835K, committed 61184K, reserved 1114112K
  class space    used 6502K, committed 6656K, reserved 1048576K

Heap Regions: E=young(eden), S=young(survivor), O=old, HS=humongous(starts), HC=humongous(continues), CS=collection set, F=free, OA=open archive, CA=closed archive, TAMS=top-at-mark-start (previous, next)
|   0|0x0000000080000000, 0x0000000080100000, 0x0000000080100000|100%|HS|  |TAMS 0x0000000080100000, 0x0000000080100000| Complete 
|   1|0x0000000080100000, 0x0000000080200000, 0x0000000080200000|100%|HC|  |TAMS 0x0000000080200000, 0x0000000080200000| Complete 
|   2|0x0000000080200000, 0x0000000080300000, 0x0000000080300000|100%|HC|  |TAMS 0x0000000080300000, 0x0000000080300000| Complete 
|   3|0x0000000080300000, 0x0000000080400000, 0x0000000080400000|100%| O|  |TAMS 0x0000000080400000, 0x0000000080400000| Untracked 
|   4|0x0000000080400000, 0x0000000080500000, 0x0000000080500000|100%| O|  |TAMS 0x0000000080500000, 0x0000000080500000| Untracked 
|   5|0x0000000080500000, 0x0000000080600000, 0x0000000080600000|100%| O|  |TAMS 0x0000000080600000, 0x0000000080600000| Untracked 
|   6|0x0000000080600000, 0x00000000806e1000, 0x0000000080700000| 87%| O|  |TAMS 0x00000000806e1000, 0x00000000806e1000| Untracked 
|   7|0x0000000080700000, 0x0000000080800000, 0x0000000080800000|100%| O|  |TAMS 0x0000000080800000, 0x0000000080800000| Untracked 
|   8|0x0000000080800000, 0x0000000080900000, 0x0000000080900000|100%| O|  |TAMS 0x0000000080900000, 0x0000000080900000| Untracked 
|   9|0x0000000080900000, 0x0000000080a00000, 0x0000000080a00000|100%| O|  |TAMS 0x0000000080a00000, 0x0000000080a00000| Untracked 
|  10|0x0000000080a00000, 0x0000000080b00000, 0x0000000080b00000|100%| O|  |TAMS 0x0000000080b00000, 0x0000000080b00000| Untracked 
|  11|0x0000000080b00000, 0x0000000080c00000, 0x0000000080c00000|100%| O|  |TAMS 0x0000000080c00000, 0x0000000080c00000| Untracked 
|  12|0x0000000080c00000, 0x0000000080d00000, 0x0000000080d00000|100%| O|  |TAMS 0x0000000080d00000, 0x0000000080d00000| Untracked 
|  13|0x0000000080d00000, 0x0000000080e00000, 0x0000000080e00000|100%| O|  |TAMS 0x0000000080e00000, 0x0000000080e00000| Untracked 
|  14|0x0000000080e00000, 0x0000000080f00000, 0x0000000080f00000|100%| O|  |TAMS 0x0000000080f00000, 0x0000000080f00000| Untracked 
|  15|0x0000000080f00000, 0x0000000081000000, 0x0000000081000000|100%| O|  |TAMS 0x0000000081000000, 0x0000000081000000| Untracked 
|  16|0x0000000081000000, 0x0000000081100000, 0x0000000081100000|100%| O|  |TAMS 0x0000000081100000, 0x0000000081100000| Untracked 
|  17|0x0000000081100000, 0x0000000081200000, 0x0000000081200000|100%| O|  |TAMS 0x0000000081200000, 0x0000000081200000| Untracked 
|  18|0x0000000081200000, 0x0000000081300000, 0x0000000081300000|100%| O|  |TAMS 0x0000000081300000, 0x0000000081300000| Untracked 
|  19|0x0000000081300000, 0x0000000081400000, 0x0000000081400000|100%| O|  |TAMS 0x0000000081400000, 0x0000000081400000| Untracked 
|  20|0x0000000081400000, 0x0000000081500000, 0x0000000081500000|100%| O|  |TAMS 0x0000000081500000, 0x0000000081500000| Untracked 
|  21|0x0000000081500000, 0x0000000081600000, 0x0000000081600000|100%| O|  |TAMS 0x0000000081600000, 0x0000000081600000| Untracked 
|  22|0x0000000081600000, 0x0000000081700000, 0x0000000081700000|100%| O|  |TAMS 0x0000000081700000, 0x0000000081700000| Untracked 
|  23|0x0000000081700000, 0x0000000081800000, 0x0000000081800000|100%| O|  |TAMS 0x0000000081800000, 0x0000000081800000| Untracked 
|  24|0x0000000081800000, 0x0000000081900000, 0x0000000081900000|100%| O|  |TAMS 0x0000000081900000, 0x0000000081900000| Untracked 
|  25|0x0000000081900000, 0x0000000081a00000, 0x0000000081a00000|100%| O|  |TAMS 0x0000000081a00000, 0x0000000081a00000| Untracked 
|  26|0x0000000081a00000, 0x0000000081b00000, 0x0000000081b00000|100%| O|  |TAMS 0x0000000081b00000, 0x0000000081b00000| Untracked 
|  27|0x0000000081b00000, 0x0000000081c00000, 0x0000000081c00000|100%| O|  |TAMS 0x0000000081c00000, 0x0000000081c00000| Untracked 
|  28|0x0000000081c00000, 0x0000000081d00000, 0x0000000081d00000|100%| O|  |TAMS 0x0000000081d00000, 0x0000000081d00000| Untracked 
|  29|0x0000000081d00000, 0x0000000081e00000, 0x0000000081e00000|100%| O|  |TAMS 0x0000000081e00000, 0x0000000081e00000| Untracked 
|  30|0x0000000081e00000, 0x0000000081f00000, 0x0000000081f00000|100%| O|  |TAMS 0x0000000081f00000, 0x0000000081f00000| Untracked 
|  31|0x0000000081f00000, 0x0000000082000000, 0x0000000082000000|100%| O|  |TAMS 0x0000000082000000, 0x0000000082000000| Untracked 
|  32|0x0000000082000000, 0x0000000082100000, 0x0000000082100000|100%| O|  |TAMS 0x0000000082000000, 0x0000000082000000| Untracked 
|  33|0x0000000082100000, 0x0000000082200000, 0x0000000082200000|100%| O|  |TAMS 0x0000000082200000, 0x0000000082200000| Untracked 
|  34|0x0000000082200000, 0x0000000082300000, 0x0000000082300000|100%| O|  |TAMS 0x0000000082300000, 0x0000000082300000| Untracked 
|  35|0x0000000082300000, 0x0000000082400000, 0x0000000082400000|100%| O|  |TAMS 0x0000000082400000, 0x0000000082400000| Untracked 
|  36|0x0000000082400000, 0x0000000082500000, 0x0000000082500000|100%| O|  |TAMS 0x0000000082500000, 0x0000000082500000| Untracked 
|  37|0x0000000082500000, 0x0000000082600000, 0x0000000082600000|100%| O|  |TAMS 0x0000000082600000, 0x0000000082600000| Untracked 
|  38|0x0000000082600000, 0x0000000082700000, 0x0000000082700000|100%| O|  |TAMS 0x0000000082700000, 0x0000000082700000| Untracked 
|  39|0x0000000082700000, 0x0000000082800000, 0x0000000082800000|100%| O|  |TAMS 0x0000000082800000, 0x0000000082800000| Untracked 
|  40|0x0000000082800000, 0x0000000082900000, 0x0000000082900000|100%| O|  |TAMS 0x0000000082900000, 0x0000000082900000| Untracked 
|  41|0x0000000082900000, 0x0000000082a00000, 0x0000000082a00000|100%| O|  |TAMS 0x0000000082a00000, 0x0000000082a00000| Untracked 
|  42|0x0000000082a00000, 0x0000000082b00000, 0x0000000082b00000|100%| O|  |TAMS 0x0000000082b00000, 0x0000000082b00000| Untracked 
|  43|0x0000000082b00000, 0x0000000082c00000, 0x0000000082c00000|100%| O|  |TAMS 0x0000000082c00000, 0x0000000082c00000| Untracked 
|  44|0x0000000082c00000, 0x0000000082d00000, 0x0000000082d00000|100%| O|  |TAMS 0x0000000082d00000, 0x0000000082d00000| Untracked 
|  45|0x0000000082d00000, 0x0000000082e00000, 0x0000000082e00000|100%| O|  |TAMS 0x0000000082e00000, 0x0000000082e00000| Untracked 
|  46|0x0000000082e00000, 0x0000000082f00000, 0x0000000082f00000|100%| O|  |TAMS 0x0000000082f00000, 0x0000000082f00000| Untracked 
|  47|0x0000000082f00000, 0x0000000083000000, 0x0000000083000000|100%| O|  |TAMS 0x0000000083000000, 0x0000000083000000| Untracked 
|  48|0x0000000083000000, 0x0000000083100000, 0x0000000083100000|100%| O|  |TAMS 0x0000000083100000, 0x0000000083100000| Untracked 
|  49|0x0000000083100000, 0x0000000083200000, 0x0000000083200000|100%| O|  |TAMS 0x0000000083200000, 0x0000000083200000| Untracked 
|  50|0x0000000083200000, 0x0000000083300000, 0x0000000083300000|100%| O|  |TAMS 0x0000000083300000, 0x0000000083300000| Untracked 
|  51|0x0000000083300000, 0x0000000083400000, 0x0000000083400000|100%| O|  |TAMS 0x0000000083400000, 0x0000000083400000| Untracked 
|  52|0x0000000083400000, 0x0000000083500000, 0x0000000083500000|100%| O|  |TAMS 0x0000000083500000, 0x0000000083500000| Untracked 
|  53|0x0000000083500000, 0x0000000083600000, 0x0000000083600000|100%| O|  |TAMS 0x0000000083600000, 0x0000000083600000| Untracked 
|  54|0x0000000083600000, 0x0000000083700000, 0x0000000083700000|100%| O|  |TAMS 0x0000000083700000, 0x0000000083700000| Untracked 
|  55|0x0000000083700000, 0x0000000083800000, 0x0000000083800000|100%| O|  |TAMS 0x0000000083800000, 0x0000000083800000| Untracked 
|  56|0x0000000083800000, 0x0000000083900000, 0x0000000083900000|100%| O|  |TAMS 0x0000000083900000, 0x0000000083900000| Untracked 
|  57|0x0000000083900000, 0x0000000083a00000, 0x0000000083a00000|100%| O|  |TAMS 0x0000000083a00000, 0x0000000083a00000| Untracked 
|  58|0x0000000083a00000, 0x0000000083b00000, 0x0000000083b00000|100%| O|  |TAMS 0x0000000083b00000, 0x0000000083b00000| Untracked 
|  59|0x0000000083b00000, 0x0000000083c00000, 0x0000000083c00000|100%| O|  |TAMS 0x0000000083c00000, 0x0000000083c00000| Untracked 
|  60|0x0000000083c00000, 0x0000000083d00000, 0x0000000083d00000|100%| O|  |TAMS 0x0000000083d00000, 0x0000000083d00000| Untracked 
|  61|0x0000000083d00000, 0x0000000083e00000, 0x0000000083e00000|100%| O|  |TAMS 0x0000000083e00000, 0x0000000083e00000| Untracked 
|  62|0x0000000083e00000, 0x0000000083f00000, 0x0000000083f00000|100%| O|  |TAMS 0x0000000083f00000, 0x0000000083f00000| Untracked 
|  63|0x0000000083f00000, 0x0000000084000000, 0x0000000084000000|100%| O|  |TAMS 0x0000000084000000, 0x0000000084000000| Untracked 
|  64|0x0000000084000000, 0x0000000084100000, 0x0000000084100000|100%| O|  |TAMS 0x0000000084100000, 0x0000000084100000| Untracked 
|  65|0x0000000084100000, 0x0000000084200000, 0x0000000084200000|100%| O|  |TAMS 0x0000000084200000, 0x0000000084200000| Untracked 
|  66|0x0000000084200000, 0x0000000084300000, 0x0000000084300000|100%| O|  |TAMS 0x0000000084300000, 0x0000000084300000| Untracked 
|  67|0x0000000084300000, 0x0000000084400000, 0x0000000084400000|100%| O|  |TAMS 0x0000000084400000, 0x0000000084400000| Untracked 
|  68|0x0000000084400000, 0x0000000084500000, 0x0000000084500000|100%| O|  |TAMS 0x0000000084500000, 0x0000000084500000| Untracked 
|  69|0x0000000084500000, 0x0000000084600000, 0x0000000084600000|100%| O|  |TAMS 0x0000000084600000, 0x0000000084600000| Untracked 
|  70|0x0000000084600000, 0x0000000084700000, 0x0000000084700000|100%| O|  |TAMS 0x0000000084700000, 0x0000000084700000| Untracked 
|  71|0x0000000084700000, 0x0000000084800000, 0x0000000084800000|100%| O|  |TAMS 0x0000000084800000, 0x0000000084800000| Untracked 
|  72|0x0000000084800000, 0x0000000084900000, 0x0000000084900000|100%| O|  |TAMS 0x0000000084900000, 0x0000000084900000| Untracked 
|  73|0x0000000084900000, 0x0000000084a00000, 0x0000000084a00000|100%| O|  |TAMS 0x0000000084a00000, 0x0000000084a00000| Untracked 
|  74|0x0000000084a00000, 0x0000000084b00000, 0x0000000084b00000|100%| O|  |TAMS 0x0000000084b00000, 0x0000000084b00000| Untracked 
|  75|0x0000000084b00000, 0x0000000084c00000, 0x0000000084c00000|100%| O|  |TAMS 0x0000000084c00000, 0x0000000084c00000| Untracked 
|  76|0x0000000084c00000, 0x0000000084d00000, 0x0000000084d00000|100%| O|  |TAMS 0x0000000084d00000, 0x0000000084d00000| Untracked 
|  77|0x0000000084d00000, 0x0000000084e00000, 0x0000000084e00000|100%| O|  |TAMS 0x0000000084e00000, 0x0000000084e00000| Untracked 
|  78|0x0000000084e00000, 0x0000000084f00000, 0x0000000084f00000|100%| O|  |TAMS 0x0000000084f00000, 0x0000000084f00000| Untracked 
|  79|0x0000000084f00000, 0x0000000085000000, 0x0000000085000000|100%| O|  |TAMS 0x0000000085000000, 0x0000000085000000| Untracked 
|  80|0x0000000085000000, 0x0000000085100000, 0x0000000085100000|100%| O|  |TAMS 0x0000000085100000, 0x0000000085100000| Untracked 
|  81|0x0000000085100000, 0x0000000085200000, 0x0000000085200000|100%| O|  |TAMS 0x0000000085200000, 0x0000000085200000| Untracked 
|  82|0x0000000085200000, 0x0000000085300000, 0x0000000085300000|100%| O|  |TAMS 0x0000000085300000, 0x0000000085300000| Untracked 
|  83|0x0000000085300000, 0x0000000085400000, 0x0000000085400000|100%| O|  |TAMS 0x0000000085300000, 0x0000000085400000| Untracked 
|  84|0x0000000085400000, 0x0000000085500000, 0x0000000085500000|100%| O|  |TAMS 0x0000000085500000, 0x0000000085500000| Untracked 
|  85|0x0000000085500000, 0x0000000085600000, 0x0000000085600000|100%| O|  |TAMS 0x0000000085600000, 0x0000000085600000| Untracked 
|  86|0x0000000085600000, 0x0000000085700000, 0x0000000085700000|100%| O|  |TAMS 0x0000000085700000, 0x0000000085700000| Untracked 
|  87|0x0000000085700000, 0x0000000085800000, 0x0000000085800000|100%| O|  |TAMS 0x0000000085800000, 0x0000000085800000| Untracked 
|  88|0x0000000085800000, 0x0000000085900000, 0x0000000085900000|100%| O|  |TAMS 0x0000000085800000, 0x0000000085900000| Untracked 
|  89|0x0000000085900000, 0x0000000085a00000, 0x0000000085a00000|100%| O|  |TAMS 0x0000000085a00000, 0x0000000085a00000| Untracked 
|  90|0x0000000085a00000, 0x0000000085b00000, 0x0000000085b00000|100%| O|  |TAMS 0x0000000085b00000, 0x0000000085b00000| Untracked 
|  91|0x0000000085b00000, 0x0000000085c00000, 0x0000000085c00000|100%| O|  |TAMS 0x0000000085c00000, 0x0000000085c00000| Untracked 
|  92|0x0000000085c00000, 0x0000000085d00000, 0x0000000085d00000|100%| O|  |TAMS 0x0000000085d00000, 0x0000000085d00000| Untracked 
|  93|0x0000000085d00000, 0x0000000085e00000, 0x0000000085e00000|100%| O|  |TAMS 0x0000000085e00000, 0x0000000085e00000| Untracked 
|  94|0x0000000085e00000, 0x0000000085f00000, 0x0000000085f00000|100%| O|  |TAMS 0x0000000085f00000, 0x0000000085f00000| Untracked 
|  95|0x0000000085f00000, 0x0000000086000000, 0x0000000086000000|100%| O|  |TAMS 0x0000000086000000, 0x0000000086000000| Untracked 
|  96|0x0000000086000000, 0x00000000860ffc00, 0x0000000086100000| 99%| O|  |TAMS 0x0000000086000000, 0x0000000086000000| Untracked 
|  97|0x0000000086100000, 0x0000000086200000, 0x0000000086200000|100%| O|  |TAMS 0x0000000086200000, 0x0000000086200000| Untracked 
|  98|0x0000000086200000, 0x0000000086300000, 0x0000000086300000|100%| O|  |TAMS 0x0000000086300000, 0x0000000086300000| Untracked 
|  99|0x0000000086300000, 0x0000000086400000, 0x0000000086400000|100%| O|  |TAMS 0x0000000086400000, 0x0000000086400000| Untracked 
| 100|0x0000000086400000, 0x0000000086500000, 0x0000000086500000|100%| O|  |TAMS 0x0000000086500000, 0x0000000086500000| Untracked 
| 101|0x0000000086500000, 0x0000000086600000, 0x0000000086600000|100%| O|  |TAMS 0x0000000086600000, 0x0000000086600000| Untracked 
| 102|0x0000000086600000, 0x0000000086700000, 0x0000000086700000|100%| O|  |TAMS 0x0000000086700000, 0x0000000086700000| Untracked 
| 103|0x0000000086700000, 0x0000000086800000, 0x0000000086800000|100%| O|  |TAMS 0x0000000086800000, 0x0000000086800000| Untracked 
| 104|0x0000000086800000, 0x0000000086900000, 0x0000000086900000|100%| O|  |TAMS 0x0000000086900000, 0x0000000086900000| Untracked 
| 105|0x0000000086900000, 0x0000000086a00000, 0x0000000086a00000|100%| O|  |TAMS 0x0000000086a00000, 0x0000000086a00000| Untracked 
| 106|0x0000000086a00000, 0x0000000086b00000, 0x0000000086b00000|100%| O|  |TAMS 0x0000000086adaa00, 0x0000000086b00000| Untracked 
| 107|0x0000000086b00000, 0x0000000086c00000, 0x0000000086c00000|100%| O|  |TAMS 0x0000000086b00000, 0x0000000086c00000| Untracked 
| 108|0x0000000086c00000, 0x0000000086d00000, 0x0000000086d00000|100%| O|  |TAMS 0x0000000086c00000, 0x0000000086d00000| Untracked 
| 109|0x0000000086d00000, 0x0000000086e00000, 0x0000000086e00000|100%| O|  |TAMS 0x0000000086d00000, 0x0000000086e00000| Untracked 
| 110|0x0000000086e00000, 0x0000000086f00000, 0x0000000086f00000|100%| O|  |TAMS 0x0000000086e00000, 0x0000000086f00000| Untracked 
| 111|0x0000000086f00000, 0x0000000087000000, 0x0000000087000000|100%| O|  |TAMS 0x0000000086f00000, 0x0000000087000000| Untracked 
| 112|0x0000000087000000, 0x0000000087100000, 0x0000000087100000|100%| O|  |TAMS 0x0000000087000000, 0x0000000087100000| Untracked 
| 113|0x0000000087100000, 0x0000000087200000, 0x0000000087200000|100%| O|  |TAMS 0x0000000087100000, 0x0000000087200000| Untracked 
| 114|0x0000000087200000, 0x0000000087300000, 0x0000000087300000|100%| O|  |TAMS 0x0000000087200000, 0x0000000087300000| Untracked 
| 115|0x0000000087300000, 0x0000000087400000, 0x0000000087400000|100%| O|  |TAMS 0x0000000087300000, 0x0000000087400000| Untracked 
| 116|0x0000000087400000, 0x0000000087500000, 0x0000000087500000|100%| O|  |TAMS 0x0000000087400000, 0x0000000087500000| Untracked 
| 117|0x0000000087500000, 0x0000000087600000, 0x0000000087600000|100%| O|  |TAMS 0x0000000087500000, 0x0000000087600000| Untracked 
| 118|0x0000000087600000, 0x0000000087700000, 0x0000000087700000|100%| O|  |TAMS 0x0000000087600000, 0x00000000876ab800| Untracked 
| 119|0x0000000087700000, 0x0000000087700000, 0x0000000087800000|  0%| F|  |TAMS 0x0000000087700000, 0x0000000087700000| Untracked 
| 120|0x0000000087800000, 0x0000000087800000, 0x0000000087900000|  0%| F|  |TAMS 0x0000000087800000, 0x0000000087800000| Untracked 
| 121|0x0000000087900000, 0x0000000087900000, 0x0000000087a00000|  0%| F|  |TAMS 0x0000000087900000, 0x0000000087900000| Untracked 
| 122|0x0000000087a00000, 0x0000000087a00000, 0x0000000087b00000|  0%| F|  |TAMS 0x0000000087a00000, 0x0000000087a00000| Untracked 
| 123|0x0000000087b00000, 0x0000000087b00000, 0x0000000087c00000|  0%| F|  |TAMS 0x0000000087b00000, 0x0000000087b00000| Untracked 
| 124|0x0000000087c00000, 0x0000000087c00000, 0x0000000087d00000|  0%| F|  |TAMS 0x0000000087c00000, 0x0000000087c00000| Untracked 
| 125|0x0000000087d00000, 0x0000000087d00000, 0x0000000087e00000|  0%| F|  |TAMS 0x0000000087d00000, 0x0000000087d00000| Untracked 
| 126|0x0000000087e00000, 0x0000000087e00000, 0x0000000087f00000|  0%| F|  |TAMS 0x0000000087e00000, 0x0000000087e00000| Untracked 
| 127|0x0000000087f00000, 0x0000000087f00000, 0x0000000088000000|  0%| F|  |TAMS 0x0000000087f00000, 0x0000000087f00000| Untracked 
| 128|0x0000000088000000, 0x0000000088000000, 0x0000000088100000|  0%| F|  |TAMS 0x0000000088000000, 0x0000000088000000| Untracked 
| 129|0x0000000088100000, 0x0000000088100000, 0x0000000088200000|  0%| F|  |TAMS 0x0000000088100000, 0x0000000088100000| Untracked 
| 130|0x0000000088200000, 0x0000000088200000, 0x0000000088300000|  0%| F|  |TAMS 0x0000000088200000, 0x0000000088200000| Untracked 
| 131|0x0000000088300000, 0x0000000088300000, 0x0000000088400000|  0%| F|  |TAMS 0x0000000088300000, 0x0000000088300000| Untracked 
| 132|0x0000000088400000, 0x0000000088400000, 0x0000000088500000|  0%| F|  |TAMS 0x0000000088400000, 0x0000000088400000| Untracked 
| 133|0x0000000088500000, 0x0000000088500000, 0x0000000088600000|  0%| F|  |TAMS 0x0000000088500000, 0x0000000088500000| Untracked 
| 134|0x0000000088600000, 0x0000000088600000, 0x0000000088700000|  0%| F|  |TAMS 0x0000000088600000, 0x0000000088600000| Untracked 
| 135|0x0000000088700000, 0x0000000088700000, 0x0000000088800000|  0%| F|  |TAMS 0x0000000088700000, 0x0000000088700000| Untracked 
| 136|0x0000000088800000, 0x0000000088800000, 0x0000000088900000|  0%| F|  |TAMS 0x0000000088800000, 0x0000000088800000| Untracked 
| 137|0x0000000088900000, 0x0000000088900000, 0x0000000088a00000|  0%| F|  |TAMS 0x0000000088900000, 0x0000000088900000| Untracked 
| 138|0x0000000088a00000, 0x0000000088a00000, 0x0000000088b00000|  0%| F|  |TAMS 0x0000000088a00000, 0x0000000088a00000| Untracked 
| 139|0x0000000088b00000, 0x0000000088b00000, 0x0000000088c00000|  0%| F|  |TAMS 0x0000000088b00000, 0x0000000088b00000| Untracked 
| 140|0x0000000088c00000, 0x0000000088c00000, 0x0000000088d00000|  0%| F|  |TAMS 0x0000000088c00000, 0x0000000088c00000| Untracked 
| 141|0x0000000088d00000, 0x0000000088d00000, 0x0000000088e00000|  0%| F|  |TAMS 0x0000000088d00000, 0x0000000088d00000| Untracked 
| 142|0x0000000088e00000, 0x0000000088e00000, 0x0000000088f00000|  0%| F|  |TAMS 0x0000000088e00000, 0x0000000088e00000| Untracked 
| 143|0x0000000088f00000, 0x0000000088f00000, 0x0000000089000000|  0%| F|  |TAMS 0x0000000088f00000, 0x0000000088f00000| Untracked 
| 144|0x0000000089000000, 0x0000000089000000, 0x0000000089100000|  0%| F|  |TAMS 0x0000000089000000, 0x0000000089000000| Untracked 
| 145|0x0000000089100000, 0x0000000089100000, 0x0000000089200000|  0%| F|  |TAMS 0x0000000089100000, 0x0000000089100000| Untracked 
| 146|0x0000000089200000, 0x0000000089200000, 0x0000000089300000|  0%| F|  |TAMS 0x0000000089200000, 0x0000000089200000| Untracked 
| 147|0x0000000089300000, 0x0000000089300000, 0x0000000089400000|  0%| F|  |TAMS 0x0000000089300000, 0x0000000089300000| Untracked 
| 148|0x0000000089400000, 0x0000000089400000, 0x0000000089500000|  0%| F|  |TAMS 0x0000000089400000, 0x0000000089400000| Untracked 
| 149|0x0000000089500000, 0x0000000089500000, 0x0000000089600000|  0%| F|  |TAMS 0x0000000089500000, 0x0000000089500000| Untracked 
| 150|0x0000000089600000, 0x0000000089600000, 0x0000000089700000|  0%| F|  |TAMS 0x0000000089600000, 0x0000000089600000| Untracked 
| 151|0x0000000089700000, 0x0000000089700000, 0x0000000089800000|  0%| F|  |TAMS 0x0000000089700000, 0x0000000089700000| Untracked 
| 152|0x0000000089800000, 0x0000000089800000, 0x0000000089900000|  0%| F|  |TAMS 0x0000000089800000, 0x0000000089800000| Untracked 
| 153|0x0000000089900000, 0x0000000089a00000, 0x0000000089a00000|100%| S|CS|TAMS 0x0000000089900000, 0x0000000089900000| Complete 
| 154|0x0000000089a00000, 0x0000000089b00000, 0x0000000089b00000|100%| S|CS|TAMS 0x0000000089a00000, 0x0000000089a00000| Complete 
| 155|0x0000000089b00000, 0x0000000089c00000, 0x0000000089c00000|100%| S|CS|TAMS 0x0000000089b00000, 0x0000000089b00000| Complete 
| 156|0x0000000089c00000, 0x0000000089d00000, 0x0000000089d00000|100%| S|CS|TAMS 0x0000000089c00000, 0x0000000089c00000| Complete 
| 157|0x0000000089d00000, 0x0000000089e00000, 0x0000000089e00000|100%| S|CS|TAMS 0x0000000089d00000, 0x0000000089d00000| Complete 
| 158|0x0000000089e00000, 0x0000000089f00000, 0x0000000089f00000|100%| S|CS|TAMS 0x0000000089e00000, 0x0000000089e00000| Complete 
| 159|0x0000000089f00000, 0x0000000089f00000, 0x000000008a000000|  0%| F|  |TAMS 0x0000000089f00000, 0x0000000089f00000| Untracked 
| 160|0x000000008a000000, 0x000000008a000000, 0x000000008a100000|  0%| F|  |TAMS 0x000000008a000000, 0x000000008a000000| Untracked 
| 161|0x000000008a100000, 0x000000008a100000, 0x000000008a200000|  0%| F|  |TAMS 0x000000008a100000, 0x000000008a100000| Untracked 
| 162|0x000000008a200000, 0x000000008a200000, 0x000000008a300000|  0%| F|  |TAMS 0x000000008a200000, 0x000000008a200000| Untracked 
| 163|0x000000008a300000, 0x000000008a300000, 0x000000008a400000|  0%| F|  |TAMS 0x000000008a300000, 0x000000008a300000| Untracked 
| 164|0x000000008a400000, 0x000000008a400000, 0x000000008a500000|  0%| F|  |TAMS 0x000000008a400000, 0x000000008a400000| Untracked 
| 165|0x000000008a500000, 0x000000008a500000, 0x000000008a600000|  0%| F|  |TAMS 0x000000008a500000, 0x000000008a500000| Untracked 
| 166|0x000000008a600000, 0x000000008a600000, 0x000000008a700000|  0%| F|  |TAMS 0x000000008a600000, 0x000000008a600000| Untracked 
| 167|0x000000008a700000, 0x000000008a700000, 0x000000008a800000|  0%| F|  |TAMS 0x000000008a700000, 0x000000008a700000| Untracked 
| 168|0x000000008a800000, 0x000000008a800000, 0x000000008a900000|  0%| F|  |TAMS 0x000000008a800000, 0x000000008a800000| Untracked 
| 169|0x000000008a900000, 0x000000008a900000, 0x000000008aa00000|  0%| F|  |TAMS 0x000000008a900000, 0x000000008a900000| Untracked 
| 170|0x000000008aa00000, 0x000000008aa00000, 0x000000008ab00000|  0%| F|  |TAMS 0x000000008aa00000, 0x000000008aa00000| Untracked 
| 171|0x000000008ab00000, 0x000000008ab00000, 0x000000008ac00000|  0%| F|  |TAMS 0x000000008ab00000, 0x000000008ab00000| Untracked 
| 172|0x000000008ac00000, 0x000000008ac00000, 0x000000008ad00000|  0%| F|  |TAMS 0x000000008ac00000, 0x000000008ac00000| Untracked 
| 173|0x000000008ad00000, 0x000000008ad00000, 0x000000008ae00000|  0%| F|  |TAMS 0x000000008ad00000, 0x000000008ad00000| Untracked 
| 174|0x000000008ae00000, 0x000000008ae00000, 0x000000008af00000|  0%| F|  |TAMS 0x000000008ae00000, 0x000000008ae00000| Untracked 
| 175|0x000000008af00000, 0x000000008af00000, 0x000000008b000000|  0%| F|  |TAMS 0x000000008af00000, 0x000000008af00000| Untracked 
| 176|0x000000008b000000, 0x000000008b000000, 0x000000008b100000|  0%| F|  |TAMS 0x000000008b000000, 0x000000008b000000| Untracked 
| 177|0x000000008b100000, 0x000000008b100000, 0x000000008b200000|  0%| F|  |TAMS 0x000000008b100000, 0x000000008b100000| Untracked 
| 178|0x000000008b200000, 0x000000008b200000, 0x000000008b300000|  0%| F|  |TAMS 0x000000008b200000, 0x000000008b200000| Untracked 
| 179|0x000000008b300000, 0x000000008b300000, 0x000000008b400000|  0%| F|  |TAMS 0x000000008b300000, 0x000000008b300000| Untracked 
| 180|0x000000008b400000, 0x000000008b400000, 0x000000008b500000|  0%| F|  |TAMS 0x000000008b400000, 0x000000008b400000| Untracked 
| 181|0x000000008b500000, 0x000000008b500000, 0x000000008b600000|  0%| F|  |TAMS 0x000000008b500000, 0x000000008b500000| Untracked 
| 182|0x000000008b600000, 0x000000008b600000, 0x000000008b700000|  0%| F|  |TAMS 0x000000008b600000, 0x000000008b600000| Untracked 
| 183|0x000000008b700000, 0x000000008b700000, 0x000000008b800000|  0%| F|  |TAMS 0x000000008b700000, 0x000000008b700000| Untracked 
| 184|0x000000008b800000, 0x000000008b800000, 0x000000008b900000|  0%| F|  |TAMS 0x000000008b800000, 0x000000008b800000| Untracked 
| 185|0x000000008b900000, 0x000000008b900000, 0x000000008ba00000|  0%| F|  |TAMS 0x000000008b900000, 0x000000008b900000| Untracked 
| 186|0x000000008ba00000, 0x000000008ba00000, 0x000000008bb00000|  0%| F|  |TAMS 0x000000008ba00000, 0x000000008ba00000| Untracked 
| 187|0x000000008bb00000, 0x000000008bb00000, 0x000000008bc00000|  0%| F|  |TAMS 0x000000008bb00000, 0x000000008bb00000| Untracked 
| 188|0x000000008bc00000, 0x000000008bc00000, 0x000000008bd00000|  0%| F|  |TAMS 0x000000008bc00000, 0x000000008bc00000| Untracked 
| 189|0x000000008bd00000, 0x000000008bd00000, 0x000000008be00000|  0%| F|  |TAMS 0x000000008bd00000, 0x000000008bd00000| Untracked 
| 190|0x000000008be00000, 0x000000008be00000, 0x000000008bf00000|  0%| F|  |TAMS 0x000000008be00000, 0x000000008be00000| Untracked 
| 191|0x000000008bf00000, 0x000000008bf00000, 0x000000008c000000|  0%| F|  |TAMS 0x000000008bf00000, 0x000000008bf00000| Untracked 
| 192|0x000000008c000000, 0x000000008c000000, 0x000000008c100000|  0%| F|  |TAMS 0x000000008c000000, 0x000000008c000000| Untracked 
| 193|0x000000008c100000, 0x000000008c100000, 0x000000008c200000|  0%| F|  |TAMS 0x000000008c100000, 0x000000008c100000| Untracked 
| 194|0x000000008c200000, 0x000000008c200000, 0x000000008c300000|  0%| F|  |TAMS 0x000000008c200000, 0x000000008c200000| Untracked 
| 195|0x000000008c300000, 0x000000008c300000, 0x000000008c400000|  0%| F|  |TAMS 0x000000008c300000, 0x000000008c300000| Untracked 
| 196|0x000000008c400000, 0x000000008c400000, 0x000000008c500000|  0%| F|  |TAMS 0x000000008c400000, 0x000000008c400000| Untracked 
| 197|0x000000008c500000, 0x000000008c500000, 0x000000008c600000|  0%| F|  |TAMS 0x000000008c500000, 0x000000008c500000| Untracked 
| 198|0x000000008c600000, 0x000000008c600000, 0x000000008c700000|  0%| F|  |TAMS 0x000000008c600000, 0x000000008c600000| Untracked 
| 199|0x000000008c700000, 0x000000008c700000, 0x000000008c800000|  0%| F|  |TAMS 0x000000008c700000, 0x000000008c700000| Untracked 
| 200|0x000000008c800000, 0x000000008c800000, 0x000000008c900000|  0%| F|  |TAMS 0x000000008c800000, 0x000000008c800000| Untracked 
| 201|0x000000008c900000, 0x000000008c900000, 0x000000008ca00000|  0%| F|  |TAMS 0x000000008c900000, 0x000000008c900000| Untracked 
| 202|0x000000008ca00000, 0x000000008ca00000, 0x000000008cb00000|  0%| F|  |TAMS 0x000000008ca00000, 0x000000008ca00000| Untracked 
| 203|0x000000008cb00000, 0x000000008cb00000, 0x000000008cc00000|  0%| F|  |TAMS 0x000000008cb00000, 0x000000008cb00000| Untracked 

Card table byte_map: [0x0000026ef5c30000,0x0000026ef6030000] _byte_map_base: 0x0000026ef5830000

Marking Bits (Prev, Next): (CMBitMap*) 0x0000026edefb9810, (CMBitMap*) 0x0000026edefb97d0
 Prev Bits: [0x0000026ef8430000, 0x0000026efa430000)
 Next Bits: [0x0000026ef6430000, 0x0000026ef8430000)

Polling page: 0x0000026edce60000

Metaspace:

Usage:
  Non-class:     53.06 MB used.
      Class:      6.35 MB used.
       Both:     59.41 MB used.

Virtual space:
  Non-class space:       64.00 MB reserved,      53.25 MB ( 83%) committed,  1 nodes.
      Class space:        1.00 GB reserved,       6.50 MB ( <1%) committed,  1 nodes.
             Both:        1.06 GB reserved,      59.75 MB (  5%) committed. 

Chunk freelists:
   Non-Class:  9.66 MB
       Class:  9.53 MB
        Both:  19.19 MB

MaxMetaspaceSize: unlimited
CompressedClassSpaceSize: 1.00 GB
Initial GC threshold: 21.00 MB
Current GC threshold: 87.81 MB
CDS: on
MetaspaceReclaimPolicy: balanced
 - commit_granule_bytes: 65536.
 - commit_granule_words: 8192.
 - virtual_space_node_default_size: 8388608.
 - enlarge_chunks_in_place: 1.
 - new_chunks_are_fully_committed: 0.
 - uncommit_free_chunks: 1.
 - use_allocation_guard: 0.
 - handle_deallocations: 1.


Internal statistics:

num_allocs_failed_limit: 6.
num_arena_births: 308.
num_arena_deaths: 0.
num_vsnodes_births: 2.
num_vsnodes_deaths: 0.
num_space_committed: 954.
num_space_uncommitted: 0.
num_chunks_returned_to_freelist: 6.
num_chunks_taken_from_freelist: 2425.
num_chunk_merges: 6.
num_chunk_splits: 1980.
num_chunks_enlarged: 1794.
num_inconsistent_stats: 0.

CodeHeap 'non-profiled nmethods': size=120000Kb used=6127Kb max_used=6127Kb free=113872Kb
 bounds [0x0000026eee300000, 0x0000026eee900000, 0x0000026ef5830000]
CodeHeap 'profiled nmethods': size=120000Kb used=38531Kb max_used=38531Kb free=81468Kb
 bounds [0x0000026ee6830000, 0x0000026ee8de0000, 0x0000026eedd60000]
CodeHeap 'non-nmethods': size=5760Kb used=1418Kb max_used=1488Kb free=4341Kb
 bounds [0x0000026eedd60000, 0x0000026eedfd0000, 0x0000026eee300000]
 total_blobs=11033 nmethods=10278 adapters=664
 compilation: enabled
              stopped_count=0, restarted_count=0
 full_count=0

Compilation events (20 events):
Event: 37.233 Thread 0x0000026efcaa2440 12033       3       org.jetbrains.kotlin.ir.visitors.IrElementVisitorVoid$DefaultImpls::visitBlockBody (14 bytes)
Event: 37.233 Thread 0x0000026efcaa2440 nmethod 12033 0x0000026ee8dcaf90 code [0x0000026ee8dcb1a0, 0x0000026ee8dcb808]
Event: 37.233 Thread 0x0000026efcaa2440 12034       3       org.jetbrains.kotlin.fir.pipeline.Fir2IrPipeline$buildForAll$ClassVisitor::visitBlockBody (6 bytes)
Event: 37.235 Thread 0x0000026efcaa2440 nmethod 12034 0x0000026ee8dcba90 code [0x0000026ee8dcbda0, 0x0000026ee8dccca8]
Event: 37.235 Thread 0x0000026efcaa2440 12035       3       org.jetbrains.kotlin.ir.visitors.IrElementVisitorVoid$DefaultImpls::visitBlockBody (17 bytes)
Event: 37.235 Thread 0x0000026efcaa2440 nmethod 12035 0x0000026ee8dcd210 code [0x0000026ee8dcd420, 0x0000026ee8dcda88]
Event: 37.235 Thread 0x0000026efcaa2440 12027       1       org.jetbrains.kotlin.ir.declarations.impl.IrFieldImpl::getInitializer (5 bytes)
Event: 37.236 Thread 0x0000026efcaa2440 nmethod 12027 0x0000026eee8fb790 code [0x0000026eee8fb920, 0x0000026eee8fb9f8]
Event: 37.236 Thread 0x0000026efcaa2440 12036       3       org.jetbrains.kotlin.fir.pipeline.Fir2IrPipeline$buildForAll$ClassVisitor::visitBody (6 bytes)
Event: 37.237 Thread 0x0000026efcaa2440 nmethod 12036 0x0000026ee8dcdd10 code [0x0000026ee8dce040, 0x0000026ee8dcf0c8]
Event: 37.237 Thread 0x0000026efcaa2440 12037       3       org.jetbrains.kotlin.ir.visitors.IrElementVisitorVoid$DefaultImpls::visitBody (17 bytes)
Event: 37.238 Thread 0x0000026efcaa2440 nmethod 12037 0x0000026ee8dcf690 code [0x0000026ee8dcf8a0, 0x0000026ee8dcff08]
Event: 37.238 Thread 0x0000026efcaa2440 12028       1       org.jetbrains.kotlin.ir.declarations.impl.IrFileImpl::getDeclarations (5 bytes)
Event: 37.238 Thread 0x0000026efcaa2440 nmethod 12028 0x0000026eee8fba90 code [0x0000026eee8fbc20, 0x0000026eee8fbcf8]
Event: 37.238 Thread 0x0000026efcaa2440 12038       3       org.jetbrains.kotlin.fir.backend.utils.OriginUtilsKt::irOrigin (115 bytes)
Event: 37.241 Thread 0x0000026efcaa2440 nmethod 12038 0x0000026ee8dd0190 code [0x0000026ee8dd06e0, 0x0000026ee8dd2fa8]
Event: 37.241 Thread 0x0000026efcaa2440 12039       3       org.jetbrains.kotlin.fir.lazy.Fir2IrLazyClass::getFir (8 bytes)
Event: 37.241 Thread 0x0000026efcaa2440 nmethod 12039 0x0000026ee8dd3c90 code [0x0000026ee8dd3e20, 0x0000026ee8dd3f38]
Event: 37.241 Thread 0x0000026efcaa2440 12040       3       org.jetbrains.kotlin.fir.lazy.Fir2IrLazyClass::setTypeParameters (13 bytes)
Event: 37.242 Thread 0x0000026efcaa2440 nmethod 12040 0x0000026ee8dd4010 code [0x0000026ee8dd4220, 0x0000026ee8dd4838]

GC Heap History (20 events):
Event: 21.548 GC heap after
{Heap after GC invocations=19 (full 0):
 garbage-first heap   total 151552K, used 82820K [0x0000000080000000, 0x0000000100000000)
  region size 1024K, 6 young (6144K), 6 survivors (6144K)
 Metaspace       used 48120K, committed 48448K, reserved 1114112K
  class space    used 5503K, committed 5632K, reserved 1048576K
}
Event: 21.742 GC heap before
{Heap before GC invocations=19 (full 0):
 garbage-first heap   total 151552K, used 116612K [0x0000000080000000, 0x0000000100000000)
  region size 1024K, 39 young (39936K), 6 survivors (6144K)
 Metaspace       used 48121K, committed 48448K, reserved 1114112K
  class space    used 5503K, committed 5632K, reserved 1048576K
}
Event: 21.762 GC heap after
{Heap after GC invocations=20 (full 0):
 garbage-first heap   total 182272K, used 91012K [0x0000000080000000, 0x0000000100000000)
  region size 1024K, 5 young (5120K), 5 survivors (5120K)
 Metaspace       used 48121K, committed 48448K, reserved 1114112K
  class space    used 5503K, committed 5632K, reserved 1048576K
}
Event: 24.766 GC heap before
{Heap before GC invocations=21 (full 0):
 garbage-first heap   total 182272K, used 137092K [0x0000000080000000, 0x0000000100000000)
  region size 1024K, 51 young (52224K), 5 survivors (5120K)
 Metaspace       used 48546K, committed 48896K, reserved 1114112K
  class space    used 5534K, committed 5696K, reserved 1048576K
}
Event: 24.785 GC heap after
{Heap after GC invocations=22 (full 0):
 garbage-first heap   total 182272K, used 97996K [0x0000000080000000, 0x0000000100000000)
  region size 1024K, 7 young (7168K), 7 survivors (7168K)
 Metaspace       used 48546K, committed 48896K, reserved 1114112K
  class space    used 5534K, committed 5696K, reserved 1048576K
}
Event: 24.791 GC heap before
{Heap before GC invocations=22 (full 0):
 garbage-first heap   total 182272K, used 97996K [0x0000000080000000, 0x0000000100000000)
  region size 1024K, 8 young (8192K), 7 survivors (7168K)
 Metaspace       used 48546K, committed 48896K, reserved 1114112K
  class space    used 5534K, committed 5696K, reserved 1048576K
}
Event: 24.802 GC heap after
{Heap after GC invocations=23 (full 0):
 garbage-first heap   total 182272K, used 98784K [0x0000000080000000, 0x0000000100000000)
  region size 1024K, 1 young (1024K), 1 survivors (1024K)
 Metaspace       used 48546K, committed 48896K, reserved 1114112K
  class space    used 5534K, committed 5696K, reserved 1048576K
}
Event: 27.186 GC heap before
{Heap before GC invocations=23 (full 0):
 garbage-first heap   total 182272K, used 140768K [0x0000000080000000, 0x0000000100000000)
  region size 1024K, 42 young (43008K), 1 survivors (1024K)
 Metaspace       used 49018K, committed 49344K, reserved 1114112K
  class space    used 5554K, committed 5696K, reserved 1048576K
}
Event: 27.198 GC heap after
{Heap after GC invocations=24 (full 0):
 garbage-first heap   total 182272K, used 103914K [0x0000000080000000, 0x0000000100000000)
  region size 1024K, 6 young (6144K), 6 survivors (6144K)
 Metaspace       used 49018K, committed 49344K, reserved 1114112K
  class space    used 5554K, committed 5696K, reserved 1048576K
}
Event: 30.077 GC heap before
{Heap before GC invocations=25 (full 0):
 garbage-first heap   total 182272K, used 143850K [0x0000000080000000, 0x0000000100000000)
  region size 1024K, 45 young (46080K), 6 survivors (6144K)
 Metaspace       used 52729K, committed 52992K, reserved 1114112K
  class space    used 5842K, committed 5952K, reserved 1048576K
}
Event: 30.095 GC heap after
{Heap after GC invocations=26 (full 0):
 garbage-first heap   total 182272K, used 108865K [0x0000000080000000, 0x0000000100000000)
  region size 1024K, 5 young (5120K), 5 survivors (5120K)
 Metaspace       used 52729K, committed 52992K, reserved 1114112K
  class space    used 5842K, committed 5952K, reserved 1048576K
}
Event: 30.151 GC heap before
{Heap before GC invocations=26 (full 0):
 garbage-first heap   total 182272K, used 111937K [0x0000000080000000, 0x0000000100000000)
  region size 1024K, 8 young (8192K), 5 survivors (5120K)
 Metaspace       used 52735K, committed 52992K, reserved 1114112K
  class space    used 5842K, committed 5952K, reserved 1048576K
}
Event: 30.163 GC heap after
{Heap after GC invocations=27 (full 0):
 garbage-first heap   total 182272K, used 108270K [0x0000000080000000, 0x0000000100000000)
  region size 1024K, 1 young (1024K), 1 survivors (1024K)
 Metaspace       used 52735K, committed 52992K, reserved 1114112K
  class space    used 5842K, committed 5952K, reserved 1048576K
}
Event: 32.406 GC heap before
{Heap before GC invocations=27 (full 0):
 garbage-first heap   total 182272K, used 146158K [0x0000000080000000, 0x0000000100000000)
  region size 1024K, 38 young (38912K), 1 survivors (1024K)
 Metaspace       used 53654K, committed 53888K, reserved 1114112K
  class space    used 5882K, committed 6016K, reserved 1048576K
}
Event: 32.426 GC heap after
{Heap after GC invocations=28 (full 0):
 garbage-first heap   total 182272K, used 115345K [0x0000000080000000, 0x0000000100000000)
  region size 1024K, 5 young (5120K), 5 survivors (5120K)
 Metaspace       used 53654K, committed 53888K, reserved 1114112K
  class space    used 5882K, committed 6016K, reserved 1048576K
}
Event: 34.174 GC heap before
{Heap before GC invocations=29 (full 0):
 garbage-first heap   total 208896K, used 146065K [0x0000000080000000, 0x0000000100000000)
  region size 1024K, 35 young (35840K), 5 survivors (5120K)
 Metaspace       used 56667K, committed 56960K, reserved 1114112K
  class space    used 6145K, committed 6272K, reserved 1048576K
}
Event: 34.195 GC heap after
{Heap after GC invocations=30 (full 0):
 garbage-first heap   total 208896K, used 120708K [0x0000000080000000, 0x0000000100000000)
  region size 1024K, 5 young (5120K), 5 survivors (5120K)
 Metaspace       used 56667K, committed 56960K, reserved 1114112K
  class space    used 6145K, committed 6272K, reserved 1048576K
}
Event: 34.471 GC heap before
{Heap before GC invocations=30 (full 0):
 garbage-first heap   total 208896K, used 125828K [0x0000000080000000, 0x0000000100000000)
  region size 1024K, 10 young (10240K), 5 survivors (5120K)
 Metaspace       used 57853K, committed 58176K, reserved 1114112K
  class space    used 6257K, committed 6400K, reserved 1048576K
}
Event: 34.483 GC heap after
{Heap after GC invocations=31 (full 0):
 garbage-first heap   total 208896K, used 120370K [0x0000000080000000, 0x0000000100000000)
  region size 1024K, 1 young (1024K), 1 survivors (1024K)
 Metaspace       used 57853K, committed 58176K, reserved 1114112K
  class space    used 6257K, committed 6400K, reserved 1048576K
}
Event: 37.247 GC heap before
{Heap before GC invocations=31 (full 0):
 garbage-first heap   total 208896K, used 165426K [0x0000000080000000, 0x0000000100000000)
  region size 1024K, 45 young (46080K), 1 survivors (1024K)
 Metaspace       used 60835K, committed 61184K, reserved 1114112K
  class space    used 6502K, committed 6656K, reserved 1048576K
}

Deoptimization events (20 events):
Event: 36.368 Thread 0x0000026edef5d6d0 Uncommon trap: trap_request=0xffffff66 fr.pc=0x0000026eee8bda1c relative=0x0000000000002b9c
Event: 36.368 Thread 0x0000026edef5d6d0 Uncommon trap: reason=speculate_class_check action=maybe_recompile pc=0x0000026eee8bda1c method=org.jetbrains.kotlin.fir.backend.Fir2IrClassifierStorage.getCachedIrLocalClass(Lorg/jetbrains/kotlin/fir/declarations/FirClass;)Lorg/jetbrains/kotlin/ir/declar
Event: 36.368 Thread 0x0000026edef5d6d0 DEOPT PACKING pc=0x0000026eee8bda1c sp=0x000000bb38ffcc00
Event: 36.368 Thread 0x0000026edef5d6d0 DEOPT UNPACKING pc=0x0000026eeddb23a3 sp=0x000000bb38ffcb10 mode 2
Event: 36.561 Thread 0x0000026edef5d6d0 Uncommon trap: trap_request=0xffffffde fr.pc=0x0000026eee7b6344 relative=0x0000000000000104
Event: 36.561 Thread 0x0000026edef5d6d0 Uncommon trap: reason=class_check action=maybe_recompile pc=0x0000026eee7b6344 method=org.jetbrains.kotlin.fir.resolve.substitution.AbstractConeSubstitutor.substituteRecursive(Lorg/jetbrains/kotlin/fir/types/ConeKotlinType;)Lorg/jetbrains/kotlin/fir/types
Event: 36.561 Thread 0x0000026edef5d6d0 DEOPT PACKING pc=0x0000026eee7b6344 sp=0x000000bb38ffc3e0
Event: 36.561 Thread 0x0000026edef5d6d0 DEOPT UNPACKING pc=0x0000026eeddb23a3 sp=0x000000bb38ffc2e8 mode 2
Event: 36.739 Thread 0x0000026edef5d6d0 Uncommon trap: trap_request=0xffffffde fr.pc=0x0000026eee7b6344 relative=0x0000000000000104
Event: 36.739 Thread 0x0000026edef5d6d0 Uncommon trap: reason=class_check action=maybe_recompile pc=0x0000026eee7b6344 method=org.jetbrains.kotlin.fir.resolve.substitution.AbstractConeSubstitutor.substituteRecursive(Lorg/jetbrains/kotlin/fir/types/ConeKotlinType;)Lorg/jetbrains/kotlin/fir/types
Event: 36.739 Thread 0x0000026edef5d6d0 DEOPT PACKING pc=0x0000026eee7b6344 sp=0x000000bb38ffc480
Event: 36.739 Thread 0x0000026edef5d6d0 DEOPT UNPACKING pc=0x0000026eeddb23a3 sp=0x000000bb38ffc388 mode 2
Event: 36.863 Thread 0x0000026edef5d6d0 Uncommon trap: trap_request=0xffffff45 fr.pc=0x0000026eee81db5c relative=0x00000000000056fc
Event: 36.863 Thread 0x0000026edef5d6d0 Uncommon trap: reason=unstable_if action=reinterpret pc=0x0000026eee81db5c method=org.jetbrains.kotlin.fir.java.FirJavaTypeConversionMode.getInsideAnnotation()Z @ 11 c2
Event: 36.863 Thread 0x0000026edef5d6d0 DEOPT PACKING pc=0x0000026eee81db5c sp=0x000000bb38ffb9e0
Event: 36.863 Thread 0x0000026edef5d6d0 DEOPT UNPACKING pc=0x0000026eeddb23a3 sp=0x000000bb38ffb940 mode 2
Event: 37.132 Thread 0x0000026edef5d6d0 Uncommon trap: trap_request=0xffffff45 fr.pc=0x0000026eee8e8934 relative=0x0000000000005e34
Event: 37.132 Thread 0x0000026edef5d6d0 Uncommon trap: reason=unstable_if action=reinterpret pc=0x0000026eee8e8934 method=org.jetbrains.kotlin.fir.backend.Fir2IrTypeConverter.toIrType(Lorg/jetbrains/kotlin/fir/types/ConeKotlinType;Lorg/jetbrains/kotlin/fir/backend/utils/ConversionTypeOrigin;Lja
Event: 37.132 Thread 0x0000026edef5d6d0 DEOPT PACKING pc=0x0000026eee8e8934 sp=0x000000bb38ffca30
Event: 37.132 Thread 0x0000026edef5d6d0 DEOPT UNPACKING pc=0x0000026eeddb23a3 sp=0x000000bb38ffc978 mode 2

Classes unloaded (0 events):
No events

Classes redefined (0 events):
No events

Internal exceptions (20 events):
Event: 19.571 Thread 0x0000026edef5d6d0 Exception <a 'java/lang/NoSuchMethodError'{0x0000000088322df0}: 'java.lang.Object java.lang.invoke.DirectMethodHandle$Holder.invokeStatic(java.lang.Object, int, java.lang.Object)'> (0x0000000088322df0) 
thrown [s\open\src\hotspot\share\interpreter\linkResolver.cpp, line 759]
Event: 24.026 Thread 0x0000026edef5d6d0 Exception <a 'java/lang/NoSuchMethodError'{0x0000000089209190}: 'java.lang.Object java.lang.invoke.DirectMethodHandle$Holder.newInvokeSpecial(java.lang.Object, java.lang.Object, java.lang.Object, java.lang.Object, java.lang.Object, int)'> (0x0000000089209190) 
thrown [s\open\src\hotspot\share\interpreter\linkResolver.cpp, line 759]
Event: 24.027 Thread 0x0000026edef5d6d0 Exception <a 'java/lang/NoSuchMethodError'{0x000000008920f330}: 'java.lang.Object java.lang.invoke.DirectMethodHandle$Holder.invokeSpecial(java.lang.Object, java.lang.Object, java.lang.Object, java.lang.Object, java.lang.Object, java.lang.Object, int)'> (0x000000008920f330) 
thrown [s\open\src\hotspot\share\interpreter\linkResolver.cpp, line 759]
Event: 24.028 Thread 0x0000026edef5d6d0 Exception <a 'java/lang/NoSuchMethodError'{0x0000000089214e58}: 'java.lang.Object java.lang.invoke.Invokers$Holder.linkToTargetMethod(java.lang.Object, java.lang.Object, java.lang.Object, java.lang.Object, int, java.lang.Object)'> (0x0000000089214e58) 
thrown [s\open\src\hotspot\share\interpreter\linkResolver.cpp, line 759]
Event: 28.521 Thread 0x0000026edef5d6d0 Implicit null exception at 0x0000026eee4cfcd5 to 0x0000026eee4cfe3c
Event: 29.611 Thread 0x0000026edef5d6d0 Implicit null exception at 0x0000026eee7ca3c0 to 0x0000026eee7ca89c
Event: 31.555 Thread 0x0000026edef5d6d0 Exception <a 'java/lang/NoSuchMethodError'{0x000000008a0a8ae8}: 'java.lang.Object java.lang.invoke.DirectMethodHandle$Holder.newInvokeSpecial(java.lang.Object, java.lang.Object, int, java.lang.Object, java.lang.Object, java.lang.Object)'> (0x000000008a0a8ae8) 
thrown [s\open\src\hotspot\share\interpreter\linkResolver.cpp, line 759]
Event: 31.556 Thread 0x0000026edef5d6d0 Exception <a 'java/lang/NoSuchMethodError'{0x000000008a0ace58}: 'java.lang.Object java.lang.invoke.DirectMethodHandle$Holder.invokeSpecial(java.lang.Object, java.lang.Object, java.lang.Object, int, java.lang.Object, java.lang.Object, java.lang.Object)'> (0x000000008a0ace58) 
thrown [s\open\src\hotspot\share\interpreter\linkResolver.cpp, line 759]
Event: 31.556 Thread 0x0000026edef5d6d0 Exception <a 'java/lang/NoSuchMethodError'{0x000000008a0b0738}: 'java.lang.Object java.lang.invoke.Invokers$Holder.linkToTargetMethod(java.lang.Object, int, java.lang.Object, java.lang.Object, java.lang.Object, java.lang.Object)'> (0x000000008a0b0738) 
thrown [s\open\src\hotspot\share\interpreter\linkResolver.cpp, line 759]
Event: 33.811 Thread 0x0000026edef5d6d0 Implicit null exception at 0x0000026eee4678f5 to 0x0000026eee467e9c
Event: 33.816 Thread 0x0000026edef5d6d0 Implicit null exception at 0x0000026eee325bf2 to 0x0000026eee326198
Event: 33.907 Thread 0x0000026edef5d6d0 Exception <a 'java/lang/NoSuchMethodError'{0x000000008bb81fc0}: 'java.lang.Object java.lang.invoke.DirectMethodHandle$Holder.invokeStatic(java.lang.Object, java.lang.Object, int)'> (0x000000008bb81fc0) 
thrown [s\open\src\hotspot\share\interpreter\linkResolver.cpp, line 759]
Event: 34.459 Thread 0x0000026edef5d6d0 Exception <a 'java/lang/NoSuchMethodError'{0x000000008c7ba688}: 'java.lang.Object java.lang.invoke.DirectMethodHandle$Holder.newInvokeSpecial(java.lang.Object, java.lang.Object, java.lang.Object, java.lang.Object, java.lang.Object, java.lang.Object, java.lang.Object, java.lang.Object, int)'> (0x000000008c7ba688) 
thrown [s\open\src\hotspot\share\interpreter\linkResolver.cpp, line 759]
Event: 34.460 Thread 0x0000026edef5d6d0 Exception <a 'java/lang/NoSuchMethodError'{0x000000008c7bfe50}: 'java.lang.Object java.lang.invoke.DirectMethodHandle$Holder.invokeSpecial(java.lang.Object, java.lang.Object, java.lang.Object, java.lang.Object, java.lang.Object, java.lang.Object, java.lang.Object, java.lang.Object, java.lang.Object, int)'> (0x000000008c7bfe50) 
thrown [s\open\src\hotspot\share\interpreter\linkResolver.cpp, line 759]
Event: 34.562 Thread 0x0000026edef5d6d0 Exception <a 'java/lang/NoSuchMethodError'{0x000000008ca512c0}: 'java.lang.Object java.lang.invoke.DirectMethodHandle$Holder.invokeStatic(java.lang.Object, java.lang.Object, int, int)'> (0x000000008ca512c0) 
thrown [s\open\src\hotspot\share\interpreter\linkResolver.cpp, line 759]
Event: 34.563 Thread 0x0000026edef5d6d0 Exception <a 'java/lang/NoSuchMethodError'{0x000000008ca58938}: 'java.lang.Object java.lang.invoke.DirectMethodHandle$Holder.newInvokeSpecial(java.lang.Object, java.lang.Object, int, int)'> (0x000000008ca58938) 
thrown [s\open\src\hotspot\share\interpreter\linkResolver.cpp, line 759]
Event: 34.564 Thread 0x0000026edef5d6d0 Exception <a 'java/lang/NoSuchMethodError'{0x000000008ca5ce08}: 'java.lang.Object java.lang.invoke.DirectMethodHandle$Holder.invokeSpecial(java.lang.Object, java.lang.Object, java.lang.Object, int, int)'> (0x000000008ca5ce08) 
thrown [s\open\src\hotspot\share\interpreter\linkResolver.cpp, line 759]
Event: 34.565 Thread 0x0000026edef5d6d0 Exception <a 'java/lang/NoSuchMethodError'{0x000000008ca60c38}: 'java.lang.Object java.lang.invoke.Invokers$Holder.linkToTargetMethod(java.lang.Object, int, int, java.lang.Object)'> (0x000000008ca60c38) 
thrown [s\open\src\hotspot\share\interpreter\linkResolver.cpp, line 759]
Event: 34.915 Thread 0x0000026edef5d6d0 Exception <a 'java/lang/NoSuchMethodError'{0x000000008c79ce40}: 'java.lang.Object java.lang.invoke.DirectMethodHandle$Holder.newInvokeSpecial(java.lang.Object, java.lang.Object, java.lang.Object, java.lang.Object, java.lang.Object, java.lang.Object, java.lang.Object, int)'> (0x000000008c79ce40) 
thrown [s\open\src\hotspot\share\interpreter\linkResolver.cpp, line 759]
Event: 34.915 Thread 0x0000026edef5d6d0 Exception <a 'java/lang/NoSuchMethodError'{0x000000008c7a1f00}: 'java.lang.Object java.lang.invoke.DirectMethodHandle$Holder.invokeSpecial(java.lang.Object, java.lang.Object, java.lang.Object, java.lang.Object, java.lang.Object, java.lang.Object, java.lang.Object, java.lang.Object, int)'> (0x000000008c7a1f00) 
thrown [s\open\src\hotspot\share\interpreter\linkResolver.cpp, line 759]

VM Operations (20 events):
Event: 34.484 Executing VM operation: G1CollectForAllocation done
Event: 34.774 Executing VM operation: HandshakeAllThreads
Event: 34.774 Executing VM operation: HandshakeAllThreads done
Event: 34.841 Executing VM operation: HandshakeAllThreads
Event: 34.841 Executing VM operation: HandshakeAllThreads done
Event: 34.910 Executing VM operation: ICBufferFull
Event: 34.910 Executing VM operation: ICBufferFull done
Event: 34.919 Executing VM operation: HandshakeAllThreads
Event: 34.919 Executing VM operation: HandshakeAllThreads done
Event: 35.578 Executing VM operation: ICBufferFull
Event: 35.578 Executing VM operation: ICBufferFull done
Event: 35.996 Executing VM operation: HandshakeAllThreads
Event: 35.996 Executing VM operation: HandshakeAllThreads done
Event: 36.267 Executing VM operation: ICBufferFull
Event: 36.268 Executing VM operation: ICBufferFull done
Event: 36.948 Executing VM operation: ICBufferFull
Event: 36.948 Executing VM operation: ICBufferFull done
Event: 37.224 Executing VM operation: ICBufferFull
Event: 37.224 Executing VM operation: ICBufferFull done
Event: 37.247 Executing VM operation: G1CollectForAllocation

Events (20 events):
Event: 34.053 Thread 0x0000026efcaa4970 flushing nmethod 0x0000026ee74f3610
Event: 34.053 Thread 0x0000026efcaa4970 flushing nmethod 0x0000026ee7540c90
Event: 34.054 Thread 0x0000026efcaa4970 flushing nmethod 0x0000026ee757b810
Event: 34.055 Thread 0x0000026efcaa4970 flushing nmethod 0x0000026ee7691810
Event: 34.059 Thread 0x0000026efcaa4970 flushing nmethod 0x0000026ee789fe10
Event: 34.061 Thread 0x0000026efcaa4970 flushing nmethod 0x0000026ee7a34510
Event: 34.061 Thread 0x0000026efcaa4970 flushing nmethod 0x0000026ee7aaa990
Event: 34.066 Thread 0x0000026efcaa4970 flushing nmethod 0x0000026ee7e22f10
Event: 34.068 Thread 0x0000026efcaa4970 flushing nmethod 0x0000026ee7fdd490
Event: 34.070 Thread 0x0000026efcaa4970 flushing nmethod 0x0000026ee8151190
Event: 34.071 Thread 0x0000026efcaa4970 flushing nmethod 0x0000026ee8236110
Event: 34.071 Thread 0x0000026efcaa4970 flushing nmethod 0x0000026ee825ea90
Event: 34.071 Thread 0x0000026efcaa4970 flushing nmethod 0x0000026ee8279a10
Event: 34.071 Thread 0x0000026efcaa4970 flushing nmethod 0x0000026ee82a8790
Event: 34.077 Thread 0x0000026efcaa4970 flushing nmethod 0x0000026ee8795e90
Event: 34.078 Thread 0x0000026efcaa4970 flushing nmethod 0x0000026ee87bf110
Event: 34.078 Thread 0x0000026efcaa4970 flushing nmethod 0x0000026ee8814210
Event: 34.078 Thread 0x0000026efcaa4970 flushing nmethod 0x0000026ee8876190
Event: 34.301 Thread 0x0000026efe134bc0 Thread exited: 0x0000026efe134bc0
Event: 35.200 Thread 0x0000026ec6ed6ff0 Thread added: 0x0000026ec6ed6ff0


Dynamic libraries:
0x00007ff6957c0000 - 0x00007ff6957d0000 	C:\Program Files\Java\jdk-17\bin\java.exe
0x00007ffe03640000 - 0x00007ffe038a3000 	C:\WINDOWS\SYSTEM32\ntdll.dll
0x00007ffe01af0000 - 0x00007ffe01bb7000 	C:\WINDOWS\System32\KERNEL32.DLL
0x00007ffe00dd0000 - 0x00007ffe01199000 	C:\WINDOWS\System32\KERNELBASE.dll
0x00007ffe00840000 - 0x00007ffe0098c000 	C:\WINDOWS\System32\ucrtbase.dll
0x00007ffdef6f0000 - 0x00007ffdef709000 	C:\Program Files\Java\jdk-17\bin\jli.dll
0x00007ffe01bc0000 - 0x00007ffe01c72000 	C:\WINDOWS\System32\ADVAPI32.dll
0x00007ffe01c90000 - 0x00007ffe01d39000 	C:\WINDOWS\System32\msvcrt.dll
0x00007ffe018e0000 - 0x00007ffe01986000 	C:\WINDOWS\System32\sechost.dll
0x00007ffe01460000 - 0x00007ffe01576000 	C:\WINDOWS\System32\RPCRT4.dll
0x00007ffe02dd0000 - 0x00007ffe02f9a000 	C:\WINDOWS\System32\USER32.dll
0x00007ffe00d10000 - 0x00007ffe00d37000 	C:\WINDOWS\System32\win32u.dll
0x00007ffe02440000 - 0x00007ffe0246a000 	C:\WINDOWS\System32\GDI32.dll
0x00007ffe011a0000 - 0x00007ffe012d1000 	C:\WINDOWS\System32\gdi32full.dll
0x00007ffe00990000 - 0x00007ffe00a33000 	C:\WINDOWS\System32\msvcp_win.dll
0x00007ffdef470000 - 0x00007ffdef48b000 	C:\Program Files\Java\jdk-17\bin\VCRUNTIME140.dll
0x00007ffde7b00000 - 0x00007ffde7d90000 	C:\WINDOWS\WinSxS\amd64_microsoft.windows.common-controls_6595b64144ccf1df_6.0.26100.3323_none_3e088096e3344490\COMCTL32.dll
0x00007ffdf0e90000 - 0x00007ffdf0e9b000 	C:\WINDOWS\SYSTEM32\VERSION.dll
0x00007ffe018a0000 - 0x00007ffe018cf000 	C:\WINDOWS\System32\IMM32.DLL
0x00007ffdf6690000 - 0x00007ffdf669c000 	C:\Program Files\Java\jdk-17\bin\vcruntime140_1.dll
0x00007ffdd7b00000 - 0x00007ffdd7b8e000 	C:\Program Files\Java\jdk-17\bin\msvcp140.dll
0x00007ffd99790000 - 0x00007ffd9a371000 	C:\Program Files\Java\jdk-17\bin\server\jvm.dll
0x00007ffe026a0000 - 0x00007ffe026a8000 	C:\WINDOWS\System32\PSAPI.DLL
0x00007ffdefb90000 - 0x00007ffdefb9a000 	C:\WINDOWS\SYSTEM32\WSOCK32.dll
0x00007ffe03390000 - 0x00007ffe03404000 	C:\WINDOWS\System32\WS2_32.dll
0x00007ffdf7130000 - 0x00007ffdf7166000 	C:\WINDOWS\SYSTEM32\WINMM.dll
0x00007ffdff660000 - 0x00007ffdff67a000 	C:\WINDOWS\SYSTEM32\kernel.appcore.dll
0x00007ffdef810000 - 0x00007ffdef81a000 	C:\Program Files\Java\jdk-17\bin\jimage.dll
0x00007ffde4170000 - 0x00007ffde43b1000 	C:\WINDOWS\SYSTEM32\DBGHELP.DLL
0x00007ffe02fa0000 - 0x00007ffe03322000 	C:\WINDOWS\System32\combase.dll
0x00007ffe03510000 - 0x00007ffe035e6000 	C:\WINDOWS\System32\OLEAUT32.dll
0x00007ffdecda0000 - 0x00007ffdecdd9000 	C:\WINDOWS\SYSTEM32\dbgcore.DLL
0x00007ffe00c70000 - 0x00007ffe00d09000 	C:\WINDOWS\System32\bcryptPrimitives.dll
0x00007ffde36c0000 - 0x00007ffde36e5000 	C:\Program Files\Java\jdk-17\bin\java.dll
0x00007ffda5e70000 - 0x00007ffda5f47000 	C:\Program Files\Java\jdk-17\bin\jsvml.dll
0x00007ffe026b0000 - 0x00007ffe02dc5000 	C:\WINDOWS\System32\SHELL32.dll
0x00007ffe00a40000 - 0x00007ffe00ba8000 	C:\WINDOWS\System32\wintypes.dll
0x00007ffdfe560000 - 0x00007ffdfeda5000 	C:\WINDOWS\SYSTEM32\windows.storage.dll
0x00007ffe017b0000 - 0x00007ffe0189b000 	C:\WINDOWS\System32\SHCORE.dll
0x00007ffe03330000 - 0x00007ffe0338d000 	C:\WINDOWS\System32\shlwapi.dll
0x00007ffe00750000 - 0x00007ffe0077f000 	C:\WINDOWS\SYSTEM32\profapi.dll
0x00007ffde84b0000 - 0x00007ffde84c9000 	C:\Program Files\Java\jdk-17\bin\net.dll
0x00007ffdf9210000 - 0x00007ffdf932e000 	C:\WINDOWS\SYSTEM32\WINHTTP.dll
0x00007ffdffb80000 - 0x00007ffdffbea000 	C:\WINDOWS\system32\mswsock.dll
0x00007ffde39f0000 - 0x00007ffde3a06000 	C:\Program Files\Java\jdk-17\bin\nio.dll
0x00007ffdeca90000 - 0x00007ffdecaa8000 	C:\Program Files\Java\jdk-17\bin\zip.dll
0x00007ffdecde0000 - 0x00007ffdecdf0000 	C:\Program Files\Java\jdk-17\bin\verify.dll

dbghelp: loaded successfully - version: 4.0.5 - missing functions: none
symbol engine: initialized successfully - sym options: 0x614 - pdb path: .;C:\Program Files\Java\jdk-17\bin;C:\WINDOWS\SYSTEM32;C:\WINDOWS\WinSxS\amd64_microsoft.windows.common-controls_6595b64144ccf1df_6.0.26100.3323_none_3e088096e3344490;C:\Program Files\Java\jdk-17\bin\server

VM Arguments:
java_command: org.jetbrains.kotlin.cli.jvm.K2JVMCompiler @C:\Users\Administrator\AndroidStudioProjects\SalesNote\app\build\20250929_15656493492148866439.compiler.options
java_class_path (initial): C:\Users\Administrator\.gradle\caches\modules-2\files-2.1\org.jetbrains.kotlin\kotlin-compiler-embeddable\2.0.21\79346ed53db48b18312a472602eb5c057070c54d\kotlin-compiler-embeddable-2.0.21.jar;C:\Users\Administrator\.gradle\caches\modules-2\files-2.1\org.jetbrains.kotlin\kotlin-stdlib\2.0.21\618b539767b4899b4660a83006e052b63f1db551\kotlin-stdlib-2.0.21.jar;C:\Users\Administrator\.gradle\caches\modules-2\files-2.1\org.jetbrains.kotlin\kotlin-script-runtime\2.0.21\c9b044380ad41f89aa89aa896c2d32a8c0b2129d\kotlin-script-runtime-2.0.21.jar;C:\Users\Administrator\.gradle\caches\modules-2\files-2.1\org.jetbrains.kotlin\kotlin-reflect\1.6.10\1cbe9c92c12a94eea200d23c2bbaedaf3daf5132\kotlin-reflect-1.6.10.jar;C:\Users\Administrator\.gradle\caches\modules-2\files-2.1\org.jetbrains.kotlin\kotlin-daemon-embeddable\2.0.21\c9e933b23287de9b5a17e2116b4657bb91aea72c\kotlin-daemon-embeddable-2.0.21.jar;C:\Users\Administrator\.gradle\caches\modules-2\files-2.1\org.jetbrains.intellij.deps\trove4j\1.0.20200330\3afb14d5f9ceb459d724e907a21145e8ff394f02\trove4j-1.0.20200330.jar;C:\Users\Administrator\.gradle\caches\modules-2\files-2.1\org.jetbrains.kotlinx\kotlinx-coroutines-core-jvm\1.6.4\2c997cd1c0ef33f3e751d3831929aeff1390cb30\kotlinx-coroutines-core-jvm-1.6.4.jar;C:\Users\Administrator\.gradle\caches\modules-2\files-2.1\org.jetbrains\annotations\13.0\919f0dfe192fb4e063e7dacadee7f8bb9a2672a9\annotations-13.0.jar
Launcher Type: SUN_STANDARD

[Global flags]
     intx CICompilerCount                          = 3                                         {product} {ergonomic}
     uint ConcGCThreads                            = 1                                         {product} {ergonomic}
     uint G1ConcRefinementThreads                  = 4                                         {product} {ergonomic}
   size_t G1HeapRegionSize                         = 1048576                                   {product} {ergonomic}
    uintx GCDrainStackTargetSize                   = 64                                        {product} {ergonomic}
   size_t InitialHeapSize                          = 134217728                                 {product} {ergonomic}
   size_t MarkStackSize                            = 4194304                                   {product} {ergonomic}
   size_t MaxHeapSize                              = 2147483648                                {product} {ergonomic}
   size_t MaxNewSize                               = 1287651328                                {product} {ergonomic}
   size_t MinHeapDeltaBytes                        = 1048576                                   {product} {ergonomic}
   size_t MinHeapSize                              = 8388608                                   {product} {ergonomic}
    uintx NonNMethodCodeHeapSize                   = 5832780                                {pd product} {ergonomic}
    uintx NonProfiledCodeHeapSize                  = 122912730                              {pd product} {ergonomic}
    uintx ProfiledCodeHeapSize                     = 122912730                              {pd product} {ergonomic}
    uintx ReservedCodeCacheSize                    = 251658240                              {pd product} {ergonomic}
     bool SegmentedCodeCache                       = true                                      {product} {ergonomic}
   size_t SoftMaxHeapSize                          = 2147483648                             {manageable} {ergonomic}
     bool UseCompressedClassPointers               = true                           {product lp64_product} {ergonomic}
     bool UseCompressedOops                        = true                           {product lp64_product} {ergonomic}
     bool UseG1GC                                  = true                                      {product} {ergonomic}
     bool UseLargePagesIndividualAllocation        = false                                  {pd product} {ergonomic}

Logging:
Log output configuration:
 #0: stdout all=warning uptime,level,tags
 #1: stderr all=off uptime,level,tags

Environment Variables:
JAVA_HOME=C:\Program Files\Java\jdk-17
PATH=C:\Program Files\Common Files\Oracle\Java\javapath;C:\WINDOWS\system32;C:\WINDOWS;C:\WINDOWS\System32\Wbem;C:\WINDOWS\System32\WindowsPowerShell\v1.0\;C:\WINDOWS\System32\OpenSSH\;C:\Users\Administrator\AppData\Local\Android\Sdk\platform-tools\;C:\Users\Administrator\AppData\Local\Microsoft\WindowsApps;
USERNAME=Administrator
OS=Windows_NT
PROCESSOR_IDENTIFIER=Intel64 Family 6 Model 58 Stepping 9, GenuineIntel



---------------  S Y S T E M  ---------------

OS:
 Windows 11 , 64 bit Build 26100 (10.0.26100.3323)
OS uptime: 2 days 23:52 hours
KVM virtualization detected

CPU: total 4 (initial active 4) (4 cores per cpu, 1 threads per core) family 6 model 58 stepping 9 microcode 0x1, cx8, cmov, fxsr, mmx, sse, sse2, sse3, ssse3, sse4.1, sse4.2, popcnt, tsc, avx, aes, erms, clmul, vzeroupper, clflush, hv

Memory: 4k page, system-wide physical 8191M (588M free)
TotalPageFile size 11634M (AvailPageFile size 317M)
current process WorkingSet (physical memory assigned to process): 436M, peak: 446M
current process commit charge ("private bytes"): 455M, peak: 789M

vm_info: Java HotSpot(TM) 64-Bit Server VM (17.0.13+10-LTS-268) for windows-amd64 JRE (17.0.13+10-LTS-268), built on Sep 30 2024 06:33:13 by "mach5one" with MS VC++ 17.6 (VS2022)

END.
